CRITICAL - 2022-12-12 03:42:42 --> Undefined offset: 0
in APPPATH\Views\Catlog\attributes_variations.php on line 36.
 1 APPPATH\Views\Catlog\attributes_variations.php(36): CodeIgniter\Debug\Exceptions->errorHandler(8, 'Undefined offset: 0', 'APPPATH\\Views\\Catlog\\attributes_variations.php', 36, [...])
 2 SYSTEMPATH\View\View.php(213): include('APPPATH\\Views\\Catlog\\attributes_variations.php')
 3 SYSTEMPATH\View\View.php(216): CodeIgniter\View\View->CodeIgniter\View\{closure}()
 4 SYSTEMPATH\Common.php(1134): CodeIgniter\View\View->render('Catlog/attributes_variations', [], true)
 5 APPPATH\Controllers\Catlog.php(89): view('Catlog/attributes_variations', [...])
 6 SYSTEMPATH\CodeIgniter.php(927): App\Controllers\Catlog->attr_variation_list()
 7 SYSTEMPATH\CodeIgniter.php(482): CodeIgniter\CodeIgniter->runController(Object(App\Controllers\Catlog))
 8 SYSTEMPATH\CodeIgniter.php(351): CodeIgniter\CodeIgniter->handleRequest(null, Object(Config\Cache), false)
 9 FCPATH\index.php(67): CodeIgniter\CodeIgniter->run()
CRITICAL - 2022-12-12 03:43:53 --> Undefined offset: 0
in APPPATH\Views\Catlog\attributes_variations.php on line 36.
 1 APPPATH\Views\Catlog\attributes_variations.php(36): CodeIgniter\Debug\Exceptions->errorHandler(8, 'Undefined offset: 0', 'APPPATH\\Views\\Catlog\\attributes_variations.php', 36, [...])
 2 SYSTEMPATH\View\View.php(213): include('APPPATH\\Views\\Catlog\\attributes_variations.php')
 3 SYSTEMPATH\View\View.php(216): CodeIgniter\View\View->CodeIgniter\View\{closure}()
 4 SYSTEMPATH\Common.php(1134): CodeIgniter\View\View->render('Catlog/attributes_variations', [], true)
 5 APPPATH\Controllers\Catlog.php(89): view('Catlog/attributes_variations', [...])
 6 SYSTEMPATH\CodeIgniter.php(927): App\Controllers\Catlog->attr_variation_list()
 7 SYSTEMPATH\CodeIgniter.php(482): CodeIgniter\CodeIgniter->runController(Object(App\Controllers\Catlog))
 8 SYSTEMPATH\CodeIgniter.php(351): CodeIgniter\CodeIgniter->handleRequest(null, Object(Config\Cache), false)
 9 FCPATH\index.php(67): CodeIgniter\CodeIgniter->run()
CRITICAL - 2022-12-12 03:44:05 --> Undefined offset: 0
in APPPATH\Views\Catlog\attributes_variations.php on line 36.
 1 APPPATH\Views\Catlog\attributes_variations.php(36): CodeIgniter\Debug\Exceptions->errorHandler(8, 'Undefined offset: 0', 'APPPATH\\Views\\Catlog\\attributes_variations.php', 36, [...])
 2 SYSTEMPATH\View\View.php(213): include('APPPATH\\Views\\Catlog\\attributes_variations.php')
 3 SYSTEMPATH\View\View.php(216): CodeIgniter\View\View->CodeIgniter\View\{closure}()
 4 SYSTEMPATH\Common.php(1134): CodeIgniter\View\View->render('Catlog/attributes_variations', [], true)
 5 APPPATH\Controllers\Catlog.php(89): view('Catlog/attributes_variations', [...])
 6 SYSTEMPATH\CodeIgniter.php(927): App\Controllers\Catlog->attr_variation_list()
 7 SYSTEMPATH\CodeIgniter.php(482): CodeIgniter\CodeIgniter->runController(Object(App\Controllers\Catlog))
 8 SYSTEMPATH\CodeIgniter.php(351): CodeIgniter\CodeIgniter->handleRequest(null, Object(Config\Cache), false)
 9 FCPATH\index.php(67): CodeIgniter\CodeIgniter->run()
CRITICAL - 2022-12-12 03:44:48 --> Undefined offset: 0
in APPPATH\Views\Catlog\attributes_variations.php on line 36.
 1 APPPATH\Views\Catlog\attributes_variations.php(36): CodeIgniter\Debug\Exceptions->errorHandler(8, 'Undefined offset: 0', 'APPPATH\\Views\\Catlog\\attributes_variations.php', 36, [...])
 2 SYSTEMPATH\View\View.php(213): include('APPPATH\\Views\\Catlog\\attributes_variations.php')
 3 SYSTEMPATH\View\View.php(216): CodeIgniter\View\View->CodeIgniter\View\{closure}()
 4 SYSTEMPATH\Common.php(1134): CodeIgniter\View\View->render('Catlog/attributes_variations', [], true)
 5 APPPATH\Controllers\Catlog.php(90): view('Catlog/attributes_variations', [...])
 6 SYSTEMPATH\CodeIgniter.php(927): App\Controllers\Catlog->attr_variation_list()
 7 SYSTEMPATH\CodeIgniter.php(482): CodeIgniter\CodeIgniter->runController(Object(App\Controllers\Catlog))
 8 SYSTEMPATH\CodeIgniter.php(351): CodeIgniter\CodeIgniter->handleRequest(null, Object(Config\Cache), false)
 9 FCPATH\index.php(67): CodeIgniter\CodeIgniter->run()
CRITICAL - 2022-12-12 03:44:57 --> Undefined offset: 0
in APPPATH\Views\Catlog\attributes_variations.php on line 36.
 1 APPPATH\Views\Catlog\attributes_variations.php(36): CodeIgniter\Debug\Exceptions->errorHandler(8, 'Undefined offset: 0', 'APPPATH\\Views\\Catlog\\attributes_variations.php', 36, [...])
 2 SYSTEMPATH\View\View.php(213): include('APPPATH\\Views\\Catlog\\attributes_variations.php')
 3 SYSTEMPATH\View\View.php(216): CodeIgniter\View\View->CodeIgniter\View\{closure}()
 4 SYSTEMPATH\Common.php(1134): CodeIgniter\View\View->render('Catlog/attributes_variations', [], true)
 5 APPPATH\Controllers\Catlog.php(90): view('Catlog/attributes_variations', [...])
 6 SYSTEMPATH\CodeIgniter.php(927): App\Controllers\Catlog->attr_variation_list()
 7 SYSTEMPATH\CodeIgniter.php(482): CodeIgniter\CodeIgniter->runController(Object(App\Controllers\Catlog))
 8 SYSTEMPATH\CodeIgniter.php(351): CodeIgniter\CodeIgniter->handleRequest(null, Object(Config\Cache), false)
 9 FCPATH\index.php(67): CodeIgniter\CodeIgniter->run()
CRITICAL - 2022-12-12 03:46:49 --> Undefined offset: 0
in APPPATH\Views\Catlog\attributes_variations.php on line 36.
 1 APPPATH\Views\Catlog\attributes_variations.php(36): CodeIgniter\Debug\Exceptions->errorHandler(8, 'Undefined offset: 0', 'APPPATH\\Views\\Catlog\\attributes_variations.php', 36, [...])
 2 SYSTEMPATH\View\View.php(213): include('APPPATH\\Views\\Catlog\\attributes_variations.php')
 3 SYSTEMPATH\View\View.php(216): CodeIgniter\View\View->CodeIgniter\View\{closure}()
 4 SYSTEMPATH\Common.php(1134): CodeIgniter\View\View->render('Catlog/attributes_variations', [], true)
 5 APPPATH\Controllers\Catlog.php(90): view('Catlog/attributes_variations', [...])
 6 SYSTEMPATH\CodeIgniter.php(927): App\Controllers\Catlog->attr_variation_list()
 7 SYSTEMPATH\CodeIgniter.php(482): CodeIgniter\CodeIgniter->runController(Object(App\Controllers\Catlog))
 8 SYSTEMPATH\CodeIgniter.php(351): CodeIgniter\CodeIgniter->handleRequest(null, Object(Config\Cache), false)
 9 FCPATH\index.php(67): CodeIgniter\CodeIgniter->run()
CRITICAL - 2022-12-12 03:46:59 --> Undefined index: id
in APPPATH\Views\Catlog\attributes_variations.php on line 36.
 1 APPPATH\Views\Catlog\attributes_variations.php(36): CodeIgniter\Debug\Exceptions->errorHandler(8, 'Undefined index: id', 'APPPATH\\Views\\Catlog\\attributes_variations.php', 36, [...])
 2 SYSTEMPATH\View\View.php(213): include('APPPATH\\Views\\Catlog\\attributes_variations.php')
 3 SYSTEMPATH\View\View.php(216): CodeIgniter\View\View->CodeIgniter\View\{closure}()
 4 SYSTEMPATH\Common.php(1134): CodeIgniter\View\View->render('Catlog/attributes_variations', [], true)
 5 APPPATH\Controllers\Catlog.php(90): view('Catlog/attributes_variations', [...])
 6 SYSTEMPATH\CodeIgniter.php(927): App\Controllers\Catlog->attr_variation_list()
 7 SYSTEMPATH\CodeIgniter.php(482): CodeIgniter\CodeIgniter->runController(Object(App\Controllers\Catlog))
 8 SYSTEMPATH\CodeIgniter.php(351): CodeIgniter\CodeIgniter->handleRequest(null, Object(Config\Cache), false)
 9 FCPATH\index.php(67): CodeIgniter\CodeIgniter->run()
CRITICAL - 2022-12-12 03:47:57 --> Undefined offset: 0
in APPPATH\Views\Catlog\attributes_variations.php on line 32.
 1 APPPATH\Views\Catlog\attributes_variations.php(32): CodeIgniter\Debug\Exceptions->errorHandler(8, 'Undefined offset: 0', 'APPPATH\\Views\\Catlog\\attributes_variations.php', 32, [...])
 2 SYSTEMPATH\View\View.php(213): include('APPPATH\\Views\\Catlog\\attributes_variations.php')
 3 SYSTEMPATH\View\View.php(216): CodeIgniter\View\View->CodeIgniter\View\{closure}()
 4 SYSTEMPATH\Common.php(1134): CodeIgniter\View\View->render('Catlog/attributes_variations', [], true)
 5 APPPATH\Controllers\Catlog.php(90): view('Catlog/attributes_variations', [...])
 6 SYSTEMPATH\CodeIgniter.php(927): App\Controllers\Catlog->attr_variation_list()
 7 SYSTEMPATH\CodeIgniter.php(482): CodeIgniter\CodeIgniter->runController(Object(App\Controllers\Catlog))
 8 SYSTEMPATH\CodeIgniter.php(351): CodeIgniter\CodeIgniter->handleRequest(null, Object(Config\Cache), false)
 9 FCPATH\index.php(67): CodeIgniter\CodeIgniter->run()
CRITICAL - 2022-12-12 03:48:52 --> Undefined index: id
in APPPATH\Views\Catlog\attributes_variations.php on line 32.
 1 APPPATH\Views\Catlog\attributes_variations.php(32): CodeIgniter\Debug\Exceptions->errorHandler(8, 'Undefined index: id', 'APPPATH\\Views\\Catlog\\attributes_variations.php', 32, [...])
 2 SYSTEMPATH\View\View.php(213): include('APPPATH\\Views\\Catlog\\attributes_variations.php')
 3 SYSTEMPATH\View\View.php(216): CodeIgniter\View\View->CodeIgniter\View\{closure}()
 4 SYSTEMPATH\Common.php(1134): CodeIgniter\View\View->render('Catlog/attributes_variations', [], true)
 5 APPPATH\Controllers\Catlog.php(90): view('Catlog/attributes_variations', [...])
 6 SYSTEMPATH\CodeIgniter.php(927): App\Controllers\Catlog->attr_variation_list()
 7 SYSTEMPATH\CodeIgniter.php(482): CodeIgniter\CodeIgniter->runController(Object(App\Controllers\Catlog))
 8 SYSTEMPATH\CodeIgniter.php(351): CodeIgniter\CodeIgniter->handleRequest(null, Object(Config\Cache), false)
 9 FCPATH\index.php(67): CodeIgniter\CodeIgniter->run()
CRITICAL - 2022-12-12 03:48:54 --> Undefined index: id
in APPPATH\Views\Catlog\attributes_variations.php on line 32.
 1 APPPATH\Views\Catlog\attributes_variations.php(32): CodeIgniter\Debug\Exceptions->errorHandler(8, 'Undefined index: id', 'APPPATH\\Views\\Catlog\\attributes_variations.php', 32, [...])
 2 SYSTEMPATH\View\View.php(213): include('APPPATH\\Views\\Catlog\\attributes_variations.php')
 3 SYSTEMPATH\View\View.php(216): CodeIgniter\View\View->CodeIgniter\View\{closure}()
 4 SYSTEMPATH\Common.php(1134): CodeIgniter\View\View->render('Catlog/attributes_variations', [], true)
 5 APPPATH\Controllers\Catlog.php(90): view('Catlog/attributes_variations', [...])
 6 SYSTEMPATH\CodeIgniter.php(927): App\Controllers\Catlog->attr_variation_list()
 7 SYSTEMPATH\CodeIgniter.php(482): CodeIgniter\CodeIgniter->runController(Object(App\Controllers\Catlog))
 8 SYSTEMPATH\CodeIgniter.php(351): CodeIgniter\CodeIgniter->handleRequest(null, Object(Config\Cache), false)
 9 FCPATH\index.php(67): CodeIgniter\CodeIgniter->run()
CRITICAL - 2022-12-12 03:51:57 --> Undefined offset: 0
in APPPATH\Views\Catlog\attributes_variations.php on line 37.
 1 APPPATH\Views\Catlog\attributes_variations.php(37): CodeIgniter\Debug\Exceptions->errorHandler(8, 'Undefined offset: 0', 'APPPATH\\Views\\Catlog\\attributes_variations.php', 37, [...])
 2 SYSTEMPATH\View\View.php(213): include('APPPATH\\Views\\Catlog\\attributes_variations.php')
 3 SYSTEMPATH\View\View.php(216): CodeIgniter\View\View->CodeIgniter\View\{closure}()
 4 SYSTEMPATH\Common.php(1134): CodeIgniter\View\View->render('Catlog/attributes_variations', [], true)
 5 APPPATH\Controllers\Catlog.php(90): view('Catlog/attributes_variations', [...])
 6 SYSTEMPATH\CodeIgniter.php(927): App\Controllers\Catlog->attr_variation_list()
 7 SYSTEMPATH\CodeIgniter.php(482): CodeIgniter\CodeIgniter->runController(Object(App\Controllers\Catlog))
 8 SYSTEMPATH\CodeIgniter.php(351): CodeIgniter\CodeIgniter->handleRequest(null, Object(Config\Cache), false)
 9 FCPATH\index.php(67): CodeIgniter\CodeIgniter->run()
CRITICAL - 2022-12-12 03:52:31 --> Undefined offset: 0
in APPPATH\Views\Catlog\attributes_variations.php on line 37.
 1 APPPATH\Views\Catlog\attributes_variations.php(37): CodeIgniter\Debug\Exceptions->errorHandler(8, 'Undefined offset: 0', 'APPPATH\\Views\\Catlog\\attributes_variations.php', 37, [...])
 2 SYSTEMPATH\View\View.php(213): include('APPPATH\\Views\\Catlog\\attributes_variations.php')
 3 SYSTEMPATH\View\View.php(216): CodeIgniter\View\View->CodeIgniter\View\{closure}()
 4 SYSTEMPATH\Common.php(1134): CodeIgniter\View\View->render('Catlog/attributes_variations', [], true)
 5 APPPATH\Controllers\Catlog.php(90): view('Catlog/attributes_variations', [...])
 6 SYSTEMPATH\CodeIgniter.php(927): App\Controllers\Catlog->attr_variation_list()
 7 SYSTEMPATH\CodeIgniter.php(482): CodeIgniter\CodeIgniter->runController(Object(App\Controllers\Catlog))
 8 SYSTEMPATH\CodeIgniter.php(351): CodeIgniter\CodeIgniter->handleRequest(null, Object(Config\Cache), false)
 9 FCPATH\index.php(67): CodeIgniter\CodeIgniter->run()
CRITICAL - 2022-12-12 03:56:20 --> Undefined offset: 0
in APPPATH\Views\Catlog\attributes_variations.php on line 37.
 1 APPPATH\Views\Catlog\attributes_variations.php(37): CodeIgniter\Debug\Exceptions->errorHandler(8, 'Undefined offset: 0', 'APPPATH\\Views\\Catlog\\attributes_variations.php', 37, [...])
 2 SYSTEMPATH\View\View.php(213): include('APPPATH\\Views\\Catlog\\attributes_variations.php')
 3 SYSTEMPATH\View\View.php(216): CodeIgniter\View\View->CodeIgniter\View\{closure}()
 4 SYSTEMPATH\Common.php(1134): CodeIgniter\View\View->render('Catlog/attributes_variations', [], true)
 5 APPPATH\Controllers\Catlog.php(90): view('Catlog/attributes_variations', [...])
 6 SYSTEMPATH\CodeIgniter.php(927): App\Controllers\Catlog->attr_variation_list()
 7 SYSTEMPATH\CodeIgniter.php(482): CodeIgniter\CodeIgniter->runController(Object(App\Controllers\Catlog))
 8 SYSTEMPATH\CodeIgniter.php(351): CodeIgniter\CodeIgniter->handleRequest(null, Object(Config\Cache), false)
 9 FCPATH\index.php(67): CodeIgniter\CodeIgniter->run()
CRITICAL - 2022-12-12 03:57:25 --> Undefined variable: view_att_variation
in APPPATH\Views\Catlog\attributes_variations.php on line 34.
 1 APPPATH\Views\Catlog\attributes_variations.php(34): CodeIgniter\Debug\Exceptions->errorHandler(8, 'Undefined variable: view_att_variation', 'APPPATH\\Views\\Catlog\\attributes_variations.php', 34, [...])
 2 SYSTEMPATH\View\View.php(213): include('APPPATH\\Views\\Catlog\\attributes_variations.php')
 3 SYSTEMPATH\View\View.php(216): CodeIgniter\View\View->CodeIgniter\View\{closure}()
 4 SYSTEMPATH\Common.php(1134): CodeIgniter\View\View->render('Catlog/attributes_variations', [], true)
 5 APPPATH\Controllers\Catlog.php(90): view('Catlog/attributes_variations', [...])
 6 SYSTEMPATH\CodeIgniter.php(927): App\Controllers\Catlog->attr_variation_list()
 7 SYSTEMPATH\CodeIgniter.php(482): CodeIgniter\CodeIgniter->runController(Object(App\Controllers\Catlog))
 8 SYSTEMPATH\CodeIgniter.php(351): CodeIgniter\CodeIgniter->handleRequest(null, Object(Config\Cache), false)
 9 FCPATH\index.php(67): CodeIgniter\CodeIgniter->run()
CRITICAL - 2022-12-12 03:57:46 --> Undefined variable: view_att_variation
in APPPATH\Views\Catlog\attributes_variations.php on line 34.
 1 APPPATH\Views\Catlog\attributes_variations.php(34): CodeIgniter\Debug\Exceptions->errorHandler(8, 'Undefined variable: view_att_variation', 'APPPATH\\Views\\Catlog\\attributes_variations.php', 34, [...])
 2 SYSTEMPATH\View\View.php(213): include('APPPATH\\Views\\Catlog\\attributes_variations.php')
 3 SYSTEMPATH\View\View.php(216): CodeIgniter\View\View->CodeIgniter\View\{closure}()
 4 SYSTEMPATH\Common.php(1134): CodeIgniter\View\View->render('Catlog/attributes_variations', [], true)
 5 APPPATH\Controllers\Catlog.php(90): view('Catlog/attributes_variations', [...])
 6 SYSTEMPATH\CodeIgniter.php(927): App\Controllers\Catlog->attr_variation_list()
 7 SYSTEMPATH\CodeIgniter.php(482): CodeIgniter\CodeIgniter->runController(Object(App\Controllers\Catlog))
 8 SYSTEMPATH\CodeIgniter.php(351): CodeIgniter\CodeIgniter->handleRequest(null, Object(Config\Cache), false)
 9 FCPATH\index.php(67): CodeIgniter\CodeIgniter->run()
CRITICAL - 2022-12-12 03:58:51 --> Undefined variable: view_att_variation
in APPPATH\Views\Catlog\attributes_variations.php on line 34.
 1 APPPATH\Views\Catlog\attributes_variations.php(34): CodeIgniter\Debug\Exceptions->errorHandler(8, 'Undefined variable: view_att_variation', 'APPPATH\\Views\\Catlog\\attributes_variations.php', 34, [...])
 2 SYSTEMPATH\View\View.php(213): include('APPPATH\\Views\\Catlog\\attributes_variations.php')
 3 SYSTEMPATH\View\View.php(216): CodeIgniter\View\View->CodeIgniter\View\{closure}()
 4 SYSTEMPATH\Common.php(1134): CodeIgniter\View\View->render('Catlog/attributes_variations', [], true)
 5 APPPATH\Controllers\Catlog.php(90): view('Catlog/attributes_variations', [...])
 6 SYSTEMPATH\CodeIgniter.php(927): App\Controllers\Catlog->attr_variation_list()
 7 SYSTEMPATH\CodeIgniter.php(482): CodeIgniter\CodeIgniter->runController(Object(App\Controllers\Catlog))
 8 SYSTEMPATH\CodeIgniter.php(351): CodeIgniter\CodeIgniter->handleRequest(null, Object(Config\Cache), false)
 9 FCPATH\index.php(67): CodeIgniter\CodeIgniter->run()
CRITICAL - 2022-12-12 03:59:11 --> Undefined variable: view_att_variation
in APPPATH\Views\Catlog\attributes_variations.php on line 34.
 1 APPPATH\Views\Catlog\attributes_variations.php(34): CodeIgniter\Debug\Exceptions->errorHandler(8, 'Undefined variable: view_att_variation', 'APPPATH\\Views\\Catlog\\attributes_variations.php', 34, [...])
 2 SYSTEMPATH\View\View.php(213): include('APPPATH\\Views\\Catlog\\attributes_variations.php')
 3 SYSTEMPATH\View\View.php(216): CodeIgniter\View\View->CodeIgniter\View\{closure}()
 4 SYSTEMPATH\Common.php(1134): CodeIgniter\View\View->render('Catlog/attributes_variations', [], true)
 5 APPPATH\Controllers\Catlog.php(90): view('Catlog/attributes_variations', [...])
 6 SYSTEMPATH\CodeIgniter.php(927): App\Controllers\Catlog->attr_variation_list()
 7 SYSTEMPATH\CodeIgniter.php(482): CodeIgniter\CodeIgniter->runController(Object(App\Controllers\Catlog))
 8 SYSTEMPATH\CodeIgniter.php(351): CodeIgniter\CodeIgniter->handleRequest(null, Object(Config\Cache), false)
 9 FCPATH\index.php(67): CodeIgniter\CodeIgniter->run()
CRITICAL - 2022-12-12 04:00:46 --> Undefined offset: 0
in APPPATH\Views\Catlog\attributes_variations.php on line 37.
 1 APPPATH\Views\Catlog\attributes_variations.php(37): CodeIgniter\Debug\Exceptions->errorHandler(8, 'Undefined offset: 0', 'APPPATH\\Views\\Catlog\\attributes_variations.php', 37, [...])
 2 SYSTEMPATH\View\View.php(213): include('APPPATH\\Views\\Catlog\\attributes_variations.php')
 3 SYSTEMPATH\View\View.php(216): CodeIgniter\View\View->CodeIgniter\View\{closure}()
 4 SYSTEMPATH\Common.php(1134): CodeIgniter\View\View->render('Catlog/attributes_variations', [], true)
 5 APPPATH\Controllers\Catlog.php(90): view('Catlog/attributes_variations', [...])
 6 SYSTEMPATH\CodeIgniter.php(927): App\Controllers\Catlog->attr_variation_list()
 7 SYSTEMPATH\CodeIgniter.php(482): CodeIgniter\CodeIgniter->runController(Object(App\Controllers\Catlog))
 8 SYSTEMPATH\CodeIgniter.php(351): CodeIgniter\CodeIgniter->handleRequest(null, Object(Config\Cache), false)
 9 FCPATH\index.php(67): CodeIgniter\CodeIgniter->run()
CRITICAL - 2022-12-12 04:02:28 --> Undefined variable: view_att_variation
in APPPATH\Views\Catlog\attributes_variations.php on line 34.
 1 APPPATH\Views\Catlog\attributes_variations.php(34): CodeIgniter\Debug\Exceptions->errorHandler(8, 'Undefined variable: view_att_variation', 'APPPATH\\Views\\Catlog\\attributes_variations.php', 34, [...])
 2 SYSTEMPATH\View\View.php(213): include('APPPATH\\Views\\Catlog\\attributes_variations.php')
 3 SYSTEMPATH\View\View.php(216): CodeIgniter\View\View->CodeIgniter\View\{closure}()
 4 SYSTEMPATH\Common.php(1134): CodeIgniter\View\View->render('Catlog/attributes_variations', [], true)
 5 APPPATH\Controllers\Catlog.php(90): view('Catlog/attributes_variations', [...])
 6 SYSTEMPATH\CodeIgniter.php(927): App\Controllers\Catlog->attr_variation_list()
 7 SYSTEMPATH\CodeIgniter.php(482): CodeIgniter\CodeIgniter->runController(Object(App\Controllers\Catlog))
 8 SYSTEMPATH\CodeIgniter.php(351): CodeIgniter\CodeIgniter->handleRequest(null, Object(Config\Cache), false)
 9 FCPATH\index.php(67): CodeIgniter\CodeIgniter->run()
CRITICAL - 2022-12-12 04:02:53 --> Undefined variable: view_att_variation
in APPPATH\Views\Catlog\attributes_variations.php on line 34.
 1 APPPATH\Views\Catlog\attributes_variations.php(34): CodeIgniter\Debug\Exceptions->errorHandler(8, 'Undefined variable: view_att_variation', 'APPPATH\\Views\\Catlog\\attributes_variations.php', 34, [...])
 2 SYSTEMPATH\View\View.php(213): include('APPPATH\\Views\\Catlog\\attributes_variations.php')
 3 SYSTEMPATH\View\View.php(216): CodeIgniter\View\View->CodeIgniter\View\{closure}()
 4 SYSTEMPATH\Common.php(1134): CodeIgniter\View\View->render('Catlog/attributes_variations', [], true)
 5 APPPATH\Controllers\Catlog.php(90): view('Catlog/attributes_variations', [...])
 6 SYSTEMPATH\CodeIgniter.php(927): App\Controllers\Catlog->attr_variation_list()
 7 SYSTEMPATH\CodeIgniter.php(482): CodeIgniter\CodeIgniter->runController(Object(App\Controllers\Catlog))
 8 SYSTEMPATH\CodeIgniter.php(351): CodeIgniter\CodeIgniter->handleRequest(null, Object(Config\Cache), false)
 9 FCPATH\index.php(67): CodeIgniter\CodeIgniter->run()
CRITICAL - 2022-12-12 04:03:00 --> Undefined variable: view_att_variation
in APPPATH\Views\Catlog\attributes_variations.php on line 34.
 1 APPPATH\Views\Catlog\attributes_variations.php(34): CodeIgniter\Debug\Exceptions->errorHandler(8, 'Undefined variable: view_att_variation', 'APPPATH\\Views\\Catlog\\attributes_variations.php', 34, [...])
 2 SYSTEMPATH\View\View.php(213): include('APPPATH\\Views\\Catlog\\attributes_variations.php')
 3 SYSTEMPATH\View\View.php(216): CodeIgniter\View\View->CodeIgniter\View\{closure}()
 4 SYSTEMPATH\Common.php(1134): CodeIgniter\View\View->render('Catlog/attributes_variations', [], true)
 5 APPPATH\Controllers\Catlog.php(90): view('Catlog/attributes_variations', [...])
 6 SYSTEMPATH\CodeIgniter.php(927): App\Controllers\Catlog->attr_variation_list()
 7 SYSTEMPATH\CodeIgniter.php(482): CodeIgniter\CodeIgniter->runController(Object(App\Controllers\Catlog))
 8 SYSTEMPATH\CodeIgniter.php(351): CodeIgniter\CodeIgniter->handleRequest(null, Object(Config\Cache), false)
 9 FCPATH\index.php(67): CodeIgniter\CodeIgniter->run()
CRITICAL - 2022-12-12 04:03:04 --> Undefined variable: view_att_variation
in APPPATH\Views\Catlog\attributes_variations.php on line 34.
 1 APPPATH\Views\Catlog\attributes_variations.php(34): CodeIgniter\Debug\Exceptions->errorHandler(8, 'Undefined variable: view_att_variation', 'APPPATH\\Views\\Catlog\\attributes_variations.php', 34, [...])
 2 SYSTEMPATH\View\View.php(213): include('APPPATH\\Views\\Catlog\\attributes_variations.php')
 3 SYSTEMPATH\View\View.php(216): CodeIgniter\View\View->CodeIgniter\View\{closure}()
 4 SYSTEMPATH\Common.php(1134): CodeIgniter\View\View->render('Catlog/attributes_variations', [], true)
 5 APPPATH\Controllers\Catlog.php(90): view('Catlog/attributes_variations', [...])
 6 SYSTEMPATH\CodeIgniter.php(927): App\Controllers\Catlog->attr_variation_list()
 7 SYSTEMPATH\CodeIgniter.php(482): CodeIgniter\CodeIgniter->runController(Object(App\Controllers\Catlog))
 8 SYSTEMPATH\CodeIgniter.php(351): CodeIgniter\CodeIgniter->handleRequest(null, Object(Config\Cache), false)
 9 FCPATH\index.php(67): CodeIgniter\CodeIgniter->run()
CRITICAL - 2022-12-12 04:03:08 --> Undefined variable: view_att_variation
in APPPATH\Views\Catlog\attributes_variations.php on line 34.
 1 APPPATH\Views\Catlog\attributes_variations.php(34): CodeIgniter\Debug\Exceptions->errorHandler(8, 'Undefined variable: view_att_variation', 'APPPATH\\Views\\Catlog\\attributes_variations.php', 34, [...])
 2 SYSTEMPATH\View\View.php(213): include('APPPATH\\Views\\Catlog\\attributes_variations.php')
 3 SYSTEMPATH\View\View.php(216): CodeIgniter\View\View->CodeIgniter\View\{closure}()
 4 SYSTEMPATH\Common.php(1134): CodeIgniter\View\View->render('Catlog/attributes_variations', [], true)
 5 APPPATH\Controllers\Catlog.php(90): view('Catlog/attributes_variations', [...])
 6 SYSTEMPATH\CodeIgniter.php(927): App\Controllers\Catlog->attr_variation_list()
 7 SYSTEMPATH\CodeIgniter.php(482): CodeIgniter\CodeIgniter->runController(Object(App\Controllers\Catlog))
 8 SYSTEMPATH\CodeIgniter.php(351): CodeIgniter\CodeIgniter->handleRequest(null, Object(Config\Cache), false)
 9 FCPATH\index.php(67): CodeIgniter\CodeIgniter->run()
CRITICAL - 2022-12-12 04:03:10 --> Undefined variable: view_att_variation
in APPPATH\Views\Catlog\attributes_variations.php on line 34.
 1 APPPATH\Views\Catlog\attributes_variations.php(34): CodeIgniter\Debug\Exceptions->errorHandler(8, 'Undefined variable: view_att_variation', 'APPPATH\\Views\\Catlog\\attributes_variations.php', 34, [...])
 2 SYSTEMPATH\View\View.php(213): include('APPPATH\\Views\\Catlog\\attributes_variations.php')
 3 SYSTEMPATH\View\View.php(216): CodeIgniter\View\View->CodeIgniter\View\{closure}()
 4 SYSTEMPATH\Common.php(1134): CodeIgniter\View\View->render('Catlog/attributes_variations', [], true)
 5 APPPATH\Controllers\Catlog.php(90): view('Catlog/attributes_variations', [...])
 6 SYSTEMPATH\CodeIgniter.php(927): App\Controllers\Catlog->attr_variation_list()
 7 SYSTEMPATH\CodeIgniter.php(482): CodeIgniter\CodeIgniter->runController(Object(App\Controllers\Catlog))
 8 SYSTEMPATH\CodeIgniter.php(351): CodeIgniter\CodeIgniter->handleRequest(null, Object(Config\Cache), false)
 9 FCPATH\index.php(67): CodeIgniter\CodeIgniter->run()
CRITICAL - 2022-12-12 04:03:10 --> Undefined variable: view_att_variation
in APPPATH\Views\Catlog\attributes_variations.php on line 34.
 1 APPPATH\Views\Catlog\attributes_variations.php(34): CodeIgniter\Debug\Exceptions->errorHandler(8, 'Undefined variable: view_att_variation', 'APPPATH\\Views\\Catlog\\attributes_variations.php', 34, [...])
 2 SYSTEMPATH\View\View.php(213): include('APPPATH\\Views\\Catlog\\attributes_variations.php')
 3 SYSTEMPATH\View\View.php(216): CodeIgniter\View\View->CodeIgniter\View\{closure}()
 4 SYSTEMPATH\Common.php(1134): CodeIgniter\View\View->render('Catlog/attributes_variations', [], true)
 5 APPPATH\Controllers\Catlog.php(90): view('Catlog/attributes_variations', [...])
 6 SYSTEMPATH\CodeIgniter.php(927): App\Controllers\Catlog->attr_variation_list()
 7 SYSTEMPATH\CodeIgniter.php(482): CodeIgniter\CodeIgniter->runController(Object(App\Controllers\Catlog))
 8 SYSTEMPATH\CodeIgniter.php(351): CodeIgniter\CodeIgniter->handleRequest(null, Object(Config\Cache), false)
 9 FCPATH\index.php(67): CodeIgniter\CodeIgniter->run()
CRITICAL - 2022-12-12 04:03:14 --> Undefined variable: data
in APPPATH\Controllers\Catlog.php on line 89.
 1 APPPATH\Controllers\Catlog.php(89): CodeIgniter\Debug\Exceptions->errorHandler(8, 'Undefined variable: data', 'APPPATH\\Controllers\\Catlog.php', 89, [])
 2 SYSTEMPATH\CodeIgniter.php(927): App\Controllers\Catlog->attr_variation_list()
 3 SYSTEMPATH\CodeIgniter.php(482): CodeIgniter\CodeIgniter->runController(Object(App\Controllers\Catlog))
 4 SYSTEMPATH\CodeIgniter.php(351): CodeIgniter\CodeIgniter->handleRequest(null, Object(Config\Cache), false)
 5 FCPATH\index.php(67): CodeIgniter\CodeIgniter->run()
CRITICAL - 2022-12-12 04:03:18 --> Undefined variable: view_att_variation
in APPPATH\Views\Catlog\attributes_variations.php on line 34.
 1 APPPATH\Views\Catlog\attributes_variations.php(34): CodeIgniter\Debug\Exceptions->errorHandler(8, 'Undefined variable: view_att_variation', 'APPPATH\\Views\\Catlog\\attributes_variations.php', 34, [...])
 2 SYSTEMPATH\View\View.php(213): include('APPPATH\\Views\\Catlog\\attributes_variations.php')
 3 SYSTEMPATH\View\View.php(216): CodeIgniter\View\View->CodeIgniter\View\{closure}()
 4 SYSTEMPATH\Common.php(1134): CodeIgniter\View\View->render('Catlog/attributes_variations', [], true)
 5 APPPATH\Controllers\Catlog.php(90): view('Catlog/attributes_variations', [...])
 6 SYSTEMPATH\CodeIgniter.php(927): App\Controllers\Catlog->attr_variation_list()
 7 SYSTEMPATH\CodeIgniter.php(482): CodeIgniter\CodeIgniter->runController(Object(App\Controllers\Catlog))
 8 SYSTEMPATH\CodeIgniter.php(351): CodeIgniter\CodeIgniter->handleRequest(null, Object(Config\Cache), false)
 9 FCPATH\index.php(67): CodeIgniter\CodeIgniter->run()
CRITICAL - 2022-12-12 04:03:34 --> Undefined variable: view_att_variation
in APPPATH\Views\Catlog\attributes_variations.php on line 34.
 1 APPPATH\Views\Catlog\attributes_variations.php(34): CodeIgniter\Debug\Exceptions->errorHandler(8, 'Undefined variable: view_att_variation', 'APPPATH\\Views\\Catlog\\attributes_variations.php', 34, [...])
 2 SYSTEMPATH\View\View.php(213): include('APPPATH\\Views\\Catlog\\attributes_variations.php')
 3 SYSTEMPATH\View\View.php(216): CodeIgniter\View\View->CodeIgniter\View\{closure}()
 4 SYSTEMPATH\Common.php(1134): CodeIgniter\View\View->render('Catlog/attributes_variations', [], true)
 5 APPPATH\Controllers\Catlog.php(90): view('Catlog/attributes_variations', [...])
 6 SYSTEMPATH\CodeIgniter.php(927): App\Controllers\Catlog->attr_variation_list()
 7 SYSTEMPATH\CodeIgniter.php(482): CodeIgniter\CodeIgniter->runController(Object(App\Controllers\Catlog))
 8 SYSTEMPATH\CodeIgniter.php(351): CodeIgniter\CodeIgniter->handleRequest(null, Object(Config\Cache), false)
 9 FCPATH\index.php(67): CodeIgniter\CodeIgniter->run()
CRITICAL - 2022-12-12 04:03:39 --> Undefined variable: view_att_variation
in APPPATH\Views\Catlog\attributes_variations.php on line 34.
 1 APPPATH\Views\Catlog\attributes_variations.php(34): CodeIgniter\Debug\Exceptions->errorHandler(8, 'Undefined variable: view_att_variation', 'APPPATH\\Views\\Catlog\\attributes_variations.php', 34, [...])
 2 SYSTEMPATH\View\View.php(213): include('APPPATH\\Views\\Catlog\\attributes_variations.php')
 3 SYSTEMPATH\View\View.php(216): CodeIgniter\View\View->CodeIgniter\View\{closure}()
 4 SYSTEMPATH\Common.php(1134): CodeIgniter\View\View->render('Catlog/attributes_variations', [], true)
 5 APPPATH\Controllers\Catlog.php(90): view('Catlog/attributes_variations', [...])
 6 SYSTEMPATH\CodeIgniter.php(927): App\Controllers\Catlog->attr_variation_list()
 7 SYSTEMPATH\CodeIgniter.php(482): CodeIgniter\CodeIgniter->runController(Object(App\Controllers\Catlog))
 8 SYSTEMPATH\CodeIgniter.php(351): CodeIgniter\CodeIgniter->handleRequest(null, Object(Config\Cache), false)
 9 FCPATH\index.php(67): CodeIgniter\CodeIgniter->run()
CRITICAL - 2022-12-12 04:03:39 --> Undefined variable: view_att_variation
in APPPATH\Views\Catlog\attributes_variations.php on line 34.
 1 APPPATH\Views\Catlog\attributes_variations.php(34): CodeIgniter\Debug\Exceptions->errorHandler(8, 'Undefined variable: view_att_variation', 'APPPATH\\Views\\Catlog\\attributes_variations.php', 34, [...])
 2 SYSTEMPATH\View\View.php(213): include('APPPATH\\Views\\Catlog\\attributes_variations.php')
 3 SYSTEMPATH\View\View.php(216): CodeIgniter\View\View->CodeIgniter\View\{closure}()
 4 SYSTEMPATH\Common.php(1134): CodeIgniter\View\View->render('Catlog/attributes_variations', [], true)
 5 APPPATH\Controllers\Catlog.php(90): view('Catlog/attributes_variations', [...])
 6 SYSTEMPATH\CodeIgniter.php(927): App\Controllers\Catlog->attr_variation_list()
 7 SYSTEMPATH\CodeIgniter.php(482): CodeIgniter\CodeIgniter->runController(Object(App\Controllers\Catlog))
 8 SYSTEMPATH\CodeIgniter.php(351): CodeIgniter\CodeIgniter->handleRequest(null, Object(Config\Cache), false)
 9 FCPATH\index.php(67): CodeIgniter\CodeIgniter->run()
CRITICAL - 2022-12-12 04:03:40 --> Undefined variable: view_att_variation
in APPPATH\Views\Catlog\attributes_variations.php on line 34.
 1 APPPATH\Views\Catlog\attributes_variations.php(34): CodeIgniter\Debug\Exceptions->errorHandler(8, 'Undefined variable: view_att_variation', 'APPPATH\\Views\\Catlog\\attributes_variations.php', 34, [...])
 2 SYSTEMPATH\View\View.php(213): include('APPPATH\\Views\\Catlog\\attributes_variations.php')
 3 SYSTEMPATH\View\View.php(216): CodeIgniter\View\View->CodeIgniter\View\{closure}()
 4 SYSTEMPATH\Common.php(1134): CodeIgniter\View\View->render('Catlog/attributes_variations', [], true)
 5 APPPATH\Controllers\Catlog.php(90): view('Catlog/attributes_variations', [...])
 6 SYSTEMPATH\CodeIgniter.php(927): App\Controllers\Catlog->attr_variation_list()
 7 SYSTEMPATH\CodeIgniter.php(482): CodeIgniter\CodeIgniter->runController(Object(App\Controllers\Catlog))
 8 SYSTEMPATH\CodeIgniter.php(351): CodeIgniter\CodeIgniter->handleRequest(null, Object(Config\Cache), false)
 9 FCPATH\index.php(67): CodeIgniter\CodeIgniter->run()
CRITICAL - 2022-12-12 04:03:43 --> Undefined variable: view_att_variation
in APPPATH\Views\Catlog\attributes_variations.php on line 34.
 1 APPPATH\Views\Catlog\attributes_variations.php(34): CodeIgniter\Debug\Exceptions->errorHandler(8, 'Undefined variable: view_att_variation', 'APPPATH\\Views\\Catlog\\attributes_variations.php', 34, [...])
 2 SYSTEMPATH\View\View.php(213): include('APPPATH\\Views\\Catlog\\attributes_variations.php')
 3 SYSTEMPATH\View\View.php(216): CodeIgniter\View\View->CodeIgniter\View\{closure}()
 4 SYSTEMPATH\Common.php(1134): CodeIgniter\View\View->render('Catlog/attributes_variations', [], true)
 5 APPPATH\Controllers\Catlog.php(90): view('Catlog/attributes_variations', [...])
 6 SYSTEMPATH\CodeIgniter.php(927): App\Controllers\Catlog->attr_variation_list()
 7 SYSTEMPATH\CodeIgniter.php(482): CodeIgniter\CodeIgniter->runController(Object(App\Controllers\Catlog))
 8 SYSTEMPATH\CodeIgniter.php(351): CodeIgniter\CodeIgniter->handleRequest(null, Object(Config\Cache), false)
 9 FCPATH\index.php(67): CodeIgniter\CodeIgniter->run()
CRITICAL - 2022-12-12 04:03:43 --> Undefined variable: view_att_variation
in APPPATH\Views\Catlog\attributes_variations.php on line 34.
 1 APPPATH\Views\Catlog\attributes_variations.php(34): CodeIgniter\Debug\Exceptions->errorHandler(8, 'Undefined variable: view_att_variation', 'APPPATH\\Views\\Catlog\\attributes_variations.php', 34, [...])
 2 SYSTEMPATH\View\View.php(213): include('APPPATH\\Views\\Catlog\\attributes_variations.php')
 3 SYSTEMPATH\View\View.php(216): CodeIgniter\View\View->CodeIgniter\View\{closure}()
 4 SYSTEMPATH\Common.php(1134): CodeIgniter\View\View->render('Catlog/attributes_variations', [], true)
 5 APPPATH\Controllers\Catlog.php(90): view('Catlog/attributes_variations', [...])
 6 SYSTEMPATH\CodeIgniter.php(927): App\Controllers\Catlog->attr_variation_list()
 7 SYSTEMPATH\CodeIgniter.php(482): CodeIgniter\CodeIgniter->runController(Object(App\Controllers\Catlog))
 8 SYSTEMPATH\CodeIgniter.php(351): CodeIgniter\CodeIgniter->handleRequest(null, Object(Config\Cache), false)
 9 FCPATH\index.php(67): CodeIgniter\CodeIgniter->run()
CRITICAL - 2022-12-12 04:03:43 --> Undefined variable: view_att_variation
in APPPATH\Views\Catlog\attributes_variations.php on line 34.
 1 APPPATH\Views\Catlog\attributes_variations.php(34): CodeIgniter\Debug\Exceptions->errorHandler(8, 'Undefined variable: view_att_variation', 'APPPATH\\Views\\Catlog\\attributes_variations.php', 34, [...])
 2 SYSTEMPATH\View\View.php(213): include('APPPATH\\Views\\Catlog\\attributes_variations.php')
 3 SYSTEMPATH\View\View.php(216): CodeIgniter\View\View->CodeIgniter\View\{closure}()
 4 SYSTEMPATH\Common.php(1134): CodeIgniter\View\View->render('Catlog/attributes_variations', [], true)
 5 APPPATH\Controllers\Catlog.php(90): view('Catlog/attributes_variations', [...])
 6 SYSTEMPATH\CodeIgniter.php(927): App\Controllers\Catlog->attr_variation_list()
 7 SYSTEMPATH\CodeIgniter.php(482): CodeIgniter\CodeIgniter->runController(Object(App\Controllers\Catlog))
 8 SYSTEMPATH\CodeIgniter.php(351): CodeIgniter\CodeIgniter->handleRequest(null, Object(Config\Cache), false)
 9 FCPATH\index.php(67): CodeIgniter\CodeIgniter->run()
CRITICAL - 2022-12-12 04:04:08 --> Undefined variable: view_att_variation
in APPPATH\Views\Catlog\attributes_variations.php on line 34.
 1 APPPATH\Views\Catlog\attributes_variations.php(34): CodeIgniter\Debug\Exceptions->errorHandler(8, 'Undefined variable: view_att_variation', 'APPPATH\\Views\\Catlog\\attributes_variations.php', 34, [...])
 2 SYSTEMPATH\View\View.php(213): include('APPPATH\\Views\\Catlog\\attributes_variations.php')
 3 SYSTEMPATH\View\View.php(216): CodeIgniter\View\View->CodeIgniter\View\{closure}()
 4 SYSTEMPATH\Common.php(1134): CodeIgniter\View\View->render('Catlog/attributes_variations', [], true)
 5 APPPATH\Controllers\Catlog.php(90): view('Catlog/attributes_variations', [...])
 6 SYSTEMPATH\CodeIgniter.php(927): App\Controllers\Catlog->attr_variation_list()
 7 SYSTEMPATH\CodeIgniter.php(482): CodeIgniter\CodeIgniter->runController(Object(App\Controllers\Catlog))
 8 SYSTEMPATH\CodeIgniter.php(351): CodeIgniter\CodeIgniter->handleRequest(null, Object(Config\Cache), false)
 9 FCPATH\index.php(67): CodeIgniter\CodeIgniter->run()
CRITICAL - 2022-12-12 04:04:26 --> Undefined variable: view_att_variation
in APPPATH\Views\Catlog\attributes_variations.php on line 34.
 1 APPPATH\Views\Catlog\attributes_variations.php(34): CodeIgniter\Debug\Exceptions->errorHandler(8, 'Undefined variable: view_att_variation', 'APPPATH\\Views\\Catlog\\attributes_variations.php', 34, [...])
 2 SYSTEMPATH\View\View.php(213): include('APPPATH\\Views\\Catlog\\attributes_variations.php')
 3 SYSTEMPATH\View\View.php(216): CodeIgniter\View\View->CodeIgniter\View\{closure}()
 4 SYSTEMPATH\Common.php(1134): CodeIgniter\View\View->render('Catlog/attributes_variations', [], true)
 5 APPPATH\Controllers\Catlog.php(90): view('Catlog/attributes_variations', [...])
 6 SYSTEMPATH\CodeIgniter.php(927): App\Controllers\Catlog->attr_variation_list()
 7 SYSTEMPATH\CodeIgniter.php(482): CodeIgniter\CodeIgniter->runController(Object(App\Controllers\Catlog))
 8 SYSTEMPATH\CodeIgniter.php(351): CodeIgniter\CodeIgniter->handleRequest(null, Object(Config\Cache), false)
 9 FCPATH\index.php(67): CodeIgniter\CodeIgniter->run()
CRITICAL - 2022-12-12 04:04:52 --> Undefined offset: 0
in APPPATH\Views\Catlog\attributes_variations.php on line 37.
 1 APPPATH\Views\Catlog\attributes_variations.php(37): CodeIgniter\Debug\Exceptions->errorHandler(8, 'Undefined offset: 0', 'APPPATH\\Views\\Catlog\\attributes_variations.php', 37, [...])
 2 SYSTEMPATH\View\View.php(213): include('APPPATH\\Views\\Catlog\\attributes_variations.php')
 3 SYSTEMPATH\View\View.php(216): CodeIgniter\View\View->CodeIgniter\View\{closure}()
 4 SYSTEMPATH\Common.php(1134): CodeIgniter\View\View->render('Catlog/attributes_variations', [], true)
 5 APPPATH\Controllers\Catlog.php(90): view('Catlog/attributes_variations', [...])
 6 SYSTEMPATH\CodeIgniter.php(927): App\Controllers\Catlog->attr_variation_list()
 7 SYSTEMPATH\CodeIgniter.php(482): CodeIgniter\CodeIgniter->runController(Object(App\Controllers\Catlog))
 8 SYSTEMPATH\CodeIgniter.php(351): CodeIgniter\CodeIgniter->handleRequest(null, Object(Config\Cache), false)
 9 FCPATH\index.php(67): CodeIgniter\CodeIgniter->run()
CRITICAL - 2022-12-12 04:05:36 --> Illegal offset type
in APPPATH\Views\Catlog\attributes_variations.php on line 37.
 1 APPPATH\Views\Catlog\attributes_variations.php(37): CodeIgniter\Debug\Exceptions->errorHandler(2, 'Illegal offset type', 'APPPATH\\Views\\Catlog\\attributes_variations.php', 37, [...])
 2 SYSTEMPATH\View\View.php(213): include('APPPATH\\Views\\Catlog\\attributes_variations.php')
 3 SYSTEMPATH\View\View.php(216): CodeIgniter\View\View->CodeIgniter\View\{closure}()
 4 SYSTEMPATH\Common.php(1134): CodeIgniter\View\View->render('Catlog/attributes_variations', [], true)
 5 APPPATH\Controllers\Catlog.php(90): view('Catlog/attributes_variations', [...])
 6 SYSTEMPATH\CodeIgniter.php(927): App\Controllers\Catlog->attr_variation_list()
 7 SYSTEMPATH\CodeIgniter.php(482): CodeIgniter\CodeIgniter->runController(Object(App\Controllers\Catlog))
 8 SYSTEMPATH\CodeIgniter.php(351): CodeIgniter\CodeIgniter->handleRequest(null, Object(Config\Cache), false)
 9 FCPATH\index.php(67): CodeIgniter\CodeIgniter->run()
CRITICAL - 2022-12-12 04:35:42 --> Undefined variable: view_master_attr
in APPPATH\Views\Catlog\attributes_variations.php on line 38.
 1 APPPATH\Views\Catlog\attributes_variations.php(38): CodeIgniter\Debug\Exceptions->errorHandler(8, 'Undefined variable: view_master_attr', 'APPPATH\\Views\\Catlog\\attributes_variations.php', 38, [...])
 2 SYSTEMPATH\View\View.php(213): include('APPPATH\\Views\\Catlog\\attributes_variations.php')
 3 SYSTEMPATH\View\View.php(216): CodeIgniter\View\View->CodeIgniter\View\{closure}()
 4 SYSTEMPATH\Common.php(1134): CodeIgniter\View\View->render('Catlog/attributes_variations', [], true)
 5 APPPATH\Controllers\Catlog.php(91): view('Catlog/attributes_variations', [...])
 6 SYSTEMPATH\CodeIgniter.php(927): App\Controllers\Catlog->attr_variation_list()
 7 SYSTEMPATH\CodeIgniter.php(482): CodeIgniter\CodeIgniter->runController(Object(App\Controllers\Catlog))
 8 SYSTEMPATH\CodeIgniter.php(351): CodeIgniter\CodeIgniter->handleRequest(null, Object(Config\Cache), false)
 9 FCPATH\index.php(67): CodeIgniter\CodeIgniter->run()
CRITICAL - 2022-12-12 04:45:42 --> Undefined variable: view_master_attr
in APPPATH\Views\Catlog\attributes_variations.php on line 38.
 1 APPPATH\Views\Catlog\attributes_variations.php(38): CodeIgniter\Debug\Exceptions->errorHandler(8, 'Undefined variable: view_master_attr', 'APPPATH\\Views\\Catlog\\attributes_variations.php', 38, [...])
 2 SYSTEMPATH\View\View.php(213): include('APPPATH\\Views\\Catlog\\attributes_variations.php')
 3 SYSTEMPATH\View\View.php(216): CodeIgniter\View\View->CodeIgniter\View\{closure}()
 4 SYSTEMPATH\Common.php(1134): CodeIgniter\View\View->render('Catlog/attributes_variations', [], true)
 5 APPPATH\Controllers\Catlog.php(91): view('Catlog/attributes_variations', [...])
 6 SYSTEMPATH\CodeIgniter.php(927): App\Controllers\Catlog->attr_variation_list()
 7 SYSTEMPATH\CodeIgniter.php(482): CodeIgniter\CodeIgniter->runController(Object(App\Controllers\Catlog))
 8 SYSTEMPATH\CodeIgniter.php(351): CodeIgniter\CodeIgniter->handleRequest(null, Object(Config\Cache), false)
 9 FCPATH\index.php(67): CodeIgniter\CodeIgniter->run()
CRITICAL - 2022-12-12 04:55:44 --> Undefined variable: view_master_attr
in APPPATH\Views\Catlog\attributes_variations.php on line 38.
 1 APPPATH\Views\Catlog\attributes_variations.php(38): CodeIgniter\Debug\Exceptions->errorHandler(8, 'Undefined variable: view_master_attr', 'APPPATH\\Views\\Catlog\\attributes_variations.php', 38, [...])
 2 SYSTEMPATH\View\View.php(213): include('APPPATH\\Views\\Catlog\\attributes_variations.php')
 3 SYSTEMPATH\View\View.php(216): CodeIgniter\View\View->CodeIgniter\View\{closure}()
 4 SYSTEMPATH\Common.php(1134): CodeIgniter\View\View->render('Catlog/attributes_variations', [], true)
 5 APPPATH\Controllers\Catlog.php(91): view('Catlog/attributes_variations', [...])
 6 SYSTEMPATH\CodeIgniter.php(927): App\Controllers\Catlog->attr_variation_list()
 7 SYSTEMPATH\CodeIgniter.php(482): CodeIgniter\CodeIgniter->runController(Object(App\Controllers\Catlog))
 8 SYSTEMPATH\CodeIgniter.php(351): CodeIgniter\CodeIgniter->handleRequest(null, Object(Config\Cache), false)
 9 FCPATH\index.php(67): CodeIgniter\CodeIgniter->run()
CRITICAL - 2022-12-12 05:06:19 --> Undefined variable: view_master_attr
in APPPATH\Views\Catlog\attributes_variations.php on line 38.
 1 APPPATH\Views\Catlog\attributes_variations.php(38): CodeIgniter\Debug\Exceptions->errorHandler(8, 'Undefined variable: view_master_attr', 'APPPATH\\Views\\Catlog\\attributes_variations.php', 38, [...])
 2 SYSTEMPATH\View\View.php(213): include('APPPATH\\Views\\Catlog\\attributes_variations.php')
 3 SYSTEMPATH\View\View.php(216): CodeIgniter\View\View->CodeIgniter\View\{closure}()
 4 SYSTEMPATH\Common.php(1134): CodeIgniter\View\View->render('Catlog/attributes_variations', [], true)
 5 APPPATH\Controllers\Catlog.php(91): view('Catlog/attributes_variations', [...])
 6 SYSTEMPATH\CodeIgniter.php(927): App\Controllers\Catlog->attr_variation_list()
 7 SYSTEMPATH\CodeIgniter.php(482): CodeIgniter\CodeIgniter->runController(Object(App\Controllers\Catlog))
 8 SYSTEMPATH\CodeIgniter.php(351): CodeIgniter\CodeIgniter->handleRequest(null, Object(Config\Cache), false)
 9 FCPATH\index.php(67): CodeIgniter\CodeIgniter->run()
CRITICAL - 2022-12-12 05:16:19 --> Undefined variable: view_master_attr
in APPPATH\Views\Catlog\attributes_variations.php on line 38.
 1 APPPATH\Views\Catlog\attributes_variations.php(38): CodeIgniter\Debug\Exceptions->errorHandler(8, 'Undefined variable: view_master_attr', 'APPPATH\\Views\\Catlog\\attributes_variations.php', 38, [...])
 2 SYSTEMPATH\View\View.php(213): include('APPPATH\\Views\\Catlog\\attributes_variations.php')
 3 SYSTEMPATH\View\View.php(216): CodeIgniter\View\View->CodeIgniter\View\{closure}()
 4 SYSTEMPATH\Common.php(1134): CodeIgniter\View\View->render('Catlog/attributes_variations', [], true)
 5 APPPATH\Controllers\Catlog.php(91): view('Catlog/attributes_variations', [...])
 6 SYSTEMPATH\CodeIgniter.php(927): App\Controllers\Catlog->attr_variation_list()
 7 SYSTEMPATH\CodeIgniter.php(482): CodeIgniter\CodeIgniter->runController(Object(App\Controllers\Catlog))
 8 SYSTEMPATH\CodeIgniter.php(351): CodeIgniter\CodeIgniter->handleRequest(null, Object(Config\Cache), false)
 9 FCPATH\index.php(67): CodeIgniter\CodeIgniter->run()
CRITICAL - 2022-12-12 05:24:51 --> Undefined variable: view_master_attr
in APPPATH\Views\Catlog\attributes_variations.php on line 38.
 1 APPPATH\Views\Catlog\attributes_variations.php(38): CodeIgniter\Debug\Exceptions->errorHandler(8, 'Undefined variable: view_master_attr', 'APPPATH\\Views\\Catlog\\attributes_variations.php', 38, [...])
 2 SYSTEMPATH\View\View.php(213): include('APPPATH\\Views\\Catlog\\attributes_variations.php')
 3 SYSTEMPATH\View\View.php(216): CodeIgniter\View\View->CodeIgniter\View\{closure}()
 4 SYSTEMPATH\Common.php(1134): CodeIgniter\View\View->render('Catlog/attributes_variations', [], true)
 5 APPPATH\Controllers\Catlog.php(91): view('Catlog/attributes_variations', [...])
 6 SYSTEMPATH\CodeIgniter.php(927): App\Controllers\Catlog->attr_variation_list()
 7 SYSTEMPATH\CodeIgniter.php(482): CodeIgniter\CodeIgniter->runController(Object(App\Controllers\Catlog))
 8 SYSTEMPATH\CodeIgniter.php(351): CodeIgniter\CodeIgniter->handleRequest(null, Object(Config\Cache), false)
 9 FCPATH\index.php(67): CodeIgniter\CodeIgniter->run()
CRITICAL - 2022-12-12 07:56:06 --> Undefined variable: view_master_attr
in APPPATH\Views\Catlog\attributes_variations.php on line 38.
 1 APPPATH\Views\Catlog\attributes_variations.php(38): CodeIgniter\Debug\Exceptions->errorHandler(8, 'Undefined variable: view_master_attr', 'APPPATH\\Views\\Catlog\\attributes_variations.php', 38, [...])
 2 SYSTEMPATH\View\View.php(213): include('APPPATH\\Views\\Catlog\\attributes_variations.php')
 3 SYSTEMPATH\View\View.php(216): CodeIgniter\View\View->CodeIgniter\View\{closure}()
 4 SYSTEMPATH\Common.php(1134): CodeIgniter\View\View->render('Catlog/attributes_variations', [], true)
 5 APPPATH\Controllers\Catlog.php(91): view('Catlog/attributes_variations', [...])
 6 SYSTEMPATH\CodeIgniter.php(927): App\Controllers\Catlog->attr_variation_list()
 7 SYSTEMPATH\CodeIgniter.php(482): CodeIgniter\CodeIgniter->runController(Object(App\Controllers\Catlog))
 8 SYSTEMPATH\CodeIgniter.php(351): CodeIgniter\CodeIgniter->handleRequest(null, Object(Config\Cache), false)
 9 FCPATH\index.php(67): CodeIgniter\CodeIgniter->run()
CRITICAL - 2022-12-12 08:22:25 --> Undefined variable: SearchType
in APPPATH\Views\Catlog\attributes_variations.php on line 39.
 1 APPPATH\Views\Catlog\attributes_variations.php(39): CodeIgniter\Debug\Exceptions->errorHandler(8, 'Undefined variable: SearchType', 'APPPATH\\Views\\Catlog\\attributes_variations.php', 39, [...])
 2 SYSTEMPATH\View\View.php(213): include('APPPATH\\Views\\Catlog\\attributes_variations.php')
 3 SYSTEMPATH\View\View.php(216): CodeIgniter\View\View->CodeIgniter\View\{closure}()
 4 SYSTEMPATH\Common.php(1134): CodeIgniter\View\View->render('Catlog/attributes_variations', [], true)
 5 APPPATH\Controllers\Catlog.php(91): view('Catlog/attributes_variations', [...])
 6 SYSTEMPATH\CodeIgniter.php(927): App\Controllers\Catlog->attr_variation_list()
 7 SYSTEMPATH\CodeIgniter.php(482): CodeIgniter\CodeIgniter->runController(Object(App\Controllers\Catlog))
 8 SYSTEMPATH\CodeIgniter.php(351): CodeIgniter\CodeIgniter->handleRequest(null, Object(Config\Cache), false)
 9 FCPATH\index.php(67): CodeIgniter\CodeIgniter->run()
CRITICAL - 2022-12-12 08:33:37 --> Undefined variable: view_master_attr
in APPPATH\Views\Catlog\attributes_variations.php on line 39.
 1 APPPATH\Views\Catlog\attributes_variations.php(39): CodeIgniter\Debug\Exceptions->errorHandler(8, 'Undefined variable: view_master_attr', 'APPPATH\\Views\\Catlog\\attributes_variations.php', 39, [...])
 2 SYSTEMPATH\View\View.php(213): include('APPPATH\\Views\\Catlog\\attributes_variations.php')
 3 SYSTEMPATH\View\View.php(216): CodeIgniter\View\View->CodeIgniter\View\{closure}()
 4 SYSTEMPATH\Common.php(1134): CodeIgniter\View\View->render('Catlog/attributes_variations', [], true)
 5 APPPATH\Controllers\Catlog.php(91): view('Catlog/attributes_variations', [...])
 6 SYSTEMPATH\CodeIgniter.php(927): App\Controllers\Catlog->attr_variation_list()
 7 SYSTEMPATH\CodeIgniter.php(482): CodeIgniter\CodeIgniter->runController(Object(App\Controllers\Catlog))
 8 SYSTEMPATH\CodeIgniter.php(351): CodeIgniter\CodeIgniter->handleRequest(null, Object(Config\Cache), false)
 9 FCPATH\index.php(67): CodeIgniter\CodeIgniter->run()
CRITICAL - 2022-12-12 23:17:51 --> Undefined variable: view_master_attr
in APPPATH\Views\Catlog\attributes_variations.php on line 39.
 1 APPPATH\Views\Catlog\attributes_variations.php(39): CodeIgniter\Debug\Exceptions->errorHandler(8, 'Undefined variable: view_master_attr', 'APPPATH\\Views\\Catlog\\attributes_variations.php', 39, [...])
 2 SYSTEMPATH\View\View.php(213): include('APPPATH\\Views\\Catlog\\attributes_variations.php')
 3 SYSTEMPATH\View\View.php(216): CodeIgniter\View\View->CodeIgniter\View\{closure}()
 4 SYSTEMPATH\Common.php(1134): CodeIgniter\View\View->render('Catlog/attributes_variations', [], true)
 5 APPPATH\Controllers\Catlog.php(91): view('Catlog/attributes_variations', [...])
 6 SYSTEMPATH\CodeIgniter.php(927): App\Controllers\Catlog->attr_variation_list()
 7 SYSTEMPATH\CodeIgniter.php(482): CodeIgniter\CodeIgniter->runController(Object(App\Controllers\Catlog))
 8 SYSTEMPATH\CodeIgniter.php(351): CodeIgniter\CodeIgniter->handleRequest(null, Object(Config\Cache), false)
 9 FCPATH\index.php(67): CodeIgniter\CodeIgniter->run()
CRITICAL - 2022-12-12 23:23:47 --> Undefined variable: view_master_attr
in APPPATH\Views\Catlog\attributes_variations.php on line 39.
 1 APPPATH\Views\Catlog\attributes_variations.php(39): CodeIgniter\Debug\Exceptions->errorHandler(8, 'Undefined variable: view_master_attr', 'APPPATH\\Views\\Catlog\\attributes_variations.php', 39, [...])
 2 SYSTEMPATH\View\View.php(213): include('APPPATH\\Views\\Catlog\\attributes_variations.php')
 3 SYSTEMPATH\View\View.php(216): CodeIgniter\View\View->CodeIgniter\View\{closure}()
 4 SYSTEMPATH\Common.php(1134): CodeIgniter\View\View->render('Catlog/attributes_variations', [], true)
 5 APPPATH\Controllers\Catlog.php(91): view('Catlog/attributes_variations', [...])
 6 SYSTEMPATH\CodeIgniter.php(927): App\Controllers\Catlog->attr_variation_list()
 7 SYSTEMPATH\CodeIgniter.php(482): CodeIgniter\CodeIgniter->runController(Object(App\Controllers\Catlog))
 8 SYSTEMPATH\CodeIgniter.php(351): CodeIgniter\CodeIgniter->handleRequest(null, Object(Config\Cache), false)
 9 FCPATH\index.php(67): CodeIgniter\CodeIgniter->run()
CRITICAL - 2022-12-12 23:33:59 --> Undefined variable: Catlog_view
in APPPATH\Views\Catlog\Catlog_view.php on line 32.
 1 APPPATH\Views\Catlog\Catlog_view.php(32): CodeIgniter\Debug\Exceptions->errorHandler(8, 'Undefined variable: Catlog_view', 'APPPATH\\Views\\Catlog\\Catlog_view.php', 32, [...])
 2 SYSTEMPATH\View\View.php(213): include('APPPATH\\Views\\Catlog\\Catlog_view.php')
 3 SYSTEMPATH\View\View.php(216): CodeIgniter\View\View->CodeIgniter\View\{closure}()
 4 SYSTEMPATH\Common.php(1134): CodeIgniter\View\View->render('Catlog/Catlog_view', [], true)
 5 APPPATH\Controllers\Catlog.php(19): view('Catlog/Catlog_view', [...])
 6 SYSTEMPATH\CodeIgniter.php(927): App\Controllers\Catlog->Catlog_view()
 7 SYSTEMPATH\CodeIgniter.php(482): CodeIgniter\CodeIgniter->runController(Object(App\Controllers\Catlog))
 8 SYSTEMPATH\CodeIgniter.php(351): CodeIgniter\CodeIgniter->handleRequest(null, Object(Config\Cache), false)
 9 FCPATH\index.php(67): CodeIgniter\CodeIgniter->run()
CRITICAL - 2022-12-12 23:34:12 --> Cannot use object of type mysqli as array
in APPPATH\Views\Catlog\Catlog_view.php on line 35.
 1 SYSTEMPATH\View\View.php(213): include()
 2 SYSTEMPATH\View\View.php(216): CodeIgniter\View\View->CodeIgniter\View\{closure}()
 3 SYSTEMPATH\Common.php(1134): CodeIgniter\View\View->render('Catlog/Catlog_view', [], true)
 4 APPPATH\Controllers\Catlog.php(19): view('Catlog/Catlog_view', [...])
 5 SYSTEMPATH\CodeIgniter.php(927): App\Controllers\Catlog->Catlog_view()
 6 SYSTEMPATH\CodeIgniter.php(482): CodeIgniter\CodeIgniter->runController(Object(App\Controllers\Catlog))
 7 SYSTEMPATH\CodeIgniter.php(351): CodeIgniter\CodeIgniter->handleRequest(null, Object(Config\Cache), false)
 8 FCPATH\index.php(67): CodeIgniter\CodeIgniter->run()
CRITICAL - 2022-12-12 23:41:13 --> Undefined index: Status
in APPPATH\Models\Catlog_model.php on line 53.
 1 APPPATH\Models\Catlog_model.php(53): CodeIgniter\Debug\Exceptions->errorHandler(8, 'Undefined index: Status', 'APPPATH\\Models\\Catlog_model.php', 53, [...])
 2 APPPATH\Controllers\Catlog.php(52): App\Models\Catlog_model->Catlog_add([...])
 3 SYSTEMPATH\CodeIgniter.php(927): App\Controllers\Catlog->Catlog_upload()
 4 SYSTEMPATH\CodeIgniter.php(482): CodeIgniter\CodeIgniter->runController(Object(App\Controllers\Catlog))
 5 SYSTEMPATH\CodeIgniter.php(351): CodeIgniter\CodeIgniter->handleRequest(null, Object(Config\Cache), false)
 6 FCPATH\index.php(67): CodeIgniter\CodeIgniter->run()
CRITICAL - 2022-12-12 23:43:30 --> Invalid argument supplied for foreach()
in APPPATH\Views\Catlog\Catlog_edit.php on line 36.
 1 APPPATH\Views\Catlog\Catlog_edit.php(36): CodeIgniter\Debug\Exceptions->errorHandler(2, 'Invalid argument supplied for foreach()', 'APPPATH\\Views\\Catlog\\Catlog_edit.php', 36, [...])
 2 SYSTEMPATH\View\View.php(213): include('APPPATH\\Views\\Catlog\\Catlog_edit.php')
 3 SYSTEMPATH\View\View.php(216): CodeIgniter\View\View->CodeIgniter\View\{closure}()
 4 SYSTEMPATH\Common.php(1134): CodeIgniter\View\View->render('Catlog/Catlog_edit', [], true)
 5 APPPATH\Controllers\Catlog.php(34): view('Catlog/Catlog_edit', [...])
 6 SYSTEMPATH\CodeIgniter.php(927): App\Controllers\Catlog->Catlog_update('24')
 7 SYSTEMPATH\CodeIgniter.php(482): CodeIgniter\CodeIgniter->runController(Object(App\Controllers\Catlog))
 8 SYSTEMPATH\CodeIgniter.php(351): CodeIgniter\CodeIgniter->handleRequest(null, Object(Config\Cache), false)
 9 FCPATH\index.php(67): CodeIgniter\CodeIgniter->run()
CRITICAL - 2022-12-12 23:52:55 --> Undefined variable: Value
in APPPATH\Views\Catlog\master_attr_view.php on line 37.
 1 APPPATH\Views\Catlog\master_attr_view.php(37): CodeIgniter\Debug\Exceptions->errorHandler(8, 'Undefined variable: Value', 'APPPATH\\Views\\Catlog\\master_attr_view.php', 37, [...])
 2 SYSTEMPATH\View\View.php(213): include('APPPATH\\Views\\Catlog\\master_attr_view.php')
 3 SYSTEMPATH\View\View.php(216): CodeIgniter\View\View->CodeIgniter\View\{closure}()
 4 SYSTEMPATH\Common.php(1134): CodeIgniter\View\View->render('Catlog/master_attr_view', [], true)
 5 APPPATH\Controllers\Catlog.php(61): view('Catlog/master_attr_view', [...])
 6 SYSTEMPATH\CodeIgniter.php(927): App\Controllers\Catlog->master_attr_view()
 7 SYSTEMPATH\CodeIgniter.php(482): CodeIgniter\CodeIgniter->runController(Object(App\Controllers\Catlog))
 8 SYSTEMPATH\CodeIgniter.php(351): CodeIgniter\CodeIgniter->handleRequest(null, Object(Config\Cache), false)
 9 FCPATH\index.php(67): CodeIgniter\CodeIgniter->run()
CRITICAL - 2022-12-12 23:53:49 --> Undefined variable: Value
in APPPATH\Views\Catlog\master_attr_view.php on line 37.
 1 APPPATH\Views\Catlog\master_attr_view.php(37): CodeIgniter\Debug\Exceptions->errorHandler(8, 'Undefined variable: Value', 'APPPATH\\Views\\Catlog\\master_attr_view.php', 37, [...])
 2 SYSTEMPATH\View\View.php(213): include('APPPATH\\Views\\Catlog\\master_attr_view.php')
 3 SYSTEMPATH\View\View.php(216): CodeIgniter\View\View->CodeIgniter\View\{closure}()
 4 SYSTEMPATH\Common.php(1134): CodeIgniter\View\View->render('Catlog/master_attr_view', [], true)
 5 APPPATH\Controllers\Catlog.php(61): view('Catlog/master_attr_view', [...])
 6 SYSTEMPATH\CodeIgniter.php(927): App\Controllers\Catlog->master_attr_view()
 7 SYSTEMPATH\CodeIgniter.php(482): CodeIgniter\CodeIgniter->runController(Object(App\Controllers\Catlog))
 8 SYSTEMPATH\CodeIgniter.php(351): CodeIgniter\CodeIgniter->handleRequest(null, Object(Config\Cache), false)
 9 FCPATH\index.php(67): CodeIgniter\CodeIgniter->run()
