CRITICAL - 2022-12-15 01:29:20 --> Call to undefined function App\Controllers\info()
in APPPATH\Controllers\Admin.php on line 51.
 1 SYSTEMPATH\CodeIgniter.php(927): App\Controllers\Admin->user_list()
 2 SYSTEMPATH\CodeIgniter.php(482): CodeIgniter\CodeIgniter->runController(Object(App\Controllers\Admin))
 3 SYSTEMPATH\CodeIgniter.php(351): CodeIgniter\CodeIgniter->handleRequest(null, Object(Config\Cache), false)
 4 FCPATH\index.php(67): CodeIgniter\CodeIgniter->run()
CRITICAL - 2022-12-15 01:44:30 --> Undefined variable $userimg
in APPPATH\Views\login\view_profile.php on line 62.
 1 APPPATH\Views\login\view_profile.php(62): CodeIgniter\Debug\Exceptions->errorHandler(2, 'Undefined variable $userimg', 'APPPATH\\Views\\login\\view_profile.php', 62)
 2 SYSTEMPATH\View\View.php(213): include('APPPATH\\Views\\login\\view_profile.php')
 3 SYSTEMPATH\View\View.php(216): CodeIgniter\View\View->CodeIgniter\View\{closure}()
 4 SYSTEMPATH\Common.php(1134): CodeIgniter\View\View->render('login/view_profile', [], true)
 5 APPPATH\Controllers\Login.php(96): view('login/view_profile')
 6 SYSTEMPATH\CodeIgniter.php(927): App\Controllers\Login->view_profile()
 7 SYSTEMPATH\CodeIgniter.php(482): CodeIgniter\CodeIgniter->runController(Object(App\Controllers\Login))
 8 SYSTEMPATH\CodeIgniter.php(351): CodeIgniter\CodeIgniter->handleRequest(null, Object(Config\Cache), false)
 9 FCPATH\index.php(67): CodeIgniter\CodeIgniter->run()
CRITICAL - 2022-12-15 01:59:34 --> syntax error, unexpected token "if"
in APPPATH\Views\login\view_profile.php on line 22.
 1 SYSTEMPATH\View\View.php(216): CodeIgniter\View\View->CodeIgniter\View\{closure}()
 2 SYSTEMPATH\Common.php(1134): CodeIgniter\View\View->render('login/view_profile', [], true)
 3 APPPATH\Controllers\Login.php(97): view('login/view_profile', [...])
 4 SYSTEMPATH\CodeIgniter.php(927): App\Controllers\Login->view_profile()
 5 SYSTEMPATH\CodeIgniter.php(482): CodeIgniter\CodeIgniter->runController(Object(App\Controllers\Login))
 6 SYSTEMPATH\CodeIgniter.php(351): CodeIgniter\CodeIgniter->handleRequest(null, Object(Config\Cache), false)
 7 FCPATH\index.php(67): CodeIgniter\CodeIgniter->run()
CRITICAL - 2022-12-15 04:47:37 --> Namespace declaration statement has to be the very first statement or after any declare call in the script
in APPPATH\Controllers\Login.php on line 6.
 1 [internal function]: CodeIgniter\Debug\Exceptions->shutdownHandler()
CRITICAL - 2022-12-15 04:47:38 --> Namespace declaration statement has to be the very first statement or after any declare call in the script
in APPPATH\Controllers\Login.php on line 6.
 1 [internal function]: CodeIgniter\Debug\Exceptions->shutdownHandler()
CRITICAL - 2022-12-15 04:47:38 --> Namespace declaration statement has to be the very first statement or after any declare call in the script
in APPPATH\Controllers\Login.php on line 6.
 1 [internal function]: CodeIgniter\Debug\Exceptions->shutdownHandler()
CRITICAL - 2022-12-15 04:47:38 --> Namespace declaration statement has to be the very first statement or after any declare call in the script
in APPPATH\Controllers\Login.php on line 6.
 1 [internal function]: CodeIgniter\Debug\Exceptions->shutdownHandler()
CRITICAL - 2022-12-15 04:47:38 --> Namespace declaration statement has to be the very first statement or after any declare call in the script
in APPPATH\Controllers\Login.php on line 6.
 1 [internal function]: CodeIgniter\Debug\Exceptions->shutdownHandler()
CRITICAL - 2022-12-15 04:47:38 --> Namespace declaration statement has to be the very first statement or after any declare call in the script
in APPPATH\Controllers\Login.php on line 6.
 1 [internal function]: CodeIgniter\Debug\Exceptions->shutdownHandler()
CRITICAL - 2022-12-15 04:47:38 --> Namespace declaration statement has to be the very first statement or after any declare call in the script
in APPPATH\Controllers\Login.php on line 6.
 1 [internal function]: CodeIgniter\Debug\Exceptions->shutdownHandler()
CRITICAL - 2022-12-15 04:47:38 --> Namespace declaration statement has to be the very first statement or after any declare call in the script
in APPPATH\Controllers\Login.php on line 6.
 1 [internal function]: CodeIgniter\Debug\Exceptions->shutdownHandler()
CRITICAL - 2022-12-15 04:47:38 --> Namespace declaration statement has to be the very first statement or after any declare call in the script
in APPPATH\Controllers\Login.php on line 6.
 1 [internal function]: CodeIgniter\Debug\Exceptions->shutdownHandler()
CRITICAL - 2022-12-15 04:47:38 --> Namespace declaration statement has to be the very first statement or after any declare call in the script
in APPPATH\Controllers\Login.php on line 6.
 1 [internal function]: CodeIgniter\Debug\Exceptions->shutdownHandler()
CRITICAL - 2022-12-15 04:47:38 --> Namespace declaration statement has to be the very first statement or after any declare call in the script
in APPPATH\Controllers\Login.php on line 6.
 1 [internal function]: CodeIgniter\Debug\Exceptions->shutdownHandler()
CRITICAL - 2022-12-15 04:47:38 --> Namespace declaration statement has to be the very first statement or after any declare call in the script
in APPPATH\Controllers\Login.php on line 6.
 1 [internal function]: CodeIgniter\Debug\Exceptions->shutdownHandler()
CRITICAL - 2022-12-15 04:47:38 --> Namespace declaration statement has to be the very first statement or after any declare call in the script
in APPPATH\Controllers\Login.php on line 6.
 1 [internal function]: CodeIgniter\Debug\Exceptions->shutdownHandler()
CRITICAL - 2022-12-15 04:47:38 --> Namespace declaration statement has to be the very first statement or after any declare call in the script
in APPPATH\Controllers\Login.php on line 6.
 1 [internal function]: CodeIgniter\Debug\Exceptions->shutdownHandler()
CRITICAL - 2022-12-15 04:47:38 --> Namespace declaration statement has to be the very first statement or after any declare call in the script
in APPPATH\Controllers\Login.php on line 6.
 1 [internal function]: CodeIgniter\Debug\Exceptions->shutdownHandler()
CRITICAL - 2022-12-15 04:50:25 --> Namespace declaration statement has to be the very first statement or after any declare call in the script
in APPPATH\Controllers\Login.php on line 2.
 1 [internal function]: CodeIgniter\Debug\Exceptions->shutdownHandler()
