ERROR - 2022-12-19 00:31:54 --> mysqli_sql_exception: Table 'e_commerce.category_t' doesn't exist in C:\xampp\htdocs\sumscircle\system\Database\MySQLi\Connection.php:292
Stack trace:
#0 C:\xampp\htdocs\sumscircle\system\Database\MySQLi\Connection.php(292): mysqli->query('SELECT *\nFROM `...', 0)
#1 C:\xampp\htdocs\sumscircle\system\Database\BaseConnection.php(666): CodeIgniter\Database\MySQLi\Connection->execute('SELECT *\nFROM `...')
#2 C:\xampp\htdocs\sumscircle\system\Database\BaseConnection.php(593): CodeIgniter\Database\BaseConnection->simpleQuery('SELECT *\nFROM `...')
#3 C:\xampp\htdocs\sumscircle\system\Database\BaseBuilder.php(1585): CodeIgniter\Database\BaseConnection->query('SELECT *\nFROM `...', Array, false)
#4 C:\xampp\htdocs\sumscircle\app\Models\Catlog_model.php(25): CodeIgniter\Database\BaseBuilder->get()
#5 C:\xampp\htdocs\sumscircle\app\Controllers\Catlog.php(18): App\Models\Catlog_model->Catlog_view()
#6 C:\xampp\htdocs\sumscircle\system\CodeIgniter.php(927): App\Controllers\Catlog->Catlog_view()
#7 C:\xampp\htdocs\sumscircle\system\CodeIgniter.php(482): CodeIgniter\CodeIgniter->runController(Object(App\Controllers\Catlog))
#8 C:\xampp\htdocs\sumscircle\system\CodeIgniter.php(351): CodeIgniter\CodeIgniter->handleRequest(NULL, Object(Config\Cache), false)
#9 C:\xampp\htdocs\sumscircle\public\index.php(67): CodeIgniter\CodeIgniter->run()
#10 {main}
CRITICAL - 2022-12-19 00:31:54 --> Table 'e_commerce.category_t' doesn't exist
in SYSTEMPATH\Database\MySQLi\Connection.php on line 292.
 1 SYSTEMPATH\Database\MySQLi\Connection.php(292): mysqli->query('SELECT *
FROM `category_t`
WHERE `deleted_by` = \'\'', 0)
 2 SYSTEMPATH\Database\BaseConnection.php(666): CodeIgniter\Database\MySQLi\Connection->execute('SELECT *
FROM `category_t`
WHERE `deleted_by` = \'\'')
 3 SYSTEMPATH\Database\BaseConnection.php(593): CodeIgniter\Database\BaseConnection->simpleQuery('SELECT *
FROM `category_t`
WHERE `deleted_by` = \'\'')
 4 SYSTEMPATH\Database\BaseBuilder.php(1585): CodeIgniter\Database\BaseConnection->query('SELECT *
FROM `category_t`
WHERE `deleted_by` = :deleted_by:', [...], false)
 5 APPPATH\Models\Catlog_model.php(25): CodeIgniter\Database\BaseBuilder->get()
 6 APPPATH\Controllers\Catlog.php(18): App\Models\Catlog_model->Catlog_view()
 7 SYSTEMPATH\CodeIgniter.php(927): App\Controllers\Catlog->Catlog_view()
 8 SYSTEMPATH\CodeIgniter.php(482): CodeIgniter\CodeIgniter->runController(Object(App\Controllers\Catlog))
 9 SYSTEMPATH\CodeIgniter.php(351): CodeIgniter\CodeIgniter->handleRequest(null, Object(Config\Cache), false)
10 FCPATH\index.php(67): CodeIgniter\CodeIgniter->run()
ERROR - 2022-12-19 00:33:15 --> mysqli_sql_exception: Table 'e_commerce.category_t' doesn't exist in C:\xampp\htdocs\sumscircle\system\Database\MySQLi\Connection.php:292
Stack trace:
#0 C:\xampp\htdocs\sumscircle\system\Database\MySQLi\Connection.php(292): mysqli->query('SELECT *\nFROM `...', 0)
#1 C:\xampp\htdocs\sumscircle\system\Database\BaseConnection.php(666): CodeIgniter\Database\MySQLi\Connection->execute('SELECT *\nFROM `...')
#2 C:\xampp\htdocs\sumscircle\system\Database\BaseConnection.php(593): CodeIgniter\Database\BaseConnection->simpleQuery('SELECT *\nFROM `...')
#3 C:\xampp\htdocs\sumscircle\system\Database\BaseBuilder.php(1585): CodeIgniter\Database\BaseConnection->query('SELECT *\nFROM `...', Array, false)
#4 C:\xampp\htdocs\sumscircle\app\Models\Catlog_model.php(25): CodeIgniter\Database\BaseBuilder->get()
#5 C:\xampp\htdocs\sumscircle\app\Controllers\Catlog.php(18): App\Models\Catlog_model->Catlog_view()
#6 C:\xampp\htdocs\sumscircle\system\CodeIgniter.php(927): App\Controllers\Catlog->Catlog_view()
#7 C:\xampp\htdocs\sumscircle\system\CodeIgniter.php(482): CodeIgniter\CodeIgniter->runController(Object(App\Controllers\Catlog))
#8 C:\xampp\htdocs\sumscircle\system\CodeIgniter.php(351): CodeIgniter\CodeIgniter->handleRequest(NULL, Object(Config\Cache), false)
#9 C:\xampp\htdocs\sumscircle\public\index.php(67): CodeIgniter\CodeIgniter->run()
#10 {main}
CRITICAL - 2022-12-19 00:33:15 --> Table 'e_commerce.category_t' doesn't exist
in SYSTEMPATH\Database\MySQLi\Connection.php on line 292.
 1 SYSTEMPATH\Database\MySQLi\Connection.php(292): mysqli->query('SELECT *
FROM `category_t`
WHERE `deleted_by` = \'\'', 0)
 2 SYSTEMPATH\Database\BaseConnection.php(666): CodeIgniter\Database\MySQLi\Connection->execute('SELECT *
FROM `category_t`
WHERE `deleted_by` = \'\'')
 3 SYSTEMPATH\Database\BaseConnection.php(593): CodeIgniter\Database\BaseConnection->simpleQuery('SELECT *
FROM `category_t`
WHERE `deleted_by` = \'\'')
 4 SYSTEMPATH\Database\BaseBuilder.php(1585): CodeIgniter\Database\BaseConnection->query('SELECT *
FROM `category_t`
WHERE `deleted_by` = :deleted_by:', [...], false)
 5 APPPATH\Models\Catlog_model.php(25): CodeIgniter\Database\BaseBuilder->get()
 6 APPPATH\Controllers\Catlog.php(18): App\Models\Catlog_model->Catlog_view()
 7 SYSTEMPATH\CodeIgniter.php(927): App\Controllers\Catlog->Catlog_view()
 8 SYSTEMPATH\CodeIgniter.php(482): CodeIgniter\CodeIgniter->runController(Object(App\Controllers\Catlog))
 9 SYSTEMPATH\CodeIgniter.php(351): CodeIgniter\CodeIgniter->handleRequest(null, Object(Config\Cache), false)
10 FCPATH\index.php(67): CodeIgniter\CodeIgniter->run()
CRITICAL - 2022-12-19 01:01:57 --> Class "App\Libraries\common_db_lib" not found
in APPPATH\Models\Catlog_model.php on line 14.
 1 APPPATH\Controllers\Catlog.php(12): App\Models\Catlog_model->__construct()
 2 SYSTEMPATH\CodeIgniter.php(889): App\Controllers\Catlog->__construct()
 3 SYSTEMPATH\CodeIgniter.php(473): CodeIgniter\CodeIgniter->createController()
 4 SYSTEMPATH\CodeIgniter.php(351): CodeIgniter\CodeIgniter->handleRequest(null, Object(Config\Cache), false)
 5 FCPATH\index.php(67): CodeIgniter\CodeIgniter->run()
CRITICAL - 2022-12-19 01:04:00 --> Class "App\Libraries\common_db_lib" not found
in APPPATH\Models\Catlog_model.php on line 14.
 1 APPPATH\Controllers\Catlog.php(12): App\Models\Catlog_model->__construct()
 2 SYSTEMPATH\CodeIgniter.php(889): App\Controllers\Catlog->__construct()
 3 SYSTEMPATH\CodeIgniter.php(473): CodeIgniter\CodeIgniter->createController()
 4 SYSTEMPATH\CodeIgniter.php(351): CodeIgniter\CodeIgniter->handleRequest(null, Object(Config\Cache), false)
 5 FCPATH\index.php(67): CodeIgniter\CodeIgniter->run()
CRITICAL - 2022-12-19 01:15:16 --> Undefined property: CodeIgniter\View\View::$uri
in APPPATH\Views\sidebar.php on line 18.
 1 APPPATH\Views\sidebar.php(18): CodeIgniter\Debug\Exceptions->errorHandler(2, 'Undefined property: CodeIgniter\\View\\View::$uri', 'APPPATH\\Views\\sidebar.php', 18)
 2 SYSTEMPATH\View\View.php(213): include('APPPATH\\Views\\sidebar.php')
 3 SYSTEMPATH\View\View.php(216): CodeIgniter\View\View->CodeIgniter\View\{closure}()
 4 SYSTEMPATH\Common.php(1134): CodeIgniter\View\View->render('sidebar', [], true)
 5 APPPATH\Views\header.php(16): view('sidebar')
 6 SYSTEMPATH\View\View.php(213): include('APPPATH\\Views\\header.php')
 7 SYSTEMPATH\View\View.php(216): CodeIgniter\View\View->CodeIgniter\View\{closure}()
 8 SYSTEMPATH\Common.php(1134): CodeIgniter\View\View->render('header', [], true)
 9 APPPATH\Views\admin\add_role.php(1): view('header')
10 SYSTEMPATH\View\View.php(213): include('APPPATH\\Views\\admin\\add_role.php')
11 SYSTEMPATH\View\View.php(216): CodeIgniter\View\View->CodeIgniter\View\{closure}()
12 SYSTEMPATH\Common.php(1134): CodeIgniter\View\View->render('admin/add_role', [], true)
13 APPPATH\Controllers\Admin.php(26): view('admin/add_role', [...])
14 SYSTEMPATH\CodeIgniter.php(927): App\Controllers\Admin->add_role()
15 SYSTEMPATH\CodeIgniter.php(482): CodeIgniter\CodeIgniter->runController(Object(App\Controllers\Admin))
16 SYSTEMPATH\CodeIgniter.php(351): CodeIgniter\CodeIgniter->handleRequest(null, Object(Config\Cache), false)
17 FCPATH\index.php(67): CodeIgniter\CodeIgniter->run()
CRITICAL - 2022-12-19 01:15:41 --> Undefined property: CodeIgniter\View\View::$uri
in APPPATH\Views\sidebar.php on line 18.
 1 APPPATH\Views\sidebar.php(18): CodeIgniter\Debug\Exceptions->errorHandler(2, 'Undefined property: CodeIgniter\\View\\View::$uri', 'APPPATH\\Views\\sidebar.php', 18)
 2 SYSTEMPATH\View\View.php(213): include('APPPATH\\Views\\sidebar.php')
 3 SYSTEMPATH\View\View.php(216): CodeIgniter\View\View->CodeIgniter\View\{closure}()
 4 SYSTEMPATH\Common.php(1134): CodeIgniter\View\View->render('sidebar', [], true)
 5 APPPATH\Views\header.php(16): view('sidebar')
 6 SYSTEMPATH\View\View.php(213): include('APPPATH\\Views\\header.php')
 7 SYSTEMPATH\View\View.php(216): CodeIgniter\View\View->CodeIgniter\View\{closure}()
 8 SYSTEMPATH\Common.php(1134): CodeIgniter\View\View->render('header', [], true)
 9 APPPATH\Views\admin\add_role.php(1): view('header')
10 SYSTEMPATH\View\View.php(213): include('APPPATH\\Views\\admin\\add_role.php')
11 SYSTEMPATH\View\View.php(216): CodeIgniter\View\View->CodeIgniter\View\{closure}()
12 SYSTEMPATH\Common.php(1134): CodeIgniter\View\View->render('admin/add_role', [], true)
13 APPPATH\Controllers\Admin.php(26): view('admin/add_role', [...])
14 SYSTEMPATH\CodeIgniter.php(927): App\Controllers\Admin->add_role()
15 SYSTEMPATH\CodeIgniter.php(482): CodeIgniter\CodeIgniter->runController(Object(App\Controllers\Admin))
16 SYSTEMPATH\CodeIgniter.php(351): CodeIgniter\CodeIgniter->handleRequest(null, Object(Config\Cache), false)
17 FCPATH\index.php(67): CodeIgniter\CodeIgniter->run()
CRITICAL - 2022-12-19 01:17:11 --> Undefined property: CodeIgniter\View\View::$request
in APPPATH\Views\sidebar.php on line 18.
 1 APPPATH\Views\sidebar.php(18): CodeIgniter\Debug\Exceptions->errorHandler(2, 'Undefined property: CodeIgniter\\View\\View::$request', 'APPPATH\\Views\\sidebar.php', 18)
 2 SYSTEMPATH\View\View.php(213): include('APPPATH\\Views\\sidebar.php')
 3 SYSTEMPATH\View\View.php(216): CodeIgniter\View\View->CodeIgniter\View\{closure}()
 4 SYSTEMPATH\Common.php(1134): CodeIgniter\View\View->render('sidebar', [], true)
 5 APPPATH\Views\header.php(16): view('sidebar')
 6 SYSTEMPATH\View\View.php(213): include('APPPATH\\Views\\header.php')
 7 SYSTEMPATH\View\View.php(216): CodeIgniter\View\View->CodeIgniter\View\{closure}()
 8 SYSTEMPATH\Common.php(1134): CodeIgniter\View\View->render('header', [], true)
 9 APPPATH\Views\admin\add_role.php(1): view('header')
10 SYSTEMPATH\View\View.php(213): include('APPPATH\\Views\\admin\\add_role.php')
11 SYSTEMPATH\View\View.php(216): CodeIgniter\View\View->CodeIgniter\View\{closure}()
12 SYSTEMPATH\Common.php(1134): CodeIgniter\View\View->render('admin/add_role', [], true)
13 APPPATH\Controllers\Admin.php(26): view('admin/add_role', [...])
14 SYSTEMPATH\CodeIgniter.php(927): App\Controllers\Admin->add_role()
15 SYSTEMPATH\CodeIgniter.php(482): CodeIgniter\CodeIgniter->runController(Object(App\Controllers\Admin))
16 SYSTEMPATH\CodeIgniter.php(351): CodeIgniter\CodeIgniter->handleRequest(null, Object(Config\Cache), false)
17 FCPATH\index.php(67): CodeIgniter\CodeIgniter->run()
CRITICAL - 2022-12-19 01:21:06 --> Cannot use object of type CodeIgniter\HTTP\URI as array
in APPPATH\Views\sidebar.php on line 5.
 1 SYSTEMPATH\View\View.php(213): include()
 2 SYSTEMPATH\View\View.php(216): CodeIgniter\View\View->CodeIgniter\View\{closure}()
 3 SYSTEMPATH\Common.php(1134): CodeIgniter\View\View->render('sidebar', [], true)
 4 APPPATH\Views\header.php(16): view('sidebar')
 5 SYSTEMPATH\View\View.php(213): include('APPPATH\\Views\\header.php')
 6 SYSTEMPATH\View\View.php(216): CodeIgniter\View\View->CodeIgniter\View\{closure}()
 7 SYSTEMPATH\Common.php(1134): CodeIgniter\View\View->render('header', [], true)
 8 APPPATH\Views\admin\add_role.php(1): view('header')
 9 SYSTEMPATH\View\View.php(213): include('APPPATH\\Views\\admin\\add_role.php')
10 SYSTEMPATH\View\View.php(216): CodeIgniter\View\View->CodeIgniter\View\{closure}()
11 SYSTEMPATH\Common.php(1134): CodeIgniter\View\View->render('admin/add_role', [], true)
12 APPPATH\Controllers\Admin.php(26): view('admin/add_role', [...])
13 SYSTEMPATH\CodeIgniter.php(927): App\Controllers\Admin->add_role()
14 SYSTEMPATH\CodeIgniter.php(482): CodeIgniter\CodeIgniter->runController(Object(App\Controllers\Admin))
15 SYSTEMPATH\CodeIgniter.php(351): CodeIgniter\CodeIgniter->handleRequest(null, Object(Config\Cache), false)
16 FCPATH\index.php(67): CodeIgniter\CodeIgniter->run()
CRITICAL - 2022-12-19 01:22:02 --> Too few arguments to function CodeIgniter\HTTP\URI::getSegment(), 0 passed in C:\xampp\htdocs\sumscircle\app\Views\sidebar.php on line 7 and at least 1 expected
in SYSTEMPATH\HTTP\URI.php on line 522.
 1 APPPATH\Views\sidebar.php(7): CodeIgniter\HTTP\URI->getSegment()
 2 SYSTEMPATH\View\View.php(213): include('APPPATH\\Views\\sidebar.php')
 3 SYSTEMPATH\View\View.php(216): CodeIgniter\View\View->CodeIgniter\View\{closure}()
 4 SYSTEMPATH\Common.php(1134): CodeIgniter\View\View->render('sidebar', [], true)
 5 APPPATH\Views\header.php(16): view('sidebar')
 6 SYSTEMPATH\View\View.php(213): include('APPPATH\\Views\\header.php')
 7 SYSTEMPATH\View\View.php(216): CodeIgniter\View\View->CodeIgniter\View\{closure}()
 8 SYSTEMPATH\Common.php(1134): CodeIgniter\View\View->render('header', [], true)
 9 APPPATH\Views\admin\add_role.php(1): view('header')
10 SYSTEMPATH\View\View.php(213): include('APPPATH\\Views\\admin\\add_role.php')
11 SYSTEMPATH\View\View.php(216): CodeIgniter\View\View->CodeIgniter\View\{closure}()
12 SYSTEMPATH\Common.php(1134): CodeIgniter\View\View->render('admin/add_role', [], true)
13 APPPATH\Controllers\Admin.php(26): view('admin/add_role', [...])
14 SYSTEMPATH\CodeIgniter.php(927): App\Controllers\Admin->add_role()
15 SYSTEMPATH\CodeIgniter.php(482): CodeIgniter\CodeIgniter->runController(Object(App\Controllers\Admin))
16 SYSTEMPATH\CodeIgniter.php(351): CodeIgniter\CodeIgniter->handleRequest(null, Object(Config\Cache), false)
17 FCPATH\index.php(67): CodeIgniter\CodeIgniter->run()
CRITICAL - 2022-12-19 01:22:55 --> CodeIgniter\HTTP\URI::getSegment(): Argument #1 ($number) must be of type int, array given, called in C:\xampp\htdocs\sumscircle\app\Views\sidebar.php on line 8
in SYSTEMPATH\HTTP\URI.php on line 522.
 1 APPPATH\Views\sidebar.php(8): CodeIgniter\HTTP\URI->getSegment([...])
 2 SYSTEMPATH\View\View.php(213): include('APPPATH\\Views\\sidebar.php')
 3 SYSTEMPATH\View\View.php(216): CodeIgniter\View\View->CodeIgniter\View\{closure}()
 4 SYSTEMPATH\Common.php(1134): CodeIgniter\View\View->render('sidebar', [], true)
 5 APPPATH\Views\header.php(16): view('sidebar')
 6 SYSTEMPATH\View\View.php(213): include('APPPATH\\Views\\header.php')
 7 SYSTEMPATH\View\View.php(216): CodeIgniter\View\View->CodeIgniter\View\{closure}()
 8 SYSTEMPATH\Common.php(1134): CodeIgniter\View\View->render('header', [], true)
 9 APPPATH\Views\admin\add_role.php(1): view('header')
10 SYSTEMPATH\View\View.php(213): include('APPPATH\\Views\\admin\\add_role.php')
11 SYSTEMPATH\View\View.php(216): CodeIgniter\View\View->CodeIgniter\View\{closure}()
12 SYSTEMPATH\Common.php(1134): CodeIgniter\View\View->render('admin/add_role', [], true)
13 APPPATH\Controllers\Admin.php(26): view('admin/add_role', [...])
14 SYSTEMPATH\CodeIgniter.php(927): App\Controllers\Admin->add_role()
15 SYSTEMPATH\CodeIgniter.php(482): CodeIgniter\CodeIgniter->runController(Object(App\Controllers\Admin))
16 SYSTEMPATH\CodeIgniter.php(351): CodeIgniter\CodeIgniter->handleRequest(null, Object(Config\Cache), false)
17 FCPATH\index.php(67): CodeIgniter\CodeIgniter->run()
CRITICAL - 2022-12-19 01:35:06 --> syntax error, unexpected token "."
in APPPATH\Views\sidebar.php on line 46.
 1 SYSTEMPATH\View\View.php(216): CodeIgniter\View\View->CodeIgniter\View\{closure}()
 2 SYSTEMPATH\Common.php(1134): CodeIgniter\View\View->render('sidebar', [], true)
 3 APPPATH\Views\header.php(16): view('sidebar')
 4 SYSTEMPATH\View\View.php(213): include('APPPATH\\Views\\header.php')
 5 SYSTEMPATH\View\View.php(216): CodeIgniter\View\View->CodeIgniter\View\{closure}()
 6 SYSTEMPATH\Common.php(1134): CodeIgniter\View\View->render('header', [], true)
 7 APPPATH\Views\admin\role.php(1): view('header')
 8 SYSTEMPATH\View\View.php(213): include('APPPATH\\Views\\admin\\role.php')
 9 SYSTEMPATH\View\View.php(216): CodeIgniter\View\View->CodeIgniter\View\{closure}()
10 SYSTEMPATH\Common.php(1134): CodeIgniter\View\View->render('admin/role', [], true)
11 APPPATH\Controllers\Admin.php(20): view('admin/role', [...])
12 SYSTEMPATH\CodeIgniter.php(927): App\Controllers\Admin->index()
13 SYSTEMPATH\CodeIgniter.php(482): CodeIgniter\CodeIgniter->runController(Object(App\Controllers\Admin))
14 SYSTEMPATH\CodeIgniter.php(351): CodeIgniter\CodeIgniter->handleRequest(null, Object(Config\Cache), false)
15 FCPATH\index.php(67): CodeIgniter\CodeIgniter->run()
CRITICAL - 2022-12-19 01:35:21 --> syntax error, unexpected token "."
in APPPATH\Views\sidebar.php on line 46.
 1 SYSTEMPATH\View\View.php(216): CodeIgniter\View\View->CodeIgniter\View\{closure}()
 2 SYSTEMPATH\Common.php(1134): CodeIgniter\View\View->render('sidebar', [], true)
 3 APPPATH\Views\header.php(16): view('sidebar')
 4 SYSTEMPATH\View\View.php(213): include('APPPATH\\Views\\header.php')
 5 SYSTEMPATH\View\View.php(216): CodeIgniter\View\View->CodeIgniter\View\{closure}()
 6 SYSTEMPATH\Common.php(1134): CodeIgniter\View\View->render('header', [], true)
 7 APPPATH\Views\admin\role.php(1): view('header')
 8 SYSTEMPATH\View\View.php(213): include('APPPATH\\Views\\admin\\role.php')
 9 SYSTEMPATH\View\View.php(216): CodeIgniter\View\View->CodeIgniter\View\{closure}()
10 SYSTEMPATH\Common.php(1134): CodeIgniter\View\View->render('admin/role', [], true)
11 APPPATH\Controllers\Admin.php(20): view('admin/role', [...])
12 SYSTEMPATH\CodeIgniter.php(927): App\Controllers\Admin->index()
13 SYSTEMPATH\CodeIgniter.php(482): CodeIgniter\CodeIgniter->runController(Object(App\Controllers\Admin))
14 SYSTEMPATH\CodeIgniter.php(351): CodeIgniter\CodeIgniter->handleRequest(null, Object(Config\Cache), false)
15 FCPATH\index.php(67): CodeIgniter\CodeIgniter->run()
CRITICAL - 2022-12-19 01:35:37 --> syntax error, unexpected variable "$val1", expecting ")"
in APPPATH\Views\sidebar.php on line 46.
 1 SYSTEMPATH\View\View.php(216): CodeIgniter\View\View->CodeIgniter\View\{closure}()
 2 SYSTEMPATH\Common.php(1134): CodeIgniter\View\View->render('sidebar', [], true)
 3 APPPATH\Views\header.php(16): view('sidebar')
 4 SYSTEMPATH\View\View.php(213): include('APPPATH\\Views\\header.php')
 5 SYSTEMPATH\View\View.php(216): CodeIgniter\View\View->CodeIgniter\View\{closure}()
 6 SYSTEMPATH\Common.php(1134): CodeIgniter\View\View->render('header', [], true)
 7 APPPATH\Views\admin\role.php(1): view('header')
 8 SYSTEMPATH\View\View.php(213): include('APPPATH\\Views\\admin\\role.php')
 9 SYSTEMPATH\View\View.php(216): CodeIgniter\View\View->CodeIgniter\View\{closure}()
10 SYSTEMPATH\Common.php(1134): CodeIgniter\View\View->render('admin/role', [], true)
11 APPPATH\Controllers\Admin.php(20): view('admin/role', [...])
12 SYSTEMPATH\CodeIgniter.php(927): App\Controllers\Admin->index()
13 SYSTEMPATH\CodeIgniter.php(482): CodeIgniter\CodeIgniter->runController(Object(App\Controllers\Admin))
14 SYSTEMPATH\CodeIgniter.php(351): CodeIgniter\CodeIgniter->handleRequest(null, Object(Config\Cache), false)
15 FCPATH\index.php(67): CodeIgniter\CodeIgniter->run()
CRITICAL - 2022-12-19 01:35:39 --> syntax error, unexpected variable "$val1", expecting ")"
in APPPATH\Views\sidebar.php on line 46.
 1 SYSTEMPATH\View\View.php(216): CodeIgniter\View\View->CodeIgniter\View\{closure}()
 2 SYSTEMPATH\Common.php(1134): CodeIgniter\View\View->render('sidebar', [], true)
 3 APPPATH\Views\header.php(16): view('sidebar')
 4 SYSTEMPATH\View\View.php(213): include('APPPATH\\Views\\header.php')
 5 SYSTEMPATH\View\View.php(216): CodeIgniter\View\View->CodeIgniter\View\{closure}()
 6 SYSTEMPATH\Common.php(1134): CodeIgniter\View\View->render('header', [], true)
 7 APPPATH\Views\admin\role.php(1): view('header')
 8 SYSTEMPATH\View\View.php(213): include('APPPATH\\Views\\admin\\role.php')
 9 SYSTEMPATH\View\View.php(216): CodeIgniter\View\View->CodeIgniter\View\{closure}()
10 SYSTEMPATH\Common.php(1134): CodeIgniter\View\View->render('admin/role', [], true)
11 APPPATH\Controllers\Admin.php(20): view('admin/role', [...])
12 SYSTEMPATH\CodeIgniter.php(927): App\Controllers\Admin->index()
13 SYSTEMPATH\CodeIgniter.php(482): CodeIgniter\CodeIgniter->runController(Object(App\Controllers\Admin))
14 SYSTEMPATH\CodeIgniter.php(351): CodeIgniter\CodeIgniter->handleRequest(null, Object(Config\Cache), false)
15 FCPATH\index.php(67): CodeIgniter\CodeIgniter->run()
CRITICAL - 2022-12-19 01:35:53 --> syntax error, unexpected variable "$val1", expecting ")"
in APPPATH\Views\sidebar.php on line 46.
 1 SYSTEMPATH\View\View.php(216): CodeIgniter\View\View->CodeIgniter\View\{closure}()
 2 SYSTEMPATH\Common.php(1134): CodeIgniter\View\View->render('sidebar', [], true)
 3 APPPATH\Views\header.php(16): view('sidebar')
 4 SYSTEMPATH\View\View.php(213): include('APPPATH\\Views\\header.php')
 5 SYSTEMPATH\View\View.php(216): CodeIgniter\View\View->CodeIgniter\View\{closure}()
 6 SYSTEMPATH\Common.php(1134): CodeIgniter\View\View->render('header', [], true)
 7 APPPATH\Views\admin\role.php(1): view('header')
 8 SYSTEMPATH\View\View.php(213): include('APPPATH\\Views\\admin\\role.php')
 9 SYSTEMPATH\View\View.php(216): CodeIgniter\View\View->CodeIgniter\View\{closure}()
10 SYSTEMPATH\Common.php(1134): CodeIgniter\View\View->render('admin/role', [], true)
11 APPPATH\Controllers\Admin.php(20): view('admin/role', [...])
12 SYSTEMPATH\CodeIgniter.php(927): App\Controllers\Admin->index()
13 SYSTEMPATH\CodeIgniter.php(482): CodeIgniter\CodeIgniter->runController(Object(App\Controllers\Admin))
14 SYSTEMPATH\CodeIgniter.php(351): CodeIgniter\CodeIgniter->handleRequest(null, Object(Config\Cache), false)
15 FCPATH\index.php(67): CodeIgniter\CodeIgniter->run()
