CRITICAL - 2023-01-27 02:15:01 --> Trying to access array offset on value of type null
in APPPATH\Views\Catlog\category_add.php on line 68.
 1 APPPATH\Views\Catlog\category_add.php(68): CodeIgniter\Debug\Exceptions->errorHandler(2, 'Trying to access array offset on value of type null', 'APPPATH\\Views\\Catlog\\category_add.php', 68)
 2 SYSTEMPATH\View\View.php(213): include('APPPATH\\Views\\Catlog\\category_add.php')
 3 SYSTEMPATH\View\View.php(216): CodeIgniter\View\View->CodeIgniter\View\{closure}()
 4 SYSTEMPATH\Common.php(1134): CodeIgniter\View\View->render('Catlog/category_add', [], true)
 5 APPPATH\Controllers\Catlog.php(32): view('Catlog/category_add', [...])
 6 SYSTEMPATH\CodeIgniter.php(927): App\Controllers\Catlog->category_add()
 7 SYSTEMPATH\CodeIgniter.php(482): CodeIgniter\CodeIgniter->runController(Object(App\Controllers\Catlog))
 8 SYSTEMPATH\CodeIgniter.php(351): CodeIgniter\CodeIgniter->handleRequest(null, Object(Config\Cache), false)
 9 FCPATH\index.php(67): CodeIgniter\CodeIgniter->run()
CRITICAL - 2023-01-27 02:48:31 --> Trying to access array offset on value of type null
in APPPATH\Views\Catlog\category_add.php on line 68.
 1 APPPATH\Views\Catlog\category_add.php(68): CodeIgniter\Debug\Exceptions->errorHandler(2, 'Trying to access array offset on value of type null', 'APPPATH\\Views\\Catlog\\category_add.php', 68)
 2 SYSTEMPATH\View\View.php(213): include('APPPATH\\Views\\Catlog\\category_add.php')
 3 SYSTEMPATH\View\View.php(216): CodeIgniter\View\View->CodeIgniter\View\{closure}()
 4 SYSTEMPATH\Common.php(1134): CodeIgniter\View\View->render('Catlog/category_add', [], true)
 5 APPPATH\Controllers\Catlog.php(32): view('Catlog/category_add', [...])
 6 SYSTEMPATH\CodeIgniter.php(927): App\Controllers\Catlog->category_add()
 7 SYSTEMPATH\CodeIgniter.php(482): CodeIgniter\CodeIgniter->runController(Object(App\Controllers\Catlog))
 8 SYSTEMPATH\CodeIgniter.php(351): CodeIgniter\CodeIgniter->handleRequest(null, Object(Config\Cache), false)
 9 FCPATH\index.php(67): CodeIgniter\CodeIgniter->run()
CRITICAL - 2023-01-27 02:58:32 --> Trying to access array offset on value of type null
in APPPATH\Views\Catlog\category_add.php on line 68.
 1 APPPATH\Views\Catlog\category_add.php(68): CodeIgniter\Debug\Exceptions->errorHandler(2, 'Trying to access array offset on value of type null', 'APPPATH\\Views\\Catlog\\category_add.php', 68)
 2 SYSTEMPATH\View\View.php(213): include('APPPATH\\Views\\Catlog\\category_add.php')
 3 SYSTEMPATH\View\View.php(216): CodeIgniter\View\View->CodeIgniter\View\{closure}()
 4 SYSTEMPATH\Common.php(1134): CodeIgniter\View\View->render('Catlog/category_add', [], true)
 5 APPPATH\Controllers\Catlog.php(32): view('Catlog/category_add', [...])
 6 SYSTEMPATH\CodeIgniter.php(927): App\Controllers\Catlog->category_add()
 7 SYSTEMPATH\CodeIgniter.php(482): CodeIgniter\CodeIgniter->runController(Object(App\Controllers\Catlog))
 8 SYSTEMPATH\CodeIgniter.php(351): CodeIgniter\CodeIgniter->handleRequest(null, Object(Config\Cache), false)
 9 FCPATH\index.php(67): CodeIgniter\CodeIgniter->run()
CRITICAL - 2023-01-27 03:08:32 --> Trying to access array offset on value of type null
in APPPATH\Views\Catlog\category_add.php on line 68.
 1 APPPATH\Views\Catlog\category_add.php(68): CodeIgniter\Debug\Exceptions->errorHandler(2, 'Trying to access array offset on value of type null', 'APPPATH\\Views\\Catlog\\category_add.php', 68)
 2 SYSTEMPATH\View\View.php(213): include('APPPATH\\Views\\Catlog\\category_add.php')
 3 SYSTEMPATH\View\View.php(216): CodeIgniter\View\View->CodeIgniter\View\{closure}()
 4 SYSTEMPATH\Common.php(1134): CodeIgniter\View\View->render('Catlog/category_add', [], true)
 5 APPPATH\Controllers\Catlog.php(32): view('Catlog/category_add', [...])
 6 SYSTEMPATH\CodeIgniter.php(927): App\Controllers\Catlog->category_add()
 7 SYSTEMPATH\CodeIgniter.php(482): CodeIgniter\CodeIgniter->runController(Object(App\Controllers\Catlog))
 8 SYSTEMPATH\CodeIgniter.php(351): CodeIgniter\CodeIgniter->handleRequest(null, Object(Config\Cache), false)
 9 FCPATH\index.php(67): CodeIgniter\CodeIgniter->run()
CRITICAL - 2023-01-27 03:11:04 --> Trying to access array offset on value of type null
in APPPATH\Views\Catlog\category_add.php on line 68.
 1 APPPATH\Views\Catlog\category_add.php(68): CodeIgniter\Debug\Exceptions->errorHandler(2, 'Trying to access array offset on value of type null', 'APPPATH\\Views\\Catlog\\category_add.php', 68)
 2 SYSTEMPATH\View\View.php(213): include('APPPATH\\Views\\Catlog\\category_add.php')
 3 SYSTEMPATH\View\View.php(216): CodeIgniter\View\View->CodeIgniter\View\{closure}()
 4 SYSTEMPATH\Common.php(1134): CodeIgniter\View\View->render('Catlog/category_add', [], true)
 5 APPPATH\Controllers\Catlog.php(32): view('Catlog/category_add', [...])
 6 SYSTEMPATH\CodeIgniter.php(927): App\Controllers\Catlog->category_add()
 7 SYSTEMPATH\CodeIgniter.php(482): CodeIgniter\CodeIgniter->runController(Object(App\Controllers\Catlog))
 8 SYSTEMPATH\CodeIgniter.php(351): CodeIgniter\CodeIgniter->handleRequest(null, Object(Config\Cache), false)
 9 FCPATH\index.php(67): CodeIgniter\CodeIgniter->run()
