CRITICAL - 2022-12-04 23:25:03 --> Undefined property: CodeIgniter\View\View::$session
in APPPATH\Views\login\login.php on line 51.
 1 APPPATH\Views\login\login.php(51): CodeIgniter\Debug\Exceptions->errorHandler(2, 'Undefined property: CodeIgniter\\View\\View::$session', 'APPPATH\\Views\\login\\login.php', 51)
 2 SYSTEMPATH\View\View.php(213): include('APPPATH\\Views\\login\\login.php')
 3 SYSTEMPATH\View\View.php(216): CodeIgniter\View\View->CodeIgniter\View\{closure}()
 4 SYSTEMPATH\Common.php(1134): CodeIgniter\View\View->render('login/login', [], true)
 5 APPPATH\Controllers\Login.php(18): view('login/login')
 6 SYSTEMPATH\CodeIgniter.php(927): App\Controllers\Login->index()
 7 SYSTEMPATH\CodeIgniter.php(482): CodeIgniter\CodeIgniter->runController(Object(App\Controllers\Login))
 8 SYSTEMPATH\CodeIgniter.php(351): CodeIgniter\CodeIgniter->handleRequest(null, Object(Config\Cache), false)
 9 FCPATH\index.php(67): CodeIgniter\CodeIgniter->run()
CRITICAL - 2022-12-04 23:26:15 --> Undefined property: CodeIgniter\View\View::$session
in APPPATH\Views\login\login.php on line 51.
 1 APPPATH\Views\login\login.php(51): CodeIgniter\Debug\Exceptions->errorHandler(2, 'Undefined property: CodeIgniter\\View\\View::$session', 'APPPATH\\Views\\login\\login.php', 51)
 2 SYSTEMPATH\View\View.php(213): include('APPPATH\\Views\\login\\login.php')
 3 SYSTEMPATH\View\View.php(216): CodeIgniter\View\View->CodeIgniter\View\{closure}()
 4 SYSTEMPATH\Common.php(1134): CodeIgniter\View\View->render('login/login', [], true)
 5 APPPATH\Controllers\Login.php(18): view('login/login')
 6 SYSTEMPATH\CodeIgniter.php(927): App\Controllers\Login->index()
 7 SYSTEMPATH\CodeIgniter.php(482): CodeIgniter\CodeIgniter->runController(Object(App\Controllers\Login))
 8 SYSTEMPATH\CodeIgniter.php(351): CodeIgniter\CodeIgniter->handleRequest(null, Object(Config\Cache), false)
 9 FCPATH\index.php(67): CodeIgniter\CodeIgniter->run()
CRITICAL - 2022-12-04 23:26:16 --> Undefined property: CodeIgniter\View\View::$session
in APPPATH\Views\login\login.php on line 51.
 1 APPPATH\Views\login\login.php(51): CodeIgniter\Debug\Exceptions->errorHandler(2, 'Undefined property: CodeIgniter\\View\\View::$session', 'APPPATH\\Views\\login\\login.php', 51)
 2 SYSTEMPATH\View\View.php(213): include('APPPATH\\Views\\login\\login.php')
 3 SYSTEMPATH\View\View.php(216): CodeIgniter\View\View->CodeIgniter\View\{closure}()
 4 SYSTEMPATH\Common.php(1134): CodeIgniter\View\View->render('login/login', [], true)
 5 APPPATH\Controllers\Login.php(18): view('login/login')
 6 SYSTEMPATH\CodeIgniter.php(927): App\Controllers\Login->index()
 7 SYSTEMPATH\CodeIgniter.php(482): CodeIgniter\CodeIgniter->runController(Object(App\Controllers\Login))
 8 SYSTEMPATH\CodeIgniter.php(351): CodeIgniter\CodeIgniter->handleRequest(null, Object(Config\Cache), false)
 9 FCPATH\index.php(67): CodeIgniter\CodeIgniter->run()
CRITICAL - 2022-12-04 23:26:17 --> Undefined property: CodeIgniter\View\View::$session
in APPPATH\Views\login\login.php on line 51.
 1 APPPATH\Views\login\login.php(51): CodeIgniter\Debug\Exceptions->errorHandler(2, 'Undefined property: CodeIgniter\\View\\View::$session', 'APPPATH\\Views\\login\\login.php', 51)
 2 SYSTEMPATH\View\View.php(213): include('APPPATH\\Views\\login\\login.php')
 3 SYSTEMPATH\View\View.php(216): CodeIgniter\View\View->CodeIgniter\View\{closure}()
 4 SYSTEMPATH\Common.php(1134): CodeIgniter\View\View->render('login/login', [], true)
 5 APPPATH\Controllers\Login.php(18): view('login/login')
 6 SYSTEMPATH\CodeIgniter.php(927): App\Controllers\Login->index()
 7 SYSTEMPATH\CodeIgniter.php(482): CodeIgniter\CodeIgniter->runController(Object(App\Controllers\Login))
 8 SYSTEMPATH\CodeIgniter.php(351): CodeIgniter\CodeIgniter->handleRequest(null, Object(Config\Cache), false)
 9 FCPATH\index.php(67): CodeIgniter\CodeIgniter->run()
CRITICAL - 2022-12-04 23:33:51 --> Undefined property: CodeIgniter\View\View::$session
in APPPATH\Views\login\login.php on line 52.
 1 APPPATH\Views\login\login.php(52): CodeIgniter\Debug\Exceptions->errorHandler(2, 'Undefined property: CodeIgniter\\View\\View::$session', 'APPPATH\\Views\\login\\login.php', 52)
 2 SYSTEMPATH\View\View.php(213): include('APPPATH\\Views\\login\\login.php')
 3 SYSTEMPATH\View\View.php(216): CodeIgniter\View\View->CodeIgniter\View\{closure}()
 4 SYSTEMPATH\Common.php(1134): CodeIgniter\View\View->render('login/login', [], true)
 5 APPPATH\Controllers\Login.php(18): view('login/login')
 6 SYSTEMPATH\CodeIgniter.php(927): App\Controllers\Login->index()
 7 SYSTEMPATH\CodeIgniter.php(482): CodeIgniter\CodeIgniter->runController(Object(App\Controllers\Login))
 8 SYSTEMPATH\CodeIgniter.php(351): CodeIgniter\CodeIgniter->handleRequest(null, Object(Config\Cache), false)
 9 FCPATH\index.php(67): CodeIgniter\CodeIgniter->run()
CRITICAL - 2022-12-04 23:34:08 --> Undefined property: CodeIgniter\View\View::$session
in APPPATH\Views\login\login.php on line 48.
 1 APPPATH\Views\login\login.php(48): CodeIgniter\Debug\Exceptions->errorHandler(2, 'Undefined property: CodeIgniter\\View\\View::$session', 'APPPATH\\Views\\login\\login.php', 48)
 2 SYSTEMPATH\View\View.php(213): include('APPPATH\\Views\\login\\login.php')
 3 SYSTEMPATH\View\View.php(216): CodeIgniter\View\View->CodeIgniter\View\{closure}()
 4 SYSTEMPATH\Common.php(1134): CodeIgniter\View\View->render('login/login', [], true)
 5 APPPATH\Controllers\Login.php(18): view('login/login')
 6 SYSTEMPATH\CodeIgniter.php(927): App\Controllers\Login->index()
 7 SYSTEMPATH\CodeIgniter.php(482): CodeIgniter\CodeIgniter->runController(Object(App\Controllers\Login))
 8 SYSTEMPATH\CodeIgniter.php(351): CodeIgniter\CodeIgniter->handleRequest(null, Object(Config\Cache), false)
 9 FCPATH\index.php(67): CodeIgniter\CodeIgniter->run()
CRITICAL - 2022-12-04 23:34:09 --> Undefined property: CodeIgniter\View\View::$session
in APPPATH\Views\login\login.php on line 48.
 1 APPPATH\Views\login\login.php(48): CodeIgniter\Debug\Exceptions->errorHandler(2, 'Undefined property: CodeIgniter\\View\\View::$session', 'APPPATH\\Views\\login\\login.php', 48)
 2 SYSTEMPATH\View\View.php(213): include('APPPATH\\Views\\login\\login.php')
 3 SYSTEMPATH\View\View.php(216): CodeIgniter\View\View->CodeIgniter\View\{closure}()
 4 SYSTEMPATH\Common.php(1134): CodeIgniter\View\View->render('login/login', [], true)
 5 APPPATH\Controllers\Login.php(18): view('login/login')
 6 SYSTEMPATH\CodeIgniter.php(927): App\Controllers\Login->index()
 7 SYSTEMPATH\CodeIgniter.php(482): CodeIgniter\CodeIgniter->runController(Object(App\Controllers\Login))
 8 SYSTEMPATH\CodeIgniter.php(351): CodeIgniter\CodeIgniter->handleRequest(null, Object(Config\Cache), false)
 9 FCPATH\index.php(67): CodeIgniter\CodeIgniter->run()
CRITICAL - 2022-12-04 23:34:09 --> Undefined property: CodeIgniter\View\View::$session
in APPPATH\Views\login\login.php on line 48.
 1 APPPATH\Views\login\login.php(48): CodeIgniter\Debug\Exceptions->errorHandler(2, 'Undefined property: CodeIgniter\\View\\View::$session', 'APPPATH\\Views\\login\\login.php', 48)
 2 SYSTEMPATH\View\View.php(213): include('APPPATH\\Views\\login\\login.php')
 3 SYSTEMPATH\View\View.php(216): CodeIgniter\View\View->CodeIgniter\View\{closure}()
 4 SYSTEMPATH\Common.php(1134): CodeIgniter\View\View->render('login/login', [], true)
 5 APPPATH\Controllers\Login.php(18): view('login/login')
 6 SYSTEMPATH\CodeIgniter.php(927): App\Controllers\Login->index()
 7 SYSTEMPATH\CodeIgniter.php(482): CodeIgniter\CodeIgniter->runController(Object(App\Controllers\Login))
 8 SYSTEMPATH\CodeIgniter.php(351): CodeIgniter\CodeIgniter->handleRequest(null, Object(Config\Cache), false)
 9 FCPATH\index.php(67): CodeIgniter\CodeIgniter->run()
CRITICAL - 2022-12-04 23:34:09 --> Undefined property: CodeIgniter\View\View::$session
in APPPATH\Views\login\login.php on line 48.
 1 APPPATH\Views\login\login.php(48): CodeIgniter\Debug\Exceptions->errorHandler(2, 'Undefined property: CodeIgniter\\View\\View::$session', 'APPPATH\\Views\\login\\login.php', 48)
 2 SYSTEMPATH\View\View.php(213): include('APPPATH\\Views\\login\\login.php')
 3 SYSTEMPATH\View\View.php(216): CodeIgniter\View\View->CodeIgniter\View\{closure}()
 4 SYSTEMPATH\Common.php(1134): CodeIgniter\View\View->render('login/login', [], true)
 5 APPPATH\Controllers\Login.php(18): view('login/login')
 6 SYSTEMPATH\CodeIgniter.php(927): App\Controllers\Login->index()
 7 SYSTEMPATH\CodeIgniter.php(482): CodeIgniter\CodeIgniter->runController(Object(App\Controllers\Login))
 8 SYSTEMPATH\CodeIgniter.php(351): CodeIgniter\CodeIgniter->handleRequest(null, Object(Config\Cache), false)
 9 FCPATH\index.php(67): CodeIgniter\CodeIgniter->run()
CRITICAL - 2022-12-04 23:38:20 --> Undefined property: CodeIgniter\View\View::$session
in APPPATH\Views\login\login.php on line 51.
 1 APPPATH\Views\login\login.php(51): CodeIgniter\Debug\Exceptions->errorHandler(2, 'Undefined property: CodeIgniter\\View\\View::$session', 'APPPATH\\Views\\login\\login.php', 51)
 2 SYSTEMPATH\View\View.php(213): include('APPPATH\\Views\\login\\login.php')
 3 SYSTEMPATH\View\View.php(216): CodeIgniter\View\View->CodeIgniter\View\{closure}()
 4 SYSTEMPATH\Common.php(1134): CodeIgniter\View\View->render('login/login', [], true)
 5 APPPATH\Controllers\Login.php(18): view('login/login')
 6 SYSTEMPATH\CodeIgniter.php(927): App\Controllers\Login->index()
 7 SYSTEMPATH\CodeIgniter.php(482): CodeIgniter\CodeIgniter->runController(Object(App\Controllers\Login))
 8 SYSTEMPATH\CodeIgniter.php(351): CodeIgniter\CodeIgniter->handleRequest(null, Object(Config\Cache), false)
 9 FCPATH\index.php(67): CodeIgniter\CodeIgniter->run()
CRITICAL - 2022-12-04 23:38:20 --> Undefined property: CodeIgniter\View\View::$session
in APPPATH\Views\login\login.php on line 51.
 1 APPPATH\Views\login\login.php(51): CodeIgniter\Debug\Exceptions->errorHandler(2, 'Undefined property: CodeIgniter\\View\\View::$session', 'APPPATH\\Views\\login\\login.php', 51)
 2 SYSTEMPATH\View\View.php(213): include('APPPATH\\Views\\login\\login.php')
 3 SYSTEMPATH\View\View.php(216): CodeIgniter\View\View->CodeIgniter\View\{closure}()
 4 SYSTEMPATH\Common.php(1134): CodeIgniter\View\View->render('login/login', [], true)
 5 APPPATH\Controllers\Login.php(18): view('login/login')
 6 SYSTEMPATH\CodeIgniter.php(927): App\Controllers\Login->index()
 7 SYSTEMPATH\CodeIgniter.php(482): CodeIgniter\CodeIgniter->runController(Object(App\Controllers\Login))
 8 SYSTEMPATH\CodeIgniter.php(351): CodeIgniter\CodeIgniter->handleRequest(null, Object(Config\Cache), false)
 9 FCPATH\index.php(67): CodeIgniter\CodeIgniter->run()
CRITICAL - 2022-12-04 23:38:20 --> Undefined property: CodeIgniter\View\View::$session
in APPPATH\Views\login\login.php on line 51.
 1 APPPATH\Views\login\login.php(51): CodeIgniter\Debug\Exceptions->errorHandler(2, 'Undefined property: CodeIgniter\\View\\View::$session', 'APPPATH\\Views\\login\\login.php', 51)
 2 SYSTEMPATH\View\View.php(213): include('APPPATH\\Views\\login\\login.php')
 3 SYSTEMPATH\View\View.php(216): CodeIgniter\View\View->CodeIgniter\View\{closure}()
 4 SYSTEMPATH\Common.php(1134): CodeIgniter\View\View->render('login/login', [], true)
 5 APPPATH\Controllers\Login.php(18): view('login/login')
 6 SYSTEMPATH\CodeIgniter.php(927): App\Controllers\Login->index()
 7 SYSTEMPATH\CodeIgniter.php(482): CodeIgniter\CodeIgniter->runController(Object(App\Controllers\Login))
 8 SYSTEMPATH\CodeIgniter.php(351): CodeIgniter\CodeIgniter->handleRequest(null, Object(Config\Cache), false)
 9 FCPATH\index.php(67): CodeIgniter\CodeIgniter->run()
CRITICAL - 2022-12-04 23:38:20 --> Undefined property: CodeIgniter\View\View::$session
in APPPATH\Views\login\login.php on line 51.
 1 APPPATH\Views\login\login.php(51): CodeIgniter\Debug\Exceptions->errorHandler(2, 'Undefined property: CodeIgniter\\View\\View::$session', 'APPPATH\\Views\\login\\login.php', 51)
 2 SYSTEMPATH\View\View.php(213): include('APPPATH\\Views\\login\\login.php')
 3 SYSTEMPATH\View\View.php(216): CodeIgniter\View\View->CodeIgniter\View\{closure}()
 4 SYSTEMPATH\Common.php(1134): CodeIgniter\View\View->render('login/login', [], true)
 5 APPPATH\Controllers\Login.php(18): view('login/login')
 6 SYSTEMPATH\CodeIgniter.php(927): App\Controllers\Login->index()
 7 SYSTEMPATH\CodeIgniter.php(482): CodeIgniter\CodeIgniter->runController(Object(App\Controllers\Login))
 8 SYSTEMPATH\CodeIgniter.php(351): CodeIgniter\CodeIgniter->handleRequest(null, Object(Config\Cache), false)
 9 FCPATH\index.php(67): CodeIgniter\CodeIgniter->run()
CRITICAL - 2022-12-04 23:38:20 --> Undefined property: CodeIgniter\View\View::$session
in APPPATH\Views\login\login.php on line 51.
 1 APPPATH\Views\login\login.php(51): CodeIgniter\Debug\Exceptions->errorHandler(2, 'Undefined property: CodeIgniter\\View\\View::$session', 'APPPATH\\Views\\login\\login.php', 51)
 2 SYSTEMPATH\View\View.php(213): include('APPPATH\\Views\\login\\login.php')
 3 SYSTEMPATH\View\View.php(216): CodeIgniter\View\View->CodeIgniter\View\{closure}()
 4 SYSTEMPATH\Common.php(1134): CodeIgniter\View\View->render('login/login', [], true)
 5 APPPATH\Controllers\Login.php(18): view('login/login')
 6 SYSTEMPATH\CodeIgniter.php(927): App\Controllers\Login->index()
 7 SYSTEMPATH\CodeIgniter.php(482): CodeIgniter\CodeIgniter->runController(Object(App\Controllers\Login))
 8 SYSTEMPATH\CodeIgniter.php(351): CodeIgniter\CodeIgniter->handleRequest(null, Object(Config\Cache), false)
 9 FCPATH\index.php(67): CodeIgniter\CodeIgniter->run()
CRITICAL - 2022-12-04 23:38:20 --> Undefined property: CodeIgniter\View\View::$session
in APPPATH\Views\login\login.php on line 51.
 1 APPPATH\Views\login\login.php(51): CodeIgniter\Debug\Exceptions->errorHandler(2, 'Undefined property: CodeIgniter\\View\\View::$session', 'APPPATH\\Views\\login\\login.php', 51)
 2 SYSTEMPATH\View\View.php(213): include('APPPATH\\Views\\login\\login.php')
 3 SYSTEMPATH\View\View.php(216): CodeIgniter\View\View->CodeIgniter\View\{closure}()
 4 SYSTEMPATH\Common.php(1134): CodeIgniter\View\View->render('login/login', [], true)
 5 APPPATH\Controllers\Login.php(18): view('login/login')
 6 SYSTEMPATH\CodeIgniter.php(927): App\Controllers\Login->index()
 7 SYSTEMPATH\CodeIgniter.php(482): CodeIgniter\CodeIgniter->runController(Object(App\Controllers\Login))
 8 SYSTEMPATH\CodeIgniter.php(351): CodeIgniter\CodeIgniter->handleRequest(null, Object(Config\Cache), false)
 9 FCPATH\index.php(67): CodeIgniter\CodeIgniter->run()
CRITICAL - 2022-12-04 23:38:20 --> Undefined property: CodeIgniter\View\View::$session
in APPPATH\Views\login\login.php on line 51.
 1 APPPATH\Views\login\login.php(51): CodeIgniter\Debug\Exceptions->errorHandler(2, 'Undefined property: CodeIgniter\\View\\View::$session', 'APPPATH\\Views\\login\\login.php', 51)
 2 SYSTEMPATH\View\View.php(213): include('APPPATH\\Views\\login\\login.php')
 3 SYSTEMPATH\View\View.php(216): CodeIgniter\View\View->CodeIgniter\View\{closure}()
 4 SYSTEMPATH\Common.php(1134): CodeIgniter\View\View->render('login/login', [], true)
 5 APPPATH\Controllers\Login.php(18): view('login/login')
 6 SYSTEMPATH\CodeIgniter.php(927): App\Controllers\Login->index()
 7 SYSTEMPATH\CodeIgniter.php(482): CodeIgniter\CodeIgniter->runController(Object(App\Controllers\Login))
 8 SYSTEMPATH\CodeIgniter.php(351): CodeIgniter\CodeIgniter->handleRequest(null, Object(Config\Cache), false)
 9 FCPATH\index.php(67): CodeIgniter\CodeIgniter->run()
CRITICAL - 2022-12-04 23:38:20 --> Undefined property: CodeIgniter\View\View::$session
in APPPATH\Views\login\login.php on line 51.
 1 APPPATH\Views\login\login.php(51): CodeIgniter\Debug\Exceptions->errorHandler(2, 'Undefined property: CodeIgniter\\View\\View::$session', 'APPPATH\\Views\\login\\login.php', 51)
 2 SYSTEMPATH\View\View.php(213): include('APPPATH\\Views\\login\\login.php')
 3 SYSTEMPATH\View\View.php(216): CodeIgniter\View\View->CodeIgniter\View\{closure}()
 4 SYSTEMPATH\Common.php(1134): CodeIgniter\View\View->render('login/login', [], true)
 5 APPPATH\Controllers\Login.php(18): view('login/login')
 6 SYSTEMPATH\CodeIgniter.php(927): App\Controllers\Login->index()
 7 SYSTEMPATH\CodeIgniter.php(482): CodeIgniter\CodeIgniter->runController(Object(App\Controllers\Login))
 8 SYSTEMPATH\CodeIgniter.php(351): CodeIgniter\CodeIgniter->handleRequest(null, Object(Config\Cache), false)
 9 FCPATH\index.php(67): CodeIgniter\CodeIgniter->run()
CRITICAL - 2022-12-04 23:38:21 --> Undefined property: CodeIgniter\View\View::$session
in APPPATH\Views\login\login.php on line 51.
 1 APPPATH\Views\login\login.php(51): CodeIgniter\Debug\Exceptions->errorHandler(2, 'Undefined property: CodeIgniter\\View\\View::$session', 'APPPATH\\Views\\login\\login.php', 51)
 2 SYSTEMPATH\View\View.php(213): include('APPPATH\\Views\\login\\login.php')
 3 SYSTEMPATH\View\View.php(216): CodeIgniter\View\View->CodeIgniter\View\{closure}()
 4 SYSTEMPATH\Common.php(1134): CodeIgniter\View\View->render('login/login', [], true)
 5 APPPATH\Controllers\Login.php(18): view('login/login')
 6 SYSTEMPATH\CodeIgniter.php(927): App\Controllers\Login->index()
 7 SYSTEMPATH\CodeIgniter.php(482): CodeIgniter\CodeIgniter->runController(Object(App\Controllers\Login))
 8 SYSTEMPATH\CodeIgniter.php(351): CodeIgniter\CodeIgniter->handleRequest(null, Object(Config\Cache), false)
 9 FCPATH\index.php(67): CodeIgniter\CodeIgniter->run()
CRITICAL - 2022-12-04 23:38:21 --> Undefined property: CodeIgniter\View\View::$session
in APPPATH\Views\login\login.php on line 51.
 1 APPPATH\Views\login\login.php(51): CodeIgniter\Debug\Exceptions->errorHandler(2, 'Undefined property: CodeIgniter\\View\\View::$session', 'APPPATH\\Views\\login\\login.php', 51)
 2 SYSTEMPATH\View\View.php(213): include('APPPATH\\Views\\login\\login.php')
 3 SYSTEMPATH\View\View.php(216): CodeIgniter\View\View->CodeIgniter\View\{closure}()
 4 SYSTEMPATH\Common.php(1134): CodeIgniter\View\View->render('login/login', [], true)
 5 APPPATH\Controllers\Login.php(18): view('login/login')
 6 SYSTEMPATH\CodeIgniter.php(927): App\Controllers\Login->index()
 7 SYSTEMPATH\CodeIgniter.php(482): CodeIgniter\CodeIgniter->runController(Object(App\Controllers\Login))
 8 SYSTEMPATH\CodeIgniter.php(351): CodeIgniter\CodeIgniter->handleRequest(null, Object(Config\Cache), false)
 9 FCPATH\index.php(67): CodeIgniter\CodeIgniter->run()
CRITICAL - 2022-12-04 23:46:24 --> Undefined property: CodeIgniter\View\View::$load
in APPPATH\Views\roles\role.php on line 1.
 1 APPPATH\Views\roles\role.php(1): CodeIgniter\Debug\Exceptions->errorHandler(2, 'Undefined property: CodeIgniter\\View\\View::$load', 'APPPATH\\Views\\roles\\role.php', 1)
 2 SYSTEMPATH\View\View.php(213): include('APPPATH\\Views\\roles\\role.php')
 3 SYSTEMPATH\View\View.php(216): CodeIgniter\View\View->CodeIgniter\View\{closure}()
 4 SYSTEMPATH\Common.php(1134): CodeIgniter\View\View->render('roles/role', [], true)
 5 APPPATH\Controllers\Roles.php(16): view('roles/role')
 6 SYSTEMPATH\CodeIgniter.php(927): App\Controllers\Roles->index()
 7 SYSTEMPATH\CodeIgniter.php(482): CodeIgniter\CodeIgniter->runController(Object(App\Controllers\Roles))
 8 SYSTEMPATH\CodeIgniter.php(351): CodeIgniter\CodeIgniter->handleRequest(null, Object(Config\Cache), false)
 9 FCPATH\index.php(67): CodeIgniter\CodeIgniter->run()
CRITICAL - 2022-12-04 23:47:15 --> Undefined property: CodeIgniter\View\View::$load
in APPPATH\Views\roles\role.php on line 1.
 1 APPPATH\Views\roles\role.php(1): CodeIgniter\Debug\Exceptions->errorHandler(2, 'Undefined property: CodeIgniter\\View\\View::$load', 'APPPATH\\Views\\roles\\role.php', 1)
 2 SYSTEMPATH\View\View.php(213): include('APPPATH\\Views\\roles\\role.php')
 3 SYSTEMPATH\View\View.php(216): CodeIgniter\View\View->CodeIgniter\View\{closure}()
 4 SYSTEMPATH\Common.php(1134): CodeIgniter\View\View->render('roles/role', [], true)
 5 APPPATH\Controllers\Roles.php(16): view('roles/role')
 6 SYSTEMPATH\CodeIgniter.php(927): App\Controllers\Roles->index()
 7 SYSTEMPATH\CodeIgniter.php(482): CodeIgniter\CodeIgniter->runController(Object(App\Controllers\Roles))
 8 SYSTEMPATH\CodeIgniter.php(351): CodeIgniter\CodeIgniter->handleRequest(null, Object(Config\Cache), false)
 9 FCPATH\index.php(67): CodeIgniter\CodeIgniter->run()
CRITICAL - 2022-12-04 23:47:16 --> Undefined property: CodeIgniter\View\View::$load
in APPPATH\Views\roles\role.php on line 1.
 1 APPPATH\Views\roles\role.php(1): CodeIgniter\Debug\Exceptions->errorHandler(2, 'Undefined property: CodeIgniter\\View\\View::$load', 'APPPATH\\Views\\roles\\role.php', 1)
 2 SYSTEMPATH\View\View.php(213): include('APPPATH\\Views\\roles\\role.php')
 3 SYSTEMPATH\View\View.php(216): CodeIgniter\View\View->CodeIgniter\View\{closure}()
 4 SYSTEMPATH\Common.php(1134): CodeIgniter\View\View->render('roles/role', [], true)
 5 APPPATH\Controllers\Roles.php(16): view('roles/role')
 6 SYSTEMPATH\CodeIgniter.php(927): App\Controllers\Roles->index()
 7 SYSTEMPATH\CodeIgniter.php(482): CodeIgniter\CodeIgniter->runController(Object(App\Controllers\Roles))
 8 SYSTEMPATH\CodeIgniter.php(351): CodeIgniter\CodeIgniter->handleRequest(null, Object(Config\Cache), false)
 9 FCPATH\index.php(67): CodeIgniter\CodeIgniter->run()
CRITICAL - 2022-12-04 23:47:17 --> Undefined property: CodeIgniter\View\View::$load
in APPPATH\Views\roles\role.php on line 1.
 1 APPPATH\Views\roles\role.php(1): CodeIgniter\Debug\Exceptions->errorHandler(2, 'Undefined property: CodeIgniter\\View\\View::$load', 'APPPATH\\Views\\roles\\role.php', 1)
 2 SYSTEMPATH\View\View.php(213): include('APPPATH\\Views\\roles\\role.php')
 3 SYSTEMPATH\View\View.php(216): CodeIgniter\View\View->CodeIgniter\View\{closure}()
 4 SYSTEMPATH\Common.php(1134): CodeIgniter\View\View->render('roles/role', [], true)
 5 APPPATH\Controllers\Roles.php(16): view('roles/role')
 6 SYSTEMPATH\CodeIgniter.php(927): App\Controllers\Roles->index()
 7 SYSTEMPATH\CodeIgniter.php(482): CodeIgniter\CodeIgniter->runController(Object(App\Controllers\Roles))
 8 SYSTEMPATH\CodeIgniter.php(351): CodeIgniter\CodeIgniter->handleRequest(null, Object(Config\Cache), false)
 9 FCPATH\index.php(67): CodeIgniter\CodeIgniter->run()
CRITICAL - 2022-12-04 23:48:32 --> Undefined property: CodeIgniter\View\View::$load
in APPPATH\Views\roles\role.php on line 1.
 1 APPPATH\Views\roles\role.php(1): CodeIgniter\Debug\Exceptions->errorHandler(2, 'Undefined property: CodeIgniter\\View\\View::$load', 'APPPATH\\Views\\roles\\role.php', 1)
 2 SYSTEMPATH\View\View.php(213): include('APPPATH\\Views\\roles\\role.php')
 3 SYSTEMPATH\View\View.php(216): CodeIgniter\View\View->CodeIgniter\View\{closure}()
 4 SYSTEMPATH\Common.php(1134): CodeIgniter\View\View->render('roles/role', [], true)
 5 APPPATH\Controllers\Roles.php(16): view('roles/role')
 6 SYSTEMPATH\CodeIgniter.php(927): App\Controllers\Roles->index()
 7 SYSTEMPATH\CodeIgniter.php(482): CodeIgniter\CodeIgniter->runController(Object(App\Controllers\Roles))
 8 SYSTEMPATH\CodeIgniter.php(351): CodeIgniter\CodeIgniter->handleRequest(null, Object(Config\Cache), false)
 9 FCPATH\index.php(67): CodeIgniter\CodeIgniter->run()
CRITICAL - 2022-12-04 23:48:33 --> Undefined property: CodeIgniter\View\View::$load
in APPPATH\Views\roles\role.php on line 1.
 1 APPPATH\Views\roles\role.php(1): CodeIgniter\Debug\Exceptions->errorHandler(2, 'Undefined property: CodeIgniter\\View\\View::$load', 'APPPATH\\Views\\roles\\role.php', 1)
 2 SYSTEMPATH\View\View.php(213): include('APPPATH\\Views\\roles\\role.php')
 3 SYSTEMPATH\View\View.php(216): CodeIgniter\View\View->CodeIgniter\View\{closure}()
 4 SYSTEMPATH\Common.php(1134): CodeIgniter\View\View->render('roles/role', [], true)
 5 APPPATH\Controllers\Roles.php(16): view('roles/role')
 6 SYSTEMPATH\CodeIgniter.php(927): App\Controllers\Roles->index()
 7 SYSTEMPATH\CodeIgniter.php(482): CodeIgniter\CodeIgniter->runController(Object(App\Controllers\Roles))
 8 SYSTEMPATH\CodeIgniter.php(351): CodeIgniter\CodeIgniter->handleRequest(null, Object(Config\Cache), false)
 9 FCPATH\index.php(67): CodeIgniter\CodeIgniter->run()
CRITICAL - 2022-12-04 23:48:34 --> Undefined property: CodeIgniter\View\View::$load
in APPPATH\Views\roles\role.php on line 1.
 1 APPPATH\Views\roles\role.php(1): CodeIgniter\Debug\Exceptions->errorHandler(2, 'Undefined property: CodeIgniter\\View\\View::$load', 'APPPATH\\Views\\roles\\role.php', 1)
 2 SYSTEMPATH\View\View.php(213): include('APPPATH\\Views\\roles\\role.php')
 3 SYSTEMPATH\View\View.php(216): CodeIgniter\View\View->CodeIgniter\View\{closure}()
 4 SYSTEMPATH\Common.php(1134): CodeIgniter\View\View->render('roles/role', [], true)
 5 APPPATH\Controllers\Roles.php(16): view('roles/role')
 6 SYSTEMPATH\CodeIgniter.php(927): App\Controllers\Roles->index()
 7 SYSTEMPATH\CodeIgniter.php(482): CodeIgniter\CodeIgniter->runController(Object(App\Controllers\Roles))
 8 SYSTEMPATH\CodeIgniter.php(351): CodeIgniter\CodeIgniter->handleRequest(null, Object(Config\Cache), false)
 9 FCPATH\index.php(67): CodeIgniter\CodeIgniter->run()
CRITICAL - 2022-12-04 23:48:55 --> Undefined property: CodeIgniter\View\View::$load
in APPPATH\Views\roles\role.php on line 1.
 1 APPPATH\Views\roles\role.php(1): CodeIgniter\Debug\Exceptions->errorHandler(2, 'Undefined property: CodeIgniter\\View\\View::$load', 'APPPATH\\Views\\roles\\role.php', 1)
 2 SYSTEMPATH\View\View.php(213): include('APPPATH\\Views\\roles\\role.php')
 3 SYSTEMPATH\View\View.php(216): CodeIgniter\View\View->CodeIgniter\View\{closure}()
 4 SYSTEMPATH\Common.php(1134): CodeIgniter\View\View->render('roles/role', [], true)
 5 APPPATH\Controllers\Roles.php(16): view('roles/role')
 6 SYSTEMPATH\CodeIgniter.php(927): App\Controllers\Roles->index()
 7 SYSTEMPATH\CodeIgniter.php(482): CodeIgniter\CodeIgniter->runController(Object(App\Controllers\Roles))
 8 SYSTEMPATH\CodeIgniter.php(351): CodeIgniter\CodeIgniter->handleRequest(null, Object(Config\Cache), false)
 9 FCPATH\index.php(67): CodeIgniter\CodeIgniter->run()
CRITICAL - 2022-12-04 23:49:11 --> Undefined property: CodeIgniter\View\View::$load
in APPPATH\Views\roles\role.php on line 1.
 1 APPPATH\Views\roles\role.php(1): CodeIgniter\Debug\Exceptions->errorHandler(2, 'Undefined property: CodeIgniter\\View\\View::$load', 'APPPATH\\Views\\roles\\role.php', 1)
 2 SYSTEMPATH\View\View.php(213): include('APPPATH\\Views\\roles\\role.php')
 3 SYSTEMPATH\View\View.php(216): CodeIgniter\View\View->CodeIgniter\View\{closure}()
 4 SYSTEMPATH\Common.php(1134): CodeIgniter\View\View->render('roles/role', [], true)
 5 APPPATH\Controllers\Roles.php(16): view('roles/role')
 6 SYSTEMPATH\CodeIgniter.php(927): App\Controllers\Roles->index()
 7 SYSTEMPATH\CodeIgniter.php(482): CodeIgniter\CodeIgniter->runController(Object(App\Controllers\Roles))
 8 SYSTEMPATH\CodeIgniter.php(351): CodeIgniter\CodeIgniter->handleRequest(null, Object(Config\Cache), false)
 9 FCPATH\index.php(67): CodeIgniter\CodeIgniter->run()
CRITICAL - 2022-12-04 23:49:11 --> Undefined property: CodeIgniter\View\View::$load
in APPPATH\Views\roles\role.php on line 1.
 1 APPPATH\Views\roles\role.php(1): CodeIgniter\Debug\Exceptions->errorHandler(2, 'Undefined property: CodeIgniter\\View\\View::$load', 'APPPATH\\Views\\roles\\role.php', 1)
 2 SYSTEMPATH\View\View.php(213): include('APPPATH\\Views\\roles\\role.php')
 3 SYSTEMPATH\View\View.php(216): CodeIgniter\View\View->CodeIgniter\View\{closure}()
 4 SYSTEMPATH\Common.php(1134): CodeIgniter\View\View->render('roles/role', [], true)
 5 APPPATH\Controllers\Roles.php(16): view('roles/role')
 6 SYSTEMPATH\CodeIgniter.php(927): App\Controllers\Roles->index()
 7 SYSTEMPATH\CodeIgniter.php(482): CodeIgniter\CodeIgniter->runController(Object(App\Controllers\Roles))
 8 SYSTEMPATH\CodeIgniter.php(351): CodeIgniter\CodeIgniter->handleRequest(null, Object(Config\Cache), false)
 9 FCPATH\index.php(67): CodeIgniter\CodeIgniter->run()
CRITICAL - 2022-12-04 23:49:12 --> Undefined property: CodeIgniter\View\View::$load
in APPPATH\Views\roles\role.php on line 1.
 1 APPPATH\Views\roles\role.php(1): CodeIgniter\Debug\Exceptions->errorHandler(2, 'Undefined property: CodeIgniter\\View\\View::$load', 'APPPATH\\Views\\roles\\role.php', 1)
 2 SYSTEMPATH\View\View.php(213): include('APPPATH\\Views\\roles\\role.php')
 3 SYSTEMPATH\View\View.php(216): CodeIgniter\View\View->CodeIgniter\View\{closure}()
 4 SYSTEMPATH\Common.php(1134): CodeIgniter\View\View->render('roles/role', [], true)
 5 APPPATH\Controllers\Roles.php(16): view('roles/role')
 6 SYSTEMPATH\CodeIgniter.php(927): App\Controllers\Roles->index()
 7 SYSTEMPATH\CodeIgniter.php(482): CodeIgniter\CodeIgniter->runController(Object(App\Controllers\Roles))
 8 SYSTEMPATH\CodeIgniter.php(351): CodeIgniter\CodeIgniter->handleRequest(null, Object(Config\Cache), false)
 9 FCPATH\index.php(67): CodeIgniter\CodeIgniter->run()
CRITICAL - 2022-12-04 23:49:12 --> Undefined property: CodeIgniter\View\View::$load
in APPPATH\Views\roles\role.php on line 1.
 1 APPPATH\Views\roles\role.php(1): CodeIgniter\Debug\Exceptions->errorHandler(2, 'Undefined property: CodeIgniter\\View\\View::$load', 'APPPATH\\Views\\roles\\role.php', 1)
 2 SYSTEMPATH\View\View.php(213): include('APPPATH\\Views\\roles\\role.php')
 3 SYSTEMPATH\View\View.php(216): CodeIgniter\View\View->CodeIgniter\View\{closure}()
 4 SYSTEMPATH\Common.php(1134): CodeIgniter\View\View->render('roles/role', [], true)
 5 APPPATH\Controllers\Roles.php(16): view('roles/role')
 6 SYSTEMPATH\CodeIgniter.php(927): App\Controllers\Roles->index()
 7 SYSTEMPATH\CodeIgniter.php(482): CodeIgniter\CodeIgniter->runController(Object(App\Controllers\Roles))
 8 SYSTEMPATH\CodeIgniter.php(351): CodeIgniter\CodeIgniter->handleRequest(null, Object(Config\Cache), false)
 9 FCPATH\index.php(67): CodeIgniter\CodeIgniter->run()
CRITICAL - 2022-12-04 23:49:46 --> Undefined property: CodeIgniter\View\View::$session
in APPPATH\Views\add_header.php on line 1.
 1 APPPATH\Views\add_header.php(1): CodeIgniter\Debug\Exceptions->errorHandler(2, 'Undefined property: CodeIgniter\\View\\View::$session', 'APPPATH\\Views\\add_header.php', 1)
 2 SYSTEMPATH\View\View.php(213): include('APPPATH\\Views\\add_header.php')
 3 SYSTEMPATH\View\View.php(216): CodeIgniter\View\View->CodeIgniter\View\{closure}()
 4 SYSTEMPATH\Common.php(1134): CodeIgniter\View\View->render('add_header', [], true)
 5 APPPATH\Views\header.php(12): view('add_header')
 6 SYSTEMPATH\View\View.php(213): include('APPPATH\\Views\\header.php')
 7 SYSTEMPATH\View\View.php(216): CodeIgniter\View\View->CodeIgniter\View\{closure}()
 8 SYSTEMPATH\Common.php(1134): CodeIgniter\View\View->render('header', [], true)
 9 APPPATH\Views\roles\role.php(1): view('header')
10 SYSTEMPATH\View\View.php(213): include('APPPATH\\Views\\roles\\role.php')
11 SYSTEMPATH\View\View.php(216): CodeIgniter\View\View->CodeIgniter\View\{closure}()
12 SYSTEMPATH\Common.php(1134): CodeIgniter\View\View->render('roles/role', [], true)
13 APPPATH\Controllers\Roles.php(16): view('roles/role')
14 SYSTEMPATH\CodeIgniter.php(927): App\Controllers\Roles->index()
15 SYSTEMPATH\CodeIgniter.php(482): CodeIgniter\CodeIgniter->runController(Object(App\Controllers\Roles))
16 SYSTEMPATH\CodeIgniter.php(351): CodeIgniter\CodeIgniter->handleRequest(null, Object(Config\Cache), false)
17 FCPATH\index.php(67): CodeIgniter\CodeIgniter->run()
