CRITICAL - 2022-12-05 00:01:15 --> Undefined variable $flag
in APPPATH\Views\header.php on line 141.
 1 APPPATH\Views\header.php(141): CodeIgniter\Debug\Exceptions->errorHandler(2, 'Undefined variable $flag', 'APPPATH\\Views\\header.php', 141)
 2 SYSTEMPATH\View\View.php(213): include('APPPATH\\Views\\header.php')
 3 SYSTEMPATH\View\View.php(216): CodeIgniter\View\View->CodeIgniter\View\{closure}()
 4 SYSTEMPATH\Common.php(1134): CodeIgniter\View\View->render('header', [], true)
 5 APPPATH\Views\roles\role.php(1): view('header')
 6 SYSTEMPATH\View\View.php(213): include('APPPATH\\Views\\roles\\role.php')
 7 SYSTEMPATH\View\View.php(216): CodeIgniter\View\View->CodeIgniter\View\{closure}()
 8 SYSTEMPATH\Common.php(1134): CodeIgniter\View\View->render('roles/role', [], true)
 9 APPPATH\Controllers\Roles.php(16): view('roles/role')
10 SYSTEMPATH\CodeIgniter.php(927): App\Controllers\Roles->index()
11 SYSTEMPATH\CodeIgniter.php(482): CodeIgniter\CodeIgniter->runController(Object(App\Controllers\Roles))
12 SYSTEMPATH\CodeIgniter.php(351): CodeIgniter\CodeIgniter->handleRequest(null, Object(Config\Cache), false)
13 FCPATH\index.php(67): CodeIgniter\CodeIgniter->run()
CRITICAL - 2022-12-05 00:01:16 --> Undefined variable $flag
in APPPATH\Views\header.php on line 141.
 1 APPPATH\Views\header.php(141): CodeIgniter\Debug\Exceptions->errorHandler(2, 'Undefined variable $flag', 'APPPATH\\Views\\header.php', 141)
 2 SYSTEMPATH\View\View.php(213): include('APPPATH\\Views\\header.php')
 3 SYSTEMPATH\View\View.php(216): CodeIgniter\View\View->CodeIgniter\View\{closure}()
 4 SYSTEMPATH\Common.php(1134): CodeIgniter\View\View->render('header', [], true)
 5 APPPATH\Views\roles\role.php(1): view('header')
 6 SYSTEMPATH\View\View.php(213): include('APPPATH\\Views\\roles\\role.php')
 7 SYSTEMPATH\View\View.php(216): CodeIgniter\View\View->CodeIgniter\View\{closure}()
 8 SYSTEMPATH\Common.php(1134): CodeIgniter\View\View->render('roles/role', [], true)
 9 APPPATH\Controllers\Roles.php(16): view('roles/role')
10 SYSTEMPATH\CodeIgniter.php(927): App\Controllers\Roles->index()
11 SYSTEMPATH\CodeIgniter.php(482): CodeIgniter\CodeIgniter->runController(Object(App\Controllers\Roles))
12 SYSTEMPATH\CodeIgniter.php(351): CodeIgniter\CodeIgniter->handleRequest(null, Object(Config\Cache), false)
13 FCPATH\index.php(67): CodeIgniter\CodeIgniter->run()
CRITICAL - 2022-12-05 00:01:16 --> Undefined variable $flag
in APPPATH\Views\header.php on line 141.
 1 APPPATH\Views\header.php(141): CodeIgniter\Debug\Exceptions->errorHandler(2, 'Undefined variable $flag', 'APPPATH\\Views\\header.php', 141)
 2 SYSTEMPATH\View\View.php(213): include('APPPATH\\Views\\header.php')
 3 SYSTEMPATH\View\View.php(216): CodeIgniter\View\View->CodeIgniter\View\{closure}()
 4 SYSTEMPATH\Common.php(1134): CodeIgniter\View\View->render('header', [], true)
 5 APPPATH\Views\roles\role.php(1): view('header')
 6 SYSTEMPATH\View\View.php(213): include('APPPATH\\Views\\roles\\role.php')
 7 SYSTEMPATH\View\View.php(216): CodeIgniter\View\View->CodeIgniter\View\{closure}()
 8 SYSTEMPATH\Common.php(1134): CodeIgniter\View\View->render('roles/role', [], true)
 9 APPPATH\Controllers\Roles.php(16): view('roles/role')
10 SYSTEMPATH\CodeIgniter.php(927): App\Controllers\Roles->index()
11 SYSTEMPATH\CodeIgniter.php(482): CodeIgniter\CodeIgniter->runController(Object(App\Controllers\Roles))
12 SYSTEMPATH\CodeIgniter.php(351): CodeIgniter\CodeIgniter->handleRequest(null, Object(Config\Cache), false)
13 FCPATH\index.php(67): CodeIgniter\CodeIgniter->run()
CRITICAL - 2022-12-05 00:01:16 --> Undefined variable $flag
in APPPATH\Views\header.php on line 141.
 1 APPPATH\Views\header.php(141): CodeIgniter\Debug\Exceptions->errorHandler(2, 'Undefined variable $flag', 'APPPATH\\Views\\header.php', 141)
 2 SYSTEMPATH\View\View.php(213): include('APPPATH\\Views\\header.php')
 3 SYSTEMPATH\View\View.php(216): CodeIgniter\View\View->CodeIgniter\View\{closure}()
 4 SYSTEMPATH\Common.php(1134): CodeIgniter\View\View->render('header', [], true)
 5 APPPATH\Views\roles\role.php(1): view('header')
 6 SYSTEMPATH\View\View.php(213): include('APPPATH\\Views\\roles\\role.php')
 7 SYSTEMPATH\View\View.php(216): CodeIgniter\View\View->CodeIgniter\View\{closure}()
 8 SYSTEMPATH\Common.php(1134): CodeIgniter\View\View->render('roles/role', [], true)
 9 APPPATH\Controllers\Roles.php(16): view('roles/role')
10 SYSTEMPATH\CodeIgniter.php(927): App\Controllers\Roles->index()
11 SYSTEMPATH\CodeIgniter.php(482): CodeIgniter\CodeIgniter->runController(Object(App\Controllers\Roles))
12 SYSTEMPATH\CodeIgniter.php(351): CodeIgniter\CodeIgniter->handleRequest(null, Object(Config\Cache), false)
13 FCPATH\index.php(67): CodeIgniter\CodeIgniter->run()
CRITICAL - 2022-12-05 00:01:16 --> Undefined variable $flag
in APPPATH\Views\header.php on line 141.
 1 APPPATH\Views\header.php(141): CodeIgniter\Debug\Exceptions->errorHandler(2, 'Undefined variable $flag', 'APPPATH\\Views\\header.php', 141)
 2 SYSTEMPATH\View\View.php(213): include('APPPATH\\Views\\header.php')
 3 SYSTEMPATH\View\View.php(216): CodeIgniter\View\View->CodeIgniter\View\{closure}()
 4 SYSTEMPATH\Common.php(1134): CodeIgniter\View\View->render('header', [], true)
 5 APPPATH\Views\roles\role.php(1): view('header')
 6 SYSTEMPATH\View\View.php(213): include('APPPATH\\Views\\roles\\role.php')
 7 SYSTEMPATH\View\View.php(216): CodeIgniter\View\View->CodeIgniter\View\{closure}()
 8 SYSTEMPATH\Common.php(1134): CodeIgniter\View\View->render('roles/role', [], true)
 9 APPPATH\Controllers\Roles.php(16): view('roles/role')
10 SYSTEMPATH\CodeIgniter.php(927): App\Controllers\Roles->index()
11 SYSTEMPATH\CodeIgniter.php(482): CodeIgniter\CodeIgniter->runController(Object(App\Controllers\Roles))
12 SYSTEMPATH\CodeIgniter.php(351): CodeIgniter\CodeIgniter->handleRequest(null, Object(Config\Cache), false)
13 FCPATH\index.php(67): CodeIgniter\CodeIgniter->run()
CRITICAL - 2022-12-05 00:01:16 --> Undefined variable $flag
in APPPATH\Views\header.php on line 141.
 1 APPPATH\Views\header.php(141): CodeIgniter\Debug\Exceptions->errorHandler(2, 'Undefined variable $flag', 'APPPATH\\Views\\header.php', 141)
 2 SYSTEMPATH\View\View.php(213): include('APPPATH\\Views\\header.php')
 3 SYSTEMPATH\View\View.php(216): CodeIgniter\View\View->CodeIgniter\View\{closure}()
 4 SYSTEMPATH\Common.php(1134): CodeIgniter\View\View->render('header', [], true)
 5 APPPATH\Views\roles\role.php(1): view('header')
 6 SYSTEMPATH\View\View.php(213): include('APPPATH\\Views\\roles\\role.php')
 7 SYSTEMPATH\View\View.php(216): CodeIgniter\View\View->CodeIgniter\View\{closure}()
 8 SYSTEMPATH\Common.php(1134): CodeIgniter\View\View->render('roles/role', [], true)
 9 APPPATH\Controllers\Roles.php(16): view('roles/role')
10 SYSTEMPATH\CodeIgniter.php(927): App\Controllers\Roles->index()
11 SYSTEMPATH\CodeIgniter.php(482): CodeIgniter\CodeIgniter->runController(Object(App\Controllers\Roles))
12 SYSTEMPATH\CodeIgniter.php(351): CodeIgniter\CodeIgniter->handleRequest(null, Object(Config\Cache), false)
13 FCPATH\index.php(67): CodeIgniter\CodeIgniter->run()
CRITICAL - 2022-12-05 00:01:16 --> Undefined variable $flag
in APPPATH\Views\header.php on line 141.
 1 APPPATH\Views\header.php(141): CodeIgniter\Debug\Exceptions->errorHandler(2, 'Undefined variable $flag', 'APPPATH\\Views\\header.php', 141)
 2 SYSTEMPATH\View\View.php(213): include('APPPATH\\Views\\header.php')
 3 SYSTEMPATH\View\View.php(216): CodeIgniter\View\View->CodeIgniter\View\{closure}()
 4 SYSTEMPATH\Common.php(1134): CodeIgniter\View\View->render('header', [], true)
 5 APPPATH\Views\roles\role.php(1): view('header')
 6 SYSTEMPATH\View\View.php(213): include('APPPATH\\Views\\roles\\role.php')
 7 SYSTEMPATH\View\View.php(216): CodeIgniter\View\View->CodeIgniter\View\{closure}()
 8 SYSTEMPATH\Common.php(1134): CodeIgniter\View\View->render('roles/role', [], true)
 9 APPPATH\Controllers\Roles.php(16): view('roles/role')
10 SYSTEMPATH\CodeIgniter.php(927): App\Controllers\Roles->index()
11 SYSTEMPATH\CodeIgniter.php(482): CodeIgniter\CodeIgniter->runController(Object(App\Controllers\Roles))
12 SYSTEMPATH\CodeIgniter.php(351): CodeIgniter\CodeIgniter->handleRequest(null, Object(Config\Cache), false)
13 FCPATH\index.php(67): CodeIgniter\CodeIgniter->run()
CRITICAL - 2022-12-05 00:01:16 --> Undefined variable $flag
in APPPATH\Views\header.php on line 141.
 1 APPPATH\Views\header.php(141): CodeIgniter\Debug\Exceptions->errorHandler(2, 'Undefined variable $flag', 'APPPATH\\Views\\header.php', 141)
 2 SYSTEMPATH\View\View.php(213): include('APPPATH\\Views\\header.php')
 3 SYSTEMPATH\View\View.php(216): CodeIgniter\View\View->CodeIgniter\View\{closure}()
 4 SYSTEMPATH\Common.php(1134): CodeIgniter\View\View->render('header', [], true)
 5 APPPATH\Views\roles\role.php(1): view('header')
 6 SYSTEMPATH\View\View.php(213): include('APPPATH\\Views\\roles\\role.php')
 7 SYSTEMPATH\View\View.php(216): CodeIgniter\View\View->CodeIgniter\View\{closure}()
 8 SYSTEMPATH\Common.php(1134): CodeIgniter\View\View->render('roles/role', [], true)
 9 APPPATH\Controllers\Roles.php(16): view('roles/role')
10 SYSTEMPATH\CodeIgniter.php(927): App\Controllers\Roles->index()
11 SYSTEMPATH\CodeIgniter.php(482): CodeIgniter\CodeIgniter->runController(Object(App\Controllers\Roles))
12 SYSTEMPATH\CodeIgniter.php(351): CodeIgniter\CodeIgniter->handleRequest(null, Object(Config\Cache), false)
13 FCPATH\index.php(67): CodeIgniter\CodeIgniter->run()
CRITICAL - 2022-12-05 00:01:16 --> Undefined variable $flag
in APPPATH\Views\header.php on line 141.
 1 APPPATH\Views\header.php(141): CodeIgniter\Debug\Exceptions->errorHandler(2, 'Undefined variable $flag', 'APPPATH\\Views\\header.php', 141)
 2 SYSTEMPATH\View\View.php(213): include('APPPATH\\Views\\header.php')
 3 SYSTEMPATH\View\View.php(216): CodeIgniter\View\View->CodeIgniter\View\{closure}()
 4 SYSTEMPATH\Common.php(1134): CodeIgniter\View\View->render('header', [], true)
 5 APPPATH\Views\roles\role.php(1): view('header')
 6 SYSTEMPATH\View\View.php(213): include('APPPATH\\Views\\roles\\role.php')
 7 SYSTEMPATH\View\View.php(216): CodeIgniter\View\View->CodeIgniter\View\{closure}()
 8 SYSTEMPATH\Common.php(1134): CodeIgniter\View\View->render('roles/role', [], true)
 9 APPPATH\Controllers\Roles.php(16): view('roles/role')
10 SYSTEMPATH\CodeIgniter.php(927): App\Controllers\Roles->index()
11 SYSTEMPATH\CodeIgniter.php(482): CodeIgniter\CodeIgniter->runController(Object(App\Controllers\Roles))
12 SYSTEMPATH\CodeIgniter.php(351): CodeIgniter\CodeIgniter->handleRequest(null, Object(Config\Cache), false)
13 FCPATH\index.php(67): CodeIgniter\CodeIgniter->run()
CRITICAL - 2022-12-05 00:01:16 --> Undefined variable $flag
in APPPATH\Views\header.php on line 141.
 1 APPPATH\Views\header.php(141): CodeIgniter\Debug\Exceptions->errorHandler(2, 'Undefined variable $flag', 'APPPATH\\Views\\header.php', 141)
 2 SYSTEMPATH\View\View.php(213): include('APPPATH\\Views\\header.php')
 3 SYSTEMPATH\View\View.php(216): CodeIgniter\View\View->CodeIgniter\View\{closure}()
 4 SYSTEMPATH\Common.php(1134): CodeIgniter\View\View->render('header', [], true)
 5 APPPATH\Views\roles\role.php(1): view('header')
 6 SYSTEMPATH\View\View.php(213): include('APPPATH\\Views\\roles\\role.php')
 7 SYSTEMPATH\View\View.php(216): CodeIgniter\View\View->CodeIgniter\View\{closure}()
 8 SYSTEMPATH\Common.php(1134): CodeIgniter\View\View->render('roles/role', [], true)
 9 APPPATH\Controllers\Roles.php(16): view('roles/role')
10 SYSTEMPATH\CodeIgniter.php(927): App\Controllers\Roles->index()
11 SYSTEMPATH\CodeIgniter.php(482): CodeIgniter\CodeIgniter->runController(Object(App\Controllers\Roles))
12 SYSTEMPATH\CodeIgniter.php(351): CodeIgniter\CodeIgniter->handleRequest(null, Object(Config\Cache), false)
13 FCPATH\index.php(67): CodeIgniter\CodeIgniter->run()
CRITICAL - 2022-12-05 00:01:16 --> Undefined variable $flag
in APPPATH\Views\header.php on line 141.
 1 APPPATH\Views\header.php(141): CodeIgniter\Debug\Exceptions->errorHandler(2, 'Undefined variable $flag', 'APPPATH\\Views\\header.php', 141)
 2 SYSTEMPATH\View\View.php(213): include('APPPATH\\Views\\header.php')
 3 SYSTEMPATH\View\View.php(216): CodeIgniter\View\View->CodeIgniter\View\{closure}()
 4 SYSTEMPATH\Common.php(1134): CodeIgniter\View\View->render('header', [], true)
 5 APPPATH\Views\roles\role.php(1): view('header')
 6 SYSTEMPATH\View\View.php(213): include('APPPATH\\Views\\roles\\role.php')
 7 SYSTEMPATH\View\View.php(216): CodeIgniter\View\View->CodeIgniter\View\{closure}()
 8 SYSTEMPATH\Common.php(1134): CodeIgniter\View\View->render('roles/role', [], true)
 9 APPPATH\Controllers\Roles.php(16): view('roles/role')
10 SYSTEMPATH\CodeIgniter.php(927): App\Controllers\Roles->index()
11 SYSTEMPATH\CodeIgniter.php(482): CodeIgniter\CodeIgniter->runController(Object(App\Controllers\Roles))
12 SYSTEMPATH\CodeIgniter.php(351): CodeIgniter\CodeIgniter->handleRequest(null, Object(Config\Cache), false)
13 FCPATH\index.php(67): CodeIgniter\CodeIgniter->run()
CRITICAL - 2022-12-05 00:01:16 --> Undefined variable $flag
in APPPATH\Views\header.php on line 141.
 1 APPPATH\Views\header.php(141): CodeIgniter\Debug\Exceptions->errorHandler(2, 'Undefined variable $flag', 'APPPATH\\Views\\header.php', 141)
 2 SYSTEMPATH\View\View.php(213): include('APPPATH\\Views\\header.php')
 3 SYSTEMPATH\View\View.php(216): CodeIgniter\View\View->CodeIgniter\View\{closure}()
 4 SYSTEMPATH\Common.php(1134): CodeIgniter\View\View->render('header', [], true)
 5 APPPATH\Views\roles\role.php(1): view('header')
 6 SYSTEMPATH\View\View.php(213): include('APPPATH\\Views\\roles\\role.php')
 7 SYSTEMPATH\View\View.php(216): CodeIgniter\View\View->CodeIgniter\View\{closure}()
 8 SYSTEMPATH\Common.php(1134): CodeIgniter\View\View->render('roles/role', [], true)
 9 APPPATH\Controllers\Roles.php(16): view('roles/role')
10 SYSTEMPATH\CodeIgniter.php(927): App\Controllers\Roles->index()
11 SYSTEMPATH\CodeIgniter.php(482): CodeIgniter\CodeIgniter->runController(Object(App\Controllers\Roles))
12 SYSTEMPATH\CodeIgniter.php(351): CodeIgniter\CodeIgniter->handleRequest(null, Object(Config\Cache), false)
13 FCPATH\index.php(67): CodeIgniter\CodeIgniter->run()
CRITICAL - 2022-12-05 00:01:16 --> Undefined variable $flag
in APPPATH\Views\header.php on line 141.
 1 APPPATH\Views\header.php(141): CodeIgniter\Debug\Exceptions->errorHandler(2, 'Undefined variable $flag', 'APPPATH\\Views\\header.php', 141)
 2 SYSTEMPATH\View\View.php(213): include('APPPATH\\Views\\header.php')
 3 SYSTEMPATH\View\View.php(216): CodeIgniter\View\View->CodeIgniter\View\{closure}()
 4 SYSTEMPATH\Common.php(1134): CodeIgniter\View\View->render('header', [], true)
 5 APPPATH\Views\roles\role.php(1): view('header')
 6 SYSTEMPATH\View\View.php(213): include('APPPATH\\Views\\roles\\role.php')
 7 SYSTEMPATH\View\View.php(216): CodeIgniter\View\View->CodeIgniter\View\{closure}()
 8 SYSTEMPATH\Common.php(1134): CodeIgniter\View\View->render('roles/role', [], true)
 9 APPPATH\Controllers\Roles.php(16): view('roles/role')
10 SYSTEMPATH\CodeIgniter.php(927): App\Controllers\Roles->index()
11 SYSTEMPATH\CodeIgniter.php(482): CodeIgniter\CodeIgniter->runController(Object(App\Controllers\Roles))
12 SYSTEMPATH\CodeIgniter.php(351): CodeIgniter\CodeIgniter->handleRequest(null, Object(Config\Cache), false)
13 FCPATH\index.php(67): CodeIgniter\CodeIgniter->run()
CRITICAL - 2022-12-05 00:01:16 --> Undefined variable $flag
in APPPATH\Views\header.php on line 141.
 1 APPPATH\Views\header.php(141): CodeIgniter\Debug\Exceptions->errorHandler(2, 'Undefined variable $flag', 'APPPATH\\Views\\header.php', 141)
 2 SYSTEMPATH\View\View.php(213): include('APPPATH\\Views\\header.php')
 3 SYSTEMPATH\View\View.php(216): CodeIgniter\View\View->CodeIgniter\View\{closure}()
 4 SYSTEMPATH\Common.php(1134): CodeIgniter\View\View->render('header', [], true)
 5 APPPATH\Views\roles\role.php(1): view('header')
 6 SYSTEMPATH\View\View.php(213): include('APPPATH\\Views\\roles\\role.php')
 7 SYSTEMPATH\View\View.php(216): CodeIgniter\View\View->CodeIgniter\View\{closure}()
 8 SYSTEMPATH\Common.php(1134): CodeIgniter\View\View->render('roles/role', [], true)
 9 APPPATH\Controllers\Roles.php(16): view('roles/role')
10 SYSTEMPATH\CodeIgniter.php(927): App\Controllers\Roles->index()
11 SYSTEMPATH\CodeIgniter.php(482): CodeIgniter\CodeIgniter->runController(Object(App\Controllers\Roles))
12 SYSTEMPATH\CodeIgniter.php(351): CodeIgniter\CodeIgniter->handleRequest(null, Object(Config\Cache), false)
13 FCPATH\index.php(67): CodeIgniter\CodeIgniter->run()
CRITICAL - 2022-12-05 00:01:16 --> Undefined variable $flag
in APPPATH\Views\header.php on line 141.
 1 APPPATH\Views\header.php(141): CodeIgniter\Debug\Exceptions->errorHandler(2, 'Undefined variable $flag', 'APPPATH\\Views\\header.php', 141)
 2 SYSTEMPATH\View\View.php(213): include('APPPATH\\Views\\header.php')
 3 SYSTEMPATH\View\View.php(216): CodeIgniter\View\View->CodeIgniter\View\{closure}()
 4 SYSTEMPATH\Common.php(1134): CodeIgniter\View\View->render('header', [], true)
 5 APPPATH\Views\roles\role.php(1): view('header')
 6 SYSTEMPATH\View\View.php(213): include('APPPATH\\Views\\roles\\role.php')
 7 SYSTEMPATH\View\View.php(216): CodeIgniter\View\View->CodeIgniter\View\{closure}()
 8 SYSTEMPATH\Common.php(1134): CodeIgniter\View\View->render('roles/role', [], true)
 9 APPPATH\Controllers\Roles.php(16): view('roles/role')
10 SYSTEMPATH\CodeIgniter.php(927): App\Controllers\Roles->index()
11 SYSTEMPATH\CodeIgniter.php(482): CodeIgniter\CodeIgniter->runController(Object(App\Controllers\Roles))
12 SYSTEMPATH\CodeIgniter.php(351): CodeIgniter\CodeIgniter->handleRequest(null, Object(Config\Cache), false)
13 FCPATH\index.php(67): CodeIgniter\CodeIgniter->run()
CRITICAL - 2022-12-05 00:01:17 --> Undefined variable $flag
in APPPATH\Views\header.php on line 141.
 1 APPPATH\Views\header.php(141): CodeIgniter\Debug\Exceptions->errorHandler(2, 'Undefined variable $flag', 'APPPATH\\Views\\header.php', 141)
 2 SYSTEMPATH\View\View.php(213): include('APPPATH\\Views\\header.php')
 3 SYSTEMPATH\View\View.php(216): CodeIgniter\View\View->CodeIgniter\View\{closure}()
 4 SYSTEMPATH\Common.php(1134): CodeIgniter\View\View->render('header', [], true)
 5 APPPATH\Views\roles\role.php(1): view('header')
 6 SYSTEMPATH\View\View.php(213): include('APPPATH\\Views\\roles\\role.php')
 7 SYSTEMPATH\View\View.php(216): CodeIgniter\View\View->CodeIgniter\View\{closure}()
 8 SYSTEMPATH\Common.php(1134): CodeIgniter\View\View->render('roles/role', [], true)
 9 APPPATH\Controllers\Roles.php(16): view('roles/role')
10 SYSTEMPATH\CodeIgniter.php(927): App\Controllers\Roles->index()
11 SYSTEMPATH\CodeIgniter.php(482): CodeIgniter\CodeIgniter->runController(Object(App\Controllers\Roles))
12 SYSTEMPATH\CodeIgniter.php(351): CodeIgniter\CodeIgniter->handleRequest(null, Object(Config\Cache), false)
13 FCPATH\index.php(67): CodeIgniter\CodeIgniter->run()
CRITICAL - 2022-12-05 00:01:17 --> Undefined variable $flag
in APPPATH\Views\header.php on line 141.
 1 APPPATH\Views\header.php(141): CodeIgniter\Debug\Exceptions->errorHandler(2, 'Undefined variable $flag', 'APPPATH\\Views\\header.php', 141)
 2 SYSTEMPATH\View\View.php(213): include('APPPATH\\Views\\header.php')
 3 SYSTEMPATH\View\View.php(216): CodeIgniter\View\View->CodeIgniter\View\{closure}()
 4 SYSTEMPATH\Common.php(1134): CodeIgniter\View\View->render('header', [], true)
 5 APPPATH\Views\roles\role.php(1): view('header')
 6 SYSTEMPATH\View\View.php(213): include('APPPATH\\Views\\roles\\role.php')
 7 SYSTEMPATH\View\View.php(216): CodeIgniter\View\View->CodeIgniter\View\{closure}()
 8 SYSTEMPATH\Common.php(1134): CodeIgniter\View\View->render('roles/role', [], true)
 9 APPPATH\Controllers\Roles.php(16): view('roles/role')
10 SYSTEMPATH\CodeIgniter.php(927): App\Controllers\Roles->index()
11 SYSTEMPATH\CodeIgniter.php(482): CodeIgniter\CodeIgniter->runController(Object(App\Controllers\Roles))
12 SYSTEMPATH\CodeIgniter.php(351): CodeIgniter\CodeIgniter->handleRequest(null, Object(Config\Cache), false)
13 FCPATH\index.php(67): CodeIgniter\CodeIgniter->run()
CRITICAL - 2022-12-05 00:01:17 --> Undefined variable $flag
in APPPATH\Views\header.php on line 141.
 1 APPPATH\Views\header.php(141): CodeIgniter\Debug\Exceptions->errorHandler(2, 'Undefined variable $flag', 'APPPATH\\Views\\header.php', 141)
 2 SYSTEMPATH\View\View.php(213): include('APPPATH\\Views\\header.php')
 3 SYSTEMPATH\View\View.php(216): CodeIgniter\View\View->CodeIgniter\View\{closure}()
 4 SYSTEMPATH\Common.php(1134): CodeIgniter\View\View->render('header', [], true)
 5 APPPATH\Views\roles\role.php(1): view('header')
 6 SYSTEMPATH\View\View.php(213): include('APPPATH\\Views\\roles\\role.php')
 7 SYSTEMPATH\View\View.php(216): CodeIgniter\View\View->CodeIgniter\View\{closure}()
 8 SYSTEMPATH\Common.php(1134): CodeIgniter\View\View->render('roles/role', [], true)
 9 APPPATH\Controllers\Roles.php(16): view('roles/role')
10 SYSTEMPATH\CodeIgniter.php(927): App\Controllers\Roles->index()
11 SYSTEMPATH\CodeIgniter.php(482): CodeIgniter\CodeIgniter->runController(Object(App\Controllers\Roles))
12 SYSTEMPATH\CodeIgniter.php(351): CodeIgniter\CodeIgniter->handleRequest(null, Object(Config\Cache), false)
13 FCPATH\index.php(67): CodeIgniter\CodeIgniter->run()
CRITICAL - 2022-12-05 00:01:17 --> Undefined variable $flag
in APPPATH\Views\header.php on line 141.
 1 APPPATH\Views\header.php(141): CodeIgniter\Debug\Exceptions->errorHandler(2, 'Undefined variable $flag', 'APPPATH\\Views\\header.php', 141)
 2 SYSTEMPATH\View\View.php(213): include('APPPATH\\Views\\header.php')
 3 SYSTEMPATH\View\View.php(216): CodeIgniter\View\View->CodeIgniter\View\{closure}()
 4 SYSTEMPATH\Common.php(1134): CodeIgniter\View\View->render('header', [], true)
 5 APPPATH\Views\roles\role.php(1): view('header')
 6 SYSTEMPATH\View\View.php(213): include('APPPATH\\Views\\roles\\role.php')
 7 SYSTEMPATH\View\View.php(216): CodeIgniter\View\View->CodeIgniter\View\{closure}()
 8 SYSTEMPATH\Common.php(1134): CodeIgniter\View\View->render('roles/role', [], true)
 9 APPPATH\Controllers\Roles.php(16): view('roles/role')
10 SYSTEMPATH\CodeIgniter.php(927): App\Controllers\Roles->index()
11 SYSTEMPATH\CodeIgniter.php(482): CodeIgniter\CodeIgniter->runController(Object(App\Controllers\Roles))
12 SYSTEMPATH\CodeIgniter.php(351): CodeIgniter\CodeIgniter->handleRequest(null, Object(Config\Cache), false)
13 FCPATH\index.php(67): CodeIgniter\CodeIgniter->run()
CRITICAL - 2022-12-05 00:01:17 --> Undefined variable $flag
in APPPATH\Views\header.php on line 141.
 1 APPPATH\Views\header.php(141): CodeIgniter\Debug\Exceptions->errorHandler(2, 'Undefined variable $flag', 'APPPATH\\Views\\header.php', 141)
 2 SYSTEMPATH\View\View.php(213): include('APPPATH\\Views\\header.php')
 3 SYSTEMPATH\View\View.php(216): CodeIgniter\View\View->CodeIgniter\View\{closure}()
 4 SYSTEMPATH\Common.php(1134): CodeIgniter\View\View->render('header', [], true)
 5 APPPATH\Views\roles\role.php(1): view('header')
 6 SYSTEMPATH\View\View.php(213): include('APPPATH\\Views\\roles\\role.php')
 7 SYSTEMPATH\View\View.php(216): CodeIgniter\View\View->CodeIgniter\View\{closure}()
 8 SYSTEMPATH\Common.php(1134): CodeIgniter\View\View->render('roles/role', [], true)
 9 APPPATH\Controllers\Roles.php(16): view('roles/role')
10 SYSTEMPATH\CodeIgniter.php(927): App\Controllers\Roles->index()
11 SYSTEMPATH\CodeIgniter.php(482): CodeIgniter\CodeIgniter->runController(Object(App\Controllers\Roles))
12 SYSTEMPATH\CodeIgniter.php(351): CodeIgniter\CodeIgniter->handleRequest(null, Object(Config\Cache), false)
13 FCPATH\index.php(67): CodeIgniter\CodeIgniter->run()
CRITICAL - 2022-12-05 00:01:17 --> Undefined variable $flag
in APPPATH\Views\header.php on line 141.
 1 APPPATH\Views\header.php(141): CodeIgniter\Debug\Exceptions->errorHandler(2, 'Undefined variable $flag', 'APPPATH\\Views\\header.php', 141)
 2 SYSTEMPATH\View\View.php(213): include('APPPATH\\Views\\header.php')
 3 SYSTEMPATH\View\View.php(216): CodeIgniter\View\View->CodeIgniter\View\{closure}()
 4 SYSTEMPATH\Common.php(1134): CodeIgniter\View\View->render('header', [], true)
 5 APPPATH\Views\roles\role.php(1): view('header')
 6 SYSTEMPATH\View\View.php(213): include('APPPATH\\Views\\roles\\role.php')
 7 SYSTEMPATH\View\View.php(216): CodeIgniter\View\View->CodeIgniter\View\{closure}()
 8 SYSTEMPATH\Common.php(1134): CodeIgniter\View\View->render('roles/role', [], true)
 9 APPPATH\Controllers\Roles.php(16): view('roles/role')
10 SYSTEMPATH\CodeIgniter.php(927): App\Controllers\Roles->index()
11 SYSTEMPATH\CodeIgniter.php(482): CodeIgniter\CodeIgniter->runController(Object(App\Controllers\Roles))
12 SYSTEMPATH\CodeIgniter.php(351): CodeIgniter\CodeIgniter->handleRequest(null, Object(Config\Cache), false)
13 FCPATH\index.php(67): CodeIgniter\CodeIgniter->run()
CRITICAL - 2022-12-05 00:01:17 --> Undefined variable $flag
in APPPATH\Views\header.php on line 141.
 1 APPPATH\Views\header.php(141): CodeIgniter\Debug\Exceptions->errorHandler(2, 'Undefined variable $flag', 'APPPATH\\Views\\header.php', 141)
 2 SYSTEMPATH\View\View.php(213): include('APPPATH\\Views\\header.php')
 3 SYSTEMPATH\View\View.php(216): CodeIgniter\View\View->CodeIgniter\View\{closure}()
 4 SYSTEMPATH\Common.php(1134): CodeIgniter\View\View->render('header', [], true)
 5 APPPATH\Views\roles\role.php(1): view('header')
 6 SYSTEMPATH\View\View.php(213): include('APPPATH\\Views\\roles\\role.php')
 7 SYSTEMPATH\View\View.php(216): CodeIgniter\View\View->CodeIgniter\View\{closure}()
 8 SYSTEMPATH\Common.php(1134): CodeIgniter\View\View->render('roles/role', [], true)
 9 APPPATH\Controllers\Roles.php(16): view('roles/role')
10 SYSTEMPATH\CodeIgniter.php(927): App\Controllers\Roles->index()
11 SYSTEMPATH\CodeIgniter.php(482): CodeIgniter\CodeIgniter->runController(Object(App\Controllers\Roles))
12 SYSTEMPATH\CodeIgniter.php(351): CodeIgniter\CodeIgniter->handleRequest(null, Object(Config\Cache), false)
13 FCPATH\index.php(67): CodeIgniter\CodeIgniter->run()
CRITICAL - 2022-12-05 00:01:17 --> Undefined variable $flag
in APPPATH\Views\header.php on line 141.
 1 APPPATH\Views\header.php(141): CodeIgniter\Debug\Exceptions->errorHandler(2, 'Undefined variable $flag', 'APPPATH\\Views\\header.php', 141)
 2 SYSTEMPATH\View\View.php(213): include('APPPATH\\Views\\header.php')
 3 SYSTEMPATH\View\View.php(216): CodeIgniter\View\View->CodeIgniter\View\{closure}()
 4 SYSTEMPATH\Common.php(1134): CodeIgniter\View\View->render('header', [], true)
 5 APPPATH\Views\roles\role.php(1): view('header')
 6 SYSTEMPATH\View\View.php(213): include('APPPATH\\Views\\roles\\role.php')
 7 SYSTEMPATH\View\View.php(216): CodeIgniter\View\View->CodeIgniter\View\{closure}()
 8 SYSTEMPATH\Common.php(1134): CodeIgniter\View\View->render('roles/role', [], true)
 9 APPPATH\Controllers\Roles.php(16): view('roles/role')
10 SYSTEMPATH\CodeIgniter.php(927): App\Controllers\Roles->index()
11 SYSTEMPATH\CodeIgniter.php(482): CodeIgniter\CodeIgniter->runController(Object(App\Controllers\Roles))
12 SYSTEMPATH\CodeIgniter.php(351): CodeIgniter\CodeIgniter->handleRequest(null, Object(Config\Cache), false)
13 FCPATH\index.php(67): CodeIgniter\CodeIgniter->run()
CRITICAL - 2022-12-05 00:01:17 --> Undefined variable $flag
in APPPATH\Views\header.php on line 141.
 1 APPPATH\Views\header.php(141): CodeIgniter\Debug\Exceptions->errorHandler(2, 'Undefined variable $flag', 'APPPATH\\Views\\header.php', 141)
 2 SYSTEMPATH\View\View.php(213): include('APPPATH\\Views\\header.php')
 3 SYSTEMPATH\View\View.php(216): CodeIgniter\View\View->CodeIgniter\View\{closure}()
 4 SYSTEMPATH\Common.php(1134): CodeIgniter\View\View->render('header', [], true)
 5 APPPATH\Views\roles\role.php(1): view('header')
 6 SYSTEMPATH\View\View.php(213): include('APPPATH\\Views\\roles\\role.php')
 7 SYSTEMPATH\View\View.php(216): CodeIgniter\View\View->CodeIgniter\View\{closure}()
 8 SYSTEMPATH\Common.php(1134): CodeIgniter\View\View->render('roles/role', [], true)
 9 APPPATH\Controllers\Roles.php(16): view('roles/role')
10 SYSTEMPATH\CodeIgniter.php(927): App\Controllers\Roles->index()
11 SYSTEMPATH\CodeIgniter.php(482): CodeIgniter\CodeIgniter->runController(Object(App\Controllers\Roles))
12 SYSTEMPATH\CodeIgniter.php(351): CodeIgniter\CodeIgniter->handleRequest(null, Object(Config\Cache), false)
13 FCPATH\index.php(67): CodeIgniter\CodeIgniter->run()
CRITICAL - 2022-12-05 00:01:17 --> Undefined variable $flag
in APPPATH\Views\header.php on line 141.
 1 APPPATH\Views\header.php(141): CodeIgniter\Debug\Exceptions->errorHandler(2, 'Undefined variable $flag', 'APPPATH\\Views\\header.php', 141)
 2 SYSTEMPATH\View\View.php(213): include('APPPATH\\Views\\header.php')
 3 SYSTEMPATH\View\View.php(216): CodeIgniter\View\View->CodeIgniter\View\{closure}()
 4 SYSTEMPATH\Common.php(1134): CodeIgniter\View\View->render('header', [], true)
 5 APPPATH\Views\roles\role.php(1): view('header')
 6 SYSTEMPATH\View\View.php(213): include('APPPATH\\Views\\roles\\role.php')
 7 SYSTEMPATH\View\View.php(216): CodeIgniter\View\View->CodeIgniter\View\{closure}()
 8 SYSTEMPATH\Common.php(1134): CodeIgniter\View\View->render('roles/role', [], true)
 9 APPPATH\Controllers\Roles.php(16): view('roles/role')
10 SYSTEMPATH\CodeIgniter.php(927): App\Controllers\Roles->index()
11 SYSTEMPATH\CodeIgniter.php(482): CodeIgniter\CodeIgniter->runController(Object(App\Controllers\Roles))
12 SYSTEMPATH\CodeIgniter.php(351): CodeIgniter\CodeIgniter->handleRequest(null, Object(Config\Cache), false)
13 FCPATH\index.php(67): CodeIgniter\CodeIgniter->run()
CRITICAL - 2022-12-05 00:01:17 --> Undefined variable $flag
in APPPATH\Views\header.php on line 141.
 1 APPPATH\Views\header.php(141): CodeIgniter\Debug\Exceptions->errorHandler(2, 'Undefined variable $flag', 'APPPATH\\Views\\header.php', 141)
 2 SYSTEMPATH\View\View.php(213): include('APPPATH\\Views\\header.php')
 3 SYSTEMPATH\View\View.php(216): CodeIgniter\View\View->CodeIgniter\View\{closure}()
 4 SYSTEMPATH\Common.php(1134): CodeIgniter\View\View->render('header', [], true)
 5 APPPATH\Views\roles\role.php(1): view('header')
 6 SYSTEMPATH\View\View.php(213): include('APPPATH\\Views\\roles\\role.php')
 7 SYSTEMPATH\View\View.php(216): CodeIgniter\View\View->CodeIgniter\View\{closure}()
 8 SYSTEMPATH\Common.php(1134): CodeIgniter\View\View->render('roles/role', [], true)
 9 APPPATH\Controllers\Roles.php(16): view('roles/role')
10 SYSTEMPATH\CodeIgniter.php(927): App\Controllers\Roles->index()
11 SYSTEMPATH\CodeIgniter.php(482): CodeIgniter\CodeIgniter->runController(Object(App\Controllers\Roles))
12 SYSTEMPATH\CodeIgniter.php(351): CodeIgniter\CodeIgniter->handleRequest(null, Object(Config\Cache), false)
13 FCPATH\index.php(67): CodeIgniter\CodeIgniter->run()
CRITICAL - 2022-12-05 00:01:17 --> Undefined variable $flag
in APPPATH\Views\header.php on line 141.
 1 APPPATH\Views\header.php(141): CodeIgniter\Debug\Exceptions->errorHandler(2, 'Undefined variable $flag', 'APPPATH\\Views\\header.php', 141)
 2 SYSTEMPATH\View\View.php(213): include('APPPATH\\Views\\header.php')
 3 SYSTEMPATH\View\View.php(216): CodeIgniter\View\View->CodeIgniter\View\{closure}()
 4 SYSTEMPATH\Common.php(1134): CodeIgniter\View\View->render('header', [], true)
 5 APPPATH\Views\roles\role.php(1): view('header')
 6 SYSTEMPATH\View\View.php(213): include('APPPATH\\Views\\roles\\role.php')
 7 SYSTEMPATH\View\View.php(216): CodeIgniter\View\View->CodeIgniter\View\{closure}()
 8 SYSTEMPATH\Common.php(1134): CodeIgniter\View\View->render('roles/role', [], true)
 9 APPPATH\Controllers\Roles.php(16): view('roles/role')
10 SYSTEMPATH\CodeIgniter.php(927): App\Controllers\Roles->index()
11 SYSTEMPATH\CodeIgniter.php(482): CodeIgniter\CodeIgniter->runController(Object(App\Controllers\Roles))
12 SYSTEMPATH\CodeIgniter.php(351): CodeIgniter\CodeIgniter->handleRequest(null, Object(Config\Cache), false)
13 FCPATH\index.php(67): CodeIgniter\CodeIgniter->run()
CRITICAL - 2022-12-05 00:01:17 --> Undefined variable $flag
in APPPATH\Views\header.php on line 141.
 1 APPPATH\Views\header.php(141): CodeIgniter\Debug\Exceptions->errorHandler(2, 'Undefined variable $flag', 'APPPATH\\Views\\header.php', 141)
 2 SYSTEMPATH\View\View.php(213): include('APPPATH\\Views\\header.php')
 3 SYSTEMPATH\View\View.php(216): CodeIgniter\View\View->CodeIgniter\View\{closure}()
 4 SYSTEMPATH\Common.php(1134): CodeIgniter\View\View->render('header', [], true)
 5 APPPATH\Views\roles\role.php(1): view('header')
 6 SYSTEMPATH\View\View.php(213): include('APPPATH\\Views\\roles\\role.php')
 7 SYSTEMPATH\View\View.php(216): CodeIgniter\View\View->CodeIgniter\View\{closure}()
 8 SYSTEMPATH\Common.php(1134): CodeIgniter\View\View->render('roles/role', [], true)
 9 APPPATH\Controllers\Roles.php(16): view('roles/role')
10 SYSTEMPATH\CodeIgniter.php(927): App\Controllers\Roles->index()
11 SYSTEMPATH\CodeIgniter.php(482): CodeIgniter\CodeIgniter->runController(Object(App\Controllers\Roles))
12 SYSTEMPATH\CodeIgniter.php(351): CodeIgniter\CodeIgniter->handleRequest(null, Object(Config\Cache), false)
13 FCPATH\index.php(67): CodeIgniter\CodeIgniter->run()
CRITICAL - 2022-12-05 00:40:14 --> Undefined variable $menu_res
in APPPATH\Views\sidebar.php on line 24.
 1 APPPATH\Views\sidebar.php(24): CodeIgniter\Debug\Exceptions->errorHandler(2, 'Undefined variable $menu_res', 'APPPATH\\Views\\sidebar.php', 24)
 2 SYSTEMPATH\View\View.php(213): include('APPPATH\\Views\\sidebar.php')
 3 SYSTEMPATH\View\View.php(216): CodeIgniter\View\View->CodeIgniter\View\{closure}()
 4 SYSTEMPATH\Common.php(1134): CodeIgniter\View\View->render('sidebar', [], true)
 5 APPPATH\Views\header.php(16): view('sidebar')
 6 SYSTEMPATH\View\View.php(213): include('APPPATH\\Views\\header.php')
 7 SYSTEMPATH\View\View.php(216): CodeIgniter\View\View->CodeIgniter\View\{closure}()
 8 SYSTEMPATH\Common.php(1134): CodeIgniter\View\View->render('header', [], true)
 9 APPPATH\Views\roles\role.php(1): view('header')
10 SYSTEMPATH\View\View.php(213): include('APPPATH\\Views\\roles\\role.php')
11 SYSTEMPATH\View\View.php(216): CodeIgniter\View\View->CodeIgniter\View\{closure}()
12 SYSTEMPATH\Common.php(1134): CodeIgniter\View\View->render('roles/role', [], true)
13 APPPATH\Controllers\Roles.php(16): view('roles/role')
14 SYSTEMPATH\CodeIgniter.php(927): App\Controllers\Roles->index()
15 SYSTEMPATH\CodeIgniter.php(482): CodeIgniter\CodeIgniter->runController(Object(App\Controllers\Roles))
16 SYSTEMPATH\CodeIgniter.php(351): CodeIgniter\CodeIgniter->handleRequest(null, Object(Config\Cache), false)
17 FCPATH\index.php(67): CodeIgniter\CodeIgniter->run()
CRITICAL - 2022-12-05 00:40:57 --> Undefined variable $menu_res
in APPPATH\Views\sidebar.php on line 24.
 1 APPPATH\Views\sidebar.php(24): CodeIgniter\Debug\Exceptions->errorHandler(2, 'Undefined variable $menu_res', 'APPPATH\\Views\\sidebar.php', 24)
 2 SYSTEMPATH\View\View.php(213): include('APPPATH\\Views\\sidebar.php')
 3 SYSTEMPATH\View\View.php(216): CodeIgniter\View\View->CodeIgniter\View\{closure}()
 4 SYSTEMPATH\Common.php(1134): CodeIgniter\View\View->render('sidebar', [], true)
 5 APPPATH\Views\header.php(16): view('sidebar')
 6 SYSTEMPATH\View\View.php(213): include('APPPATH\\Views\\header.php')
 7 SYSTEMPATH\View\View.php(216): CodeIgniter\View\View->CodeIgniter\View\{closure}()
 8 SYSTEMPATH\Common.php(1134): CodeIgniter\View\View->render('header', [], true)
 9 APPPATH\Views\roles\role.php(1): view('header')
10 SYSTEMPATH\View\View.php(213): include('APPPATH\\Views\\roles\\role.php')
11 SYSTEMPATH\View\View.php(216): CodeIgniter\View\View->CodeIgniter\View\{closure}()
12 SYSTEMPATH\Common.php(1134): CodeIgniter\View\View->render('roles/role', [], true)
13 APPPATH\Controllers\Roles.php(16): view('roles/role')
14 SYSTEMPATH\CodeIgniter.php(927): App\Controllers\Roles->index()
15 SYSTEMPATH\CodeIgniter.php(482): CodeIgniter\CodeIgniter->runController(Object(App\Controllers\Roles))
16 SYSTEMPATH\CodeIgniter.php(351): CodeIgniter\CodeIgniter->handleRequest(null, Object(Config\Cache), false)
17 FCPATH\index.php(67): CodeIgniter\CodeIgniter->run()
CRITICAL - 2022-12-05 00:42:22 --> Undefined variable $menu_id
in APPPATH\Views\sidebar.php on line 27.
 1 APPPATH\Views\sidebar.php(27): CodeIgniter\Debug\Exceptions->errorHandler(2, 'Undefined variable $menu_id', 'APPPATH\\Views\\sidebar.php', 27)
 2 SYSTEMPATH\View\View.php(213): include('APPPATH\\Views\\sidebar.php')
 3 SYSTEMPATH\View\View.php(216): CodeIgniter\View\View->CodeIgniter\View\{closure}()
 4 SYSTEMPATH\Common.php(1134): CodeIgniter\View\View->render('sidebar', [], true)
 5 APPPATH\Views\header.php(16): view('sidebar')
 6 SYSTEMPATH\View\View.php(213): include('APPPATH\\Views\\header.php')
 7 SYSTEMPATH\View\View.php(216): CodeIgniter\View\View->CodeIgniter\View\{closure}()
 8 SYSTEMPATH\Common.php(1134): CodeIgniter\View\View->render('header', [], true)
 9 APPPATH\Views\roles\role.php(1): view('header')
10 SYSTEMPATH\View\View.php(213): include('APPPATH\\Views\\roles\\role.php')
11 SYSTEMPATH\View\View.php(216): CodeIgniter\View\View->CodeIgniter\View\{closure}()
12 SYSTEMPATH\Common.php(1134): CodeIgniter\View\View->render('roles/role', [], true)
13 APPPATH\Controllers\Roles.php(16): view('roles/role')
14 SYSTEMPATH\CodeIgniter.php(927): App\Controllers\Roles->index()
15 SYSTEMPATH\CodeIgniter.php(482): CodeIgniter\CodeIgniter->runController(Object(App\Controllers\Roles))
16 SYSTEMPATH\CodeIgniter.php(351): CodeIgniter\CodeIgniter->handleRequest(null, Object(Config\Cache), false)
17 FCPATH\index.php(67): CodeIgniter\CodeIgniter->run()
CRITICAL - 2022-12-05 00:44:33 --> Undefined variable $menu_id
in APPPATH\Views\sidebar.php on line 27.
 1 APPPATH\Views\sidebar.php(27): CodeIgniter\Debug\Exceptions->errorHandler(2, 'Undefined variable $menu_id', 'APPPATH\\Views\\sidebar.php', 27)
 2 SYSTEMPATH\View\View.php(213): include('APPPATH\\Views\\sidebar.php')
 3 SYSTEMPATH\View\View.php(216): CodeIgniter\View\View->CodeIgniter\View\{closure}()
 4 SYSTEMPATH\Common.php(1134): CodeIgniter\View\View->render('sidebar', [], true)
 5 APPPATH\Views\header.php(16): view('sidebar')
 6 SYSTEMPATH\View\View.php(213): include('APPPATH\\Views\\header.php')
 7 SYSTEMPATH\View\View.php(216): CodeIgniter\View\View->CodeIgniter\View\{closure}()
 8 SYSTEMPATH\Common.php(1134): CodeIgniter\View\View->render('header', [], true)
 9 APPPATH\Views\roles\role.php(1): view('header')
10 SYSTEMPATH\View\View.php(213): include('APPPATH\\Views\\roles\\role.php')
11 SYSTEMPATH\View\View.php(216): CodeIgniter\View\View->CodeIgniter\View\{closure}()
12 SYSTEMPATH\Common.php(1134): CodeIgniter\View\View->render('roles/role', [], true)
13 APPPATH\Controllers\Roles.php(16): view('roles/role')
14 SYSTEMPATH\CodeIgniter.php(927): App\Controllers\Roles->index()
15 SYSTEMPATH\CodeIgniter.php(482): CodeIgniter\CodeIgniter->runController(Object(App\Controllers\Roles))
16 SYSTEMPATH\CodeIgniter.php(351): CodeIgniter\CodeIgniter->handleRequest(null, Object(Config\Cache), false)
17 FCPATH\index.php(67): CodeIgniter\CodeIgniter->run()
CRITICAL - 2022-12-05 00:45:11 --> Undefined variable $menu_id
in APPPATH\Views\sidebar.php on line 27.
 1 APPPATH\Views\sidebar.php(27): CodeIgniter\Debug\Exceptions->errorHandler(2, 'Undefined variable $menu_id', 'APPPATH\\Views\\sidebar.php', 27)
 2 SYSTEMPATH\View\View.php(213): include('APPPATH\\Views\\sidebar.php')
 3 SYSTEMPATH\View\View.php(216): CodeIgniter\View\View->CodeIgniter\View\{closure}()
 4 SYSTEMPATH\Common.php(1134): CodeIgniter\View\View->render('sidebar', [], true)
 5 APPPATH\Views\header.php(16): view('sidebar')
 6 SYSTEMPATH\View\View.php(213): include('APPPATH\\Views\\header.php')
 7 SYSTEMPATH\View\View.php(216): CodeIgniter\View\View->CodeIgniter\View\{closure}()
 8 SYSTEMPATH\Common.php(1134): CodeIgniter\View\View->render('header', [], true)
 9 APPPATH\Views\roles\role.php(1): view('header')
10 SYSTEMPATH\View\View.php(213): include('APPPATH\\Views\\roles\\role.php')
11 SYSTEMPATH\View\View.php(216): CodeIgniter\View\View->CodeIgniter\View\{closure}()
12 SYSTEMPATH\Common.php(1134): CodeIgniter\View\View->render('roles/role', [], true)
13 APPPATH\Controllers\Roles.php(16): view('roles/role')
14 SYSTEMPATH\CodeIgniter.php(927): App\Controllers\Roles->index()
15 SYSTEMPATH\CodeIgniter.php(482): CodeIgniter\CodeIgniter->runController(Object(App\Controllers\Roles))
16 SYSTEMPATH\CodeIgniter.php(351): CodeIgniter\CodeIgniter->handleRequest(null, Object(Config\Cache), false)
17 FCPATH\index.php(67): CodeIgniter\CodeIgniter->run()
CRITICAL - 2022-12-05 00:45:12 --> Undefined variable $menu_id
in APPPATH\Views\sidebar.php on line 27.
 1 APPPATH\Views\sidebar.php(27): CodeIgniter\Debug\Exceptions->errorHandler(2, 'Undefined variable $menu_id', 'APPPATH\\Views\\sidebar.php', 27)
 2 SYSTEMPATH\View\View.php(213): include('APPPATH\\Views\\sidebar.php')
 3 SYSTEMPATH\View\View.php(216): CodeIgniter\View\View->CodeIgniter\View\{closure}()
 4 SYSTEMPATH\Common.php(1134): CodeIgniter\View\View->render('sidebar', [], true)
 5 APPPATH\Views\header.php(16): view('sidebar')
 6 SYSTEMPATH\View\View.php(213): include('APPPATH\\Views\\header.php')
 7 SYSTEMPATH\View\View.php(216): CodeIgniter\View\View->CodeIgniter\View\{closure}()
 8 SYSTEMPATH\Common.php(1134): CodeIgniter\View\View->render('header', [], true)
 9 APPPATH\Views\roles\role.php(1): view('header')
10 SYSTEMPATH\View\View.php(213): include('APPPATH\\Views\\roles\\role.php')
11 SYSTEMPATH\View\View.php(216): CodeIgniter\View\View->CodeIgniter\View\{closure}()
12 SYSTEMPATH\Common.php(1134): CodeIgniter\View\View->render('roles/role', [], true)
13 APPPATH\Controllers\Roles.php(16): view('roles/role')
14 SYSTEMPATH\CodeIgniter.php(927): App\Controllers\Roles->index()
15 SYSTEMPATH\CodeIgniter.php(482): CodeIgniter\CodeIgniter->runController(Object(App\Controllers\Roles))
16 SYSTEMPATH\CodeIgniter.php(351): CodeIgniter\CodeIgniter->handleRequest(null, Object(Config\Cache), false)
17 FCPATH\index.php(67): CodeIgniter\CodeIgniter->run()
CRITICAL - 2022-12-05 00:45:26 --> Undefined variable $menu_id
in APPPATH\Views\sidebar.php on line 27.
 1 APPPATH\Views\sidebar.php(27): CodeIgniter\Debug\Exceptions->errorHandler(2, 'Undefined variable $menu_id', 'APPPATH\\Views\\sidebar.php', 27)
 2 SYSTEMPATH\View\View.php(213): include('APPPATH\\Views\\sidebar.php')
 3 SYSTEMPATH\View\View.php(216): CodeIgniter\View\View->CodeIgniter\View\{closure}()
 4 SYSTEMPATH\Common.php(1134): CodeIgniter\View\View->render('sidebar', [], true)
 5 APPPATH\Views\header.php(16): view('sidebar')
 6 SYSTEMPATH\View\View.php(213): include('APPPATH\\Views\\header.php')
 7 SYSTEMPATH\View\View.php(216): CodeIgniter\View\View->CodeIgniter\View\{closure}()
 8 SYSTEMPATH\Common.php(1134): CodeIgniter\View\View->render('header', [], true)
 9 APPPATH\Views\roles\role.php(1): view('header')
10 SYSTEMPATH\View\View.php(213): include('APPPATH\\Views\\roles\\role.php')
11 SYSTEMPATH\View\View.php(216): CodeIgniter\View\View->CodeIgniter\View\{closure}()
12 SYSTEMPATH\Common.php(1134): CodeIgniter\View\View->render('roles/role', [], true)
13 APPPATH\Controllers\Roles.php(16): view('roles/role')
14 SYSTEMPATH\CodeIgniter.php(927): App\Controllers\Roles->index()
15 SYSTEMPATH\CodeIgniter.php(482): CodeIgniter\CodeIgniter->runController(Object(App\Controllers\Roles))
16 SYSTEMPATH\CodeIgniter.php(351): CodeIgniter\CodeIgniter->handleRequest(null, Object(Config\Cache), false)
17 FCPATH\index.php(67): CodeIgniter\CodeIgniter->run()
CRITICAL - 2022-12-05 00:46:21 --> Undefined variable $menu_id
in APPPATH\Views\sidebar.php on line 27.
 1 APPPATH\Views\sidebar.php(27): CodeIgniter\Debug\Exceptions->errorHandler(2, 'Undefined variable $menu_id', 'APPPATH\\Views\\sidebar.php', 27)
 2 SYSTEMPATH\View\View.php(213): include('APPPATH\\Views\\sidebar.php')
 3 SYSTEMPATH\View\View.php(216): CodeIgniter\View\View->CodeIgniter\View\{closure}()
 4 SYSTEMPATH\Common.php(1134): CodeIgniter\View\View->render('sidebar', [], true)
 5 APPPATH\Views\header.php(16): view('sidebar')
 6 SYSTEMPATH\View\View.php(213): include('APPPATH\\Views\\header.php')
 7 SYSTEMPATH\View\View.php(216): CodeIgniter\View\View->CodeIgniter\View\{closure}()
 8 SYSTEMPATH\Common.php(1134): CodeIgniter\View\View->render('header', [], true)
 9 APPPATH\Views\roles\role.php(1): view('header')
10 SYSTEMPATH\View\View.php(213): include('APPPATH\\Views\\roles\\role.php')
11 SYSTEMPATH\View\View.php(216): CodeIgniter\View\View->CodeIgniter\View\{closure}()
12 SYSTEMPATH\Common.php(1134): CodeIgniter\View\View->render('roles/role', [], true)
13 APPPATH\Controllers\Roles.php(16): view('roles/role')
14 SYSTEMPATH\CodeIgniter.php(927): App\Controllers\Roles->index()
15 SYSTEMPATH\CodeIgniter.php(482): CodeIgniter\CodeIgniter->runController(Object(App\Controllers\Roles))
16 SYSTEMPATH\CodeIgniter.php(351): CodeIgniter\CodeIgniter->handleRequest(null, Object(Config\Cache), false)
17 FCPATH\index.php(67): CodeIgniter\CodeIgniter->run()
CRITICAL - 2022-12-05 00:47:11 --> Undefined array key "Url"
in APPPATH\Views\sidebar.php on line 46.
 1 APPPATH\Views\sidebar.php(46): CodeIgniter\Debug\Exceptions->errorHandler(2, 'Undefined array key "Url"', 'APPPATH\\Views\\sidebar.php', 46)
 2 SYSTEMPATH\View\View.php(213): include('APPPATH\\Views\\sidebar.php')
 3 SYSTEMPATH\View\View.php(216): CodeIgniter\View\View->CodeIgniter\View\{closure}()
 4 SYSTEMPATH\Common.php(1134): CodeIgniter\View\View->render('sidebar', [], true)
 5 APPPATH\Views\header.php(16): view('sidebar')
 6 SYSTEMPATH\View\View.php(213): include('APPPATH\\Views\\header.php')
 7 SYSTEMPATH\View\View.php(216): CodeIgniter\View\View->CodeIgniter\View\{closure}()
 8 SYSTEMPATH\Common.php(1134): CodeIgniter\View\View->render('header', [], true)
 9 APPPATH\Views\roles\role.php(1): view('header')
10 SYSTEMPATH\View\View.php(213): include('APPPATH\\Views\\roles\\role.php')
11 SYSTEMPATH\View\View.php(216): CodeIgniter\View\View->CodeIgniter\View\{closure}()
12 SYSTEMPATH\Common.php(1134): CodeIgniter\View\View->render('roles/role', [], true)
13 APPPATH\Controllers\Roles.php(16): view('roles/role')
14 SYSTEMPATH\CodeIgniter.php(927): App\Controllers\Roles->index()
15 SYSTEMPATH\CodeIgniter.php(482): CodeIgniter\CodeIgniter->runController(Object(App\Controllers\Roles))
16 SYSTEMPATH\CodeIgniter.php(351): CodeIgniter\CodeIgniter->handleRequest(null, Object(Config\Cache), false)
17 FCPATH\index.php(67): CodeIgniter\CodeIgniter->run()
CRITICAL - 2022-12-05 00:54:27 --> Unclosed '{' on line 24
in APPPATH\Views\sidebar.php on line 68.
 1 SYSTEMPATH\View\View.php(216): CodeIgniter\View\View->CodeIgniter\View\{closure}()
 2 SYSTEMPATH\Common.php(1134): CodeIgniter\View\View->render('sidebar', [], true)
 3 APPPATH\Views\header.php(16): view('sidebar')
 4 SYSTEMPATH\View\View.php(213): include('APPPATH\\Views\\header.php')
 5 SYSTEMPATH\View\View.php(216): CodeIgniter\View\View->CodeIgniter\View\{closure}()
 6 SYSTEMPATH\Common.php(1134): CodeIgniter\View\View->render('header', [], true)
 7 APPPATH\Views\roles\role.php(1): view('header')
 8 SYSTEMPATH\View\View.php(213): include('APPPATH\\Views\\roles\\role.php')
 9 SYSTEMPATH\View\View.php(216): CodeIgniter\View\View->CodeIgniter\View\{closure}()
10 SYSTEMPATH\Common.php(1134): CodeIgniter\View\View->render('roles/role', [], true)
11 APPPATH\Controllers\Roles.php(16): view('roles/role')
12 SYSTEMPATH\CodeIgniter.php(927): App\Controllers\Roles->index()
13 SYSTEMPATH\CodeIgniter.php(482): CodeIgniter\CodeIgniter->runController(Object(App\Controllers\Roles))
14 SYSTEMPATH\CodeIgniter.php(351): CodeIgniter\CodeIgniter->handleRequest(null, Object(Config\Cache), false)
15 FCPATH\index.php(67): CodeIgniter\CodeIgniter->run()
CRITICAL - 2022-12-05 00:54:59 --> Unclosed '{' on line 24
in APPPATH\Views\sidebar.php on line 70.
 1 SYSTEMPATH\View\View.php(216): CodeIgniter\View\View->CodeIgniter\View\{closure}()
 2 SYSTEMPATH\Common.php(1134): CodeIgniter\View\View->render('sidebar', [], true)
 3 APPPATH\Views\header.php(16): view('sidebar')
 4 SYSTEMPATH\View\View.php(213): include('APPPATH\\Views\\header.php')
 5 SYSTEMPATH\View\View.php(216): CodeIgniter\View\View->CodeIgniter\View\{closure}()
 6 SYSTEMPATH\Common.php(1134): CodeIgniter\View\View->render('header', [], true)
 7 APPPATH\Views\roles\role.php(1): view('header')
 8 SYSTEMPATH\View\View.php(213): include('APPPATH\\Views\\roles\\role.php')
 9 SYSTEMPATH\View\View.php(216): CodeIgniter\View\View->CodeIgniter\View\{closure}()
10 SYSTEMPATH\Common.php(1134): CodeIgniter\View\View->render('roles/role', [], true)
11 APPPATH\Controllers\Roles.php(16): view('roles/role')
12 SYSTEMPATH\CodeIgniter.php(927): App\Controllers\Roles->index()
13 SYSTEMPATH\CodeIgniter.php(482): CodeIgniter\CodeIgniter->runController(Object(App\Controllers\Roles))
14 SYSTEMPATH\CodeIgniter.php(351): CodeIgniter\CodeIgniter->handleRequest(null, Object(Config\Cache), false)
15 FCPATH\index.php(67): CodeIgniter\CodeIgniter->run()
CRITICAL - 2022-12-05 00:55:00 --> Unclosed '{' on line 24
in APPPATH\Views\sidebar.php on line 70.
 1 SYSTEMPATH\View\View.php(216): CodeIgniter\View\View->CodeIgniter\View\{closure}()
 2 SYSTEMPATH\Common.php(1134): CodeIgniter\View\View->render('sidebar', [], true)
 3 APPPATH\Views\header.php(16): view('sidebar')
 4 SYSTEMPATH\View\View.php(213): include('APPPATH\\Views\\header.php')
 5 SYSTEMPATH\View\View.php(216): CodeIgniter\View\View->CodeIgniter\View\{closure}()
 6 SYSTEMPATH\Common.php(1134): CodeIgniter\View\View->render('header', [], true)
 7 APPPATH\Views\roles\role.php(1): view('header')
 8 SYSTEMPATH\View\View.php(213): include('APPPATH\\Views\\roles\\role.php')
 9 SYSTEMPATH\View\View.php(216): CodeIgniter\View\View->CodeIgniter\View\{closure}()
10 SYSTEMPATH\Common.php(1134): CodeIgniter\View\View->render('roles/role', [], true)
11 APPPATH\Controllers\Roles.php(16): view('roles/role')
12 SYSTEMPATH\CodeIgniter.php(927): App\Controllers\Roles->index()
13 SYSTEMPATH\CodeIgniter.php(482): CodeIgniter\CodeIgniter->runController(Object(App\Controllers\Roles))
14 SYSTEMPATH\CodeIgniter.php(351): CodeIgniter\CodeIgniter->handleRequest(null, Object(Config\Cache), false)
15 FCPATH\index.php(67): CodeIgniter\CodeIgniter->run()
CRITICAL - 2022-12-05 00:55:23 --> Unclosed '{' on line 24
in APPPATH\Views\sidebar.php on line 70.
 1 SYSTEMPATH\View\View.php(216): CodeIgniter\View\View->CodeIgniter\View\{closure}()
 2 SYSTEMPATH\Common.php(1134): CodeIgniter\View\View->render('sidebar', [], true)
 3 APPPATH\Views\header.php(16): view('sidebar')
 4 SYSTEMPATH\View\View.php(213): include('APPPATH\\Views\\header.php')
 5 SYSTEMPATH\View\View.php(216): CodeIgniter\View\View->CodeIgniter\View\{closure}()
 6 SYSTEMPATH\Common.php(1134): CodeIgniter\View\View->render('header', [], true)
 7 APPPATH\Views\roles\role.php(1): view('header')
 8 SYSTEMPATH\View\View.php(213): include('APPPATH\\Views\\roles\\role.php')
 9 SYSTEMPATH\View\View.php(216): CodeIgniter\View\View->CodeIgniter\View\{closure}()
10 SYSTEMPATH\Common.php(1134): CodeIgniter\View\View->render('roles/role', [], true)
11 APPPATH\Controllers\Roles.php(16): view('roles/role')
12 SYSTEMPATH\CodeIgniter.php(927): App\Controllers\Roles->index()
13 SYSTEMPATH\CodeIgniter.php(482): CodeIgniter\CodeIgniter->runController(Object(App\Controllers\Roles))
14 SYSTEMPATH\CodeIgniter.php(351): CodeIgniter\CodeIgniter->handleRequest(null, Object(Config\Cache), false)
15 FCPATH\index.php(67): CodeIgniter\CodeIgniter->run()
CRITICAL - 2022-12-05 00:55:24 --> Unclosed '{' on line 24
in APPPATH\Views\sidebar.php on line 70.
 1 SYSTEMPATH\View\View.php(216): CodeIgniter\View\View->CodeIgniter\View\{closure}()
 2 SYSTEMPATH\Common.php(1134): CodeIgniter\View\View->render('sidebar', [], true)
 3 APPPATH\Views\header.php(16): view('sidebar')
 4 SYSTEMPATH\View\View.php(213): include('APPPATH\\Views\\header.php')
 5 SYSTEMPATH\View\View.php(216): CodeIgniter\View\View->CodeIgniter\View\{closure}()
 6 SYSTEMPATH\Common.php(1134): CodeIgniter\View\View->render('header', [], true)
 7 APPPATH\Views\roles\role.php(1): view('header')
 8 SYSTEMPATH\View\View.php(213): include('APPPATH\\Views\\roles\\role.php')
 9 SYSTEMPATH\View\View.php(216): CodeIgniter\View\View->CodeIgniter\View\{closure}()
10 SYSTEMPATH\Common.php(1134): CodeIgniter\View\View->render('roles/role', [], true)
11 APPPATH\Controllers\Roles.php(16): view('roles/role')
12 SYSTEMPATH\CodeIgniter.php(927): App\Controllers\Roles->index()
13 SYSTEMPATH\CodeIgniter.php(482): CodeIgniter\CodeIgniter->runController(Object(App\Controllers\Roles))
14 SYSTEMPATH\CodeIgniter.php(351): CodeIgniter\CodeIgniter->handleRequest(null, Object(Config\Cache), false)
15 FCPATH\index.php(67): CodeIgniter\CodeIgniter->run()
CRITICAL - 2022-12-05 00:56:16 --> Unclosed '{' on line 24
in APPPATH\Views\sidebar.php on line 70.
 1 SYSTEMPATH\View\View.php(216): CodeIgniter\View\View->CodeIgniter\View\{closure}()
 2 SYSTEMPATH\Common.php(1134): CodeIgniter\View\View->render('sidebar', [], true)
 3 APPPATH\Views\header.php(16): view('sidebar')
 4 SYSTEMPATH\View\View.php(213): include('APPPATH\\Views\\header.php')
 5 SYSTEMPATH\View\View.php(216): CodeIgniter\View\View->CodeIgniter\View\{closure}()
 6 SYSTEMPATH\Common.php(1134): CodeIgniter\View\View->render('header', [], true)
 7 APPPATH\Views\roles\role.php(1): view('header')
 8 SYSTEMPATH\View\View.php(213): include('APPPATH\\Views\\roles\\role.php')
 9 SYSTEMPATH\View\View.php(216): CodeIgniter\View\View->CodeIgniter\View\{closure}()
10 SYSTEMPATH\Common.php(1134): CodeIgniter\View\View->render('roles/role', [], true)
11 APPPATH\Controllers\Roles.php(16): view('roles/role')
12 SYSTEMPATH\CodeIgniter.php(927): App\Controllers\Roles->index()
13 SYSTEMPATH\CodeIgniter.php(482): CodeIgniter\CodeIgniter->runController(Object(App\Controllers\Roles))
14 SYSTEMPATH\CodeIgniter.php(351): CodeIgniter\CodeIgniter->handleRequest(null, Object(Config\Cache), false)
15 FCPATH\index.php(67): CodeIgniter\CodeIgniter->run()
CRITICAL - 2022-12-05 00:56:17 --> Unclosed '{' on line 24
in APPPATH\Views\sidebar.php on line 70.
 1 SYSTEMPATH\View\View.php(216): CodeIgniter\View\View->CodeIgniter\View\{closure}()
 2 SYSTEMPATH\Common.php(1134): CodeIgniter\View\View->render('sidebar', [], true)
 3 APPPATH\Views\header.php(16): view('sidebar')
 4 SYSTEMPATH\View\View.php(213): include('APPPATH\\Views\\header.php')
 5 SYSTEMPATH\View\View.php(216): CodeIgniter\View\View->CodeIgniter\View\{closure}()
 6 SYSTEMPATH\Common.php(1134): CodeIgniter\View\View->render('header', [], true)
 7 APPPATH\Views\roles\role.php(1): view('header')
 8 SYSTEMPATH\View\View.php(213): include('APPPATH\\Views\\roles\\role.php')
 9 SYSTEMPATH\View\View.php(216): CodeIgniter\View\View->CodeIgniter\View\{closure}()
10 SYSTEMPATH\Common.php(1134): CodeIgniter\View\View->render('roles/role', [], true)
11 APPPATH\Controllers\Roles.php(16): view('roles/role')
12 SYSTEMPATH\CodeIgniter.php(927): App\Controllers\Roles->index()
13 SYSTEMPATH\CodeIgniter.php(482): CodeIgniter\CodeIgniter->runController(Object(App\Controllers\Roles))
14 SYSTEMPATH\CodeIgniter.php(351): CodeIgniter\CodeIgniter->handleRequest(null, Object(Config\Cache), false)
15 FCPATH\index.php(67): CodeIgniter\CodeIgniter->run()
CRITICAL - 2022-12-05 00:56:46 --> Unclosed '{' on line 24
in APPPATH\Views\sidebar.php on line 70.
 1 SYSTEMPATH\View\View.php(216): CodeIgniter\View\View->CodeIgniter\View\{closure}()
 2 SYSTEMPATH\Common.php(1134): CodeIgniter\View\View->render('sidebar', [], true)
 3 APPPATH\Views\header.php(16): view('sidebar')
 4 SYSTEMPATH\View\View.php(213): include('APPPATH\\Views\\header.php')
 5 SYSTEMPATH\View\View.php(216): CodeIgniter\View\View->CodeIgniter\View\{closure}()
 6 SYSTEMPATH\Common.php(1134): CodeIgniter\View\View->render('header', [], true)
 7 APPPATH\Views\roles\role.php(1): view('header')
 8 SYSTEMPATH\View\View.php(213): include('APPPATH\\Views\\roles\\role.php')
 9 SYSTEMPATH\View\View.php(216): CodeIgniter\View\View->CodeIgniter\View\{closure}()
10 SYSTEMPATH\Common.php(1134): CodeIgniter\View\View->render('roles/role', [], true)
11 APPPATH\Controllers\Roles.php(16): view('roles/role')
12 SYSTEMPATH\CodeIgniter.php(927): App\Controllers\Roles->index()
13 SYSTEMPATH\CodeIgniter.php(482): CodeIgniter\CodeIgniter->runController(Object(App\Controllers\Roles))
14 SYSTEMPATH\CodeIgniter.php(351): CodeIgniter\CodeIgniter->handleRequest(null, Object(Config\Cache), false)
15 FCPATH\index.php(67): CodeIgniter\CodeIgniter->run()
CRITICAL - 2022-12-05 00:57:19 --> Unclosed '{' on line 25
in APPPATH\Views\sidebar.php on line 71.
 1 SYSTEMPATH\View\View.php(216): CodeIgniter\View\View->CodeIgniter\View\{closure}()
 2 SYSTEMPATH\Common.php(1134): CodeIgniter\View\View->render('sidebar', [], true)
 3 APPPATH\Views\header.php(16): view('sidebar')
 4 SYSTEMPATH\View\View.php(213): include('APPPATH\\Views\\header.php')
 5 SYSTEMPATH\View\View.php(216): CodeIgniter\View\View->CodeIgniter\View\{closure}()
 6 SYSTEMPATH\Common.php(1134): CodeIgniter\View\View->render('header', [], true)
 7 APPPATH\Views\roles\role.php(1): view('header')
 8 SYSTEMPATH\View\View.php(213): include('APPPATH\\Views\\roles\\role.php')
 9 SYSTEMPATH\View\View.php(216): CodeIgniter\View\View->CodeIgniter\View\{closure}()
10 SYSTEMPATH\Common.php(1134): CodeIgniter\View\View->render('roles/role', [], true)
11 APPPATH\Controllers\Roles.php(16): view('roles/role')
12 SYSTEMPATH\CodeIgniter.php(927): App\Controllers\Roles->index()
13 SYSTEMPATH\CodeIgniter.php(482): CodeIgniter\CodeIgniter->runController(Object(App\Controllers\Roles))
14 SYSTEMPATH\CodeIgniter.php(351): CodeIgniter\CodeIgniter->handleRequest(null, Object(Config\Cache), false)
15 FCPATH\index.php(67): CodeIgniter\CodeIgniter->run()
