CRITICAL - 2023-01-22 23:00:06 --> You must set the database table to be used with your query.
in SYSTEMPATH\Database\BaseConnection.php on line 845.
 1 SYSTEMPATH\Model.php(587): CodeIgniter\Database\BaseConnection->table(null)
 2 SYSTEMPATH\Model.php(764): CodeIgniter\Model->builder()
 3 APPPATH\Controllers\Catlog.php(126): CodeIgniter\Model->__call('display_products', [])
 4 SYSTEMPATH\CodeIgniter.php(927): App\Controllers\Catlog->display_products()
 5 SYSTEMPATH\CodeIgniter.php(482): CodeIgniter\CodeIgniter->runController(Object(App\Controllers\Catlog))
 6 SYSTEMPATH\CodeIgniter.php(351): CodeIgniter\CodeIgniter->handleRequest(null, Object(Config\Cache), false)
 7 FCPATH\index.php(67): CodeIgniter\CodeIgniter->run()
CRITICAL - 2023-01-22 23:07:47 --> Invalid file: Products/add_product.php
in SYSTEMPATH\Exceptions\FrameworkException.php on line 33.
 1 SYSTEMPATH\View\View.php(201): CodeIgniter\Exceptions\FrameworkException::forInvalidFile('Products/add_product.php')
 2 SYSTEMPATH\Common.php(1134): CodeIgniter\View\View->render('Products/add_product', [], true)
 3 APPPATH\Controllers\Catlog.php(140): view('Products/add_product', [...])
 4 SYSTEMPATH\CodeIgniter.php(927): App\Controllers\Catlog->product()
 5 SYSTEMPATH\CodeIgniter.php(482): CodeIgniter\CodeIgniter->runController(Object(App\Controllers\Catlog))
 6 SYSTEMPATH\CodeIgniter.php(351): CodeIgniter\CodeIgniter->handleRequest(null, Object(Config\Cache), false)
 7 FCPATH\index.php(67): CodeIgniter\CodeIgniter->run()
CRITICAL - 2023-01-22 23:30:01 --> Cannot redeclare App\Models\Catlog_model::attribute_name()
in APPPATH\Models\Catlog_model.php on line 357.
 1 [internal function]: CodeIgniter\Debug\Exceptions->shutdownHandler()
CRITICAL - 2023-01-22 23:30:55 --> Cannot redeclare App\Models\Catlog_model::display_attribute_variation()
in APPPATH\Models\Catlog_model.php on line 361.
 1 [internal function]: CodeIgniter\Debug\Exceptions->shutdownHandler()
